2017-06-12 21:25:18.457045 UTC - MainThread - INFO - Logger Initialized
2017-06-12 21:25:23.654665 UTC - adsb_thread - INFO - 279e5ca7988932 931ba1 2.02371e-07 0 0.02984475
2017-06-12 21:25:23.755523 UTC - adsb_thread - INFO - 36d2dc59d6b0f3 66fdeb 2.144211066e-07 0 0.084845
2017-06-12 21:25:23.756895 UTC - adsb_thread - INFO - eb149a6b7a05df bab7aa 1.868289132e-07 0 0.090284
2017-06-12 21:25:23.856093 UTC - adsb_thread - INFO - e3fd2cff49eb85 6bcefd 2.154882992e-07 0 0.1624175
2017-06-12 21:25:23.957064 UTC - adsb_thread - INFO - 527ad9c7572212 c797fb 2.042339986e-07 0 0.21921475
2017-06-12 21:25:23.958063 UTC - adsb_thread - INFO - b88f483a23fc2a 15eac7 3.042506478e-07 0 0.272393
2017-06-12 21:25:23.958839 UTC - adsb_thread - INFO - 9a2ad8c4e8989f 80d7e7 1.8461688e-07 0 0.30140175
2017-06-12 21:25:24.057543 UTC - adsb_thread - INFO - 092c76f1a7aeb8 4cab85 1.987913265e-07 0 0.31509775
2017-06-12 21:25:24.058522 UTC - adsb_thread - INFO - af9ba6dd705214cc00cf0c8435b2 732811 2.129559959e-07 0 0.3203535
2017-06-12 21:25:24.059331 UTC - adsb_thread - INFO - e4b5410e3e3b93 d57d52 2.288670089e-07 0 0.39958
2017-06-12 21:25:24.158817 UTC - adsb_thread - INFO - aef0fa830e00f8057bfb348e9fd7 3e1996 3.81098971e-07 0 0.40236
2017-06-12 21:25:24.159801 UTC - adsb_thread - INFO - adbfe7537a3bb30c05a0af2ee546 70fcaa 1.696274836e-07 0 0.44259525
2017-06-12 21:25:24.259368 UTC - adsb_thread - INFO - 849b79c402dbe838344e01d6cf9e 95786d 1.562097509e-07 0 0.59576075
2017-06-12 21:25:24.260400 UTC - adsb_thread - INFO - f8124785938df3 9a0f39 1.959778047e-07 0 0.6402
2017-06-12 21:25:24.360108 UTC - adsb_thread - INFO - 32dd6d7ad83ead 5fa139 2.205330816e-07 0 0.69857475
2017-06-12 21:25:24.461339 UTC - adsb_thread - INFO - 193670734d7001 92c556 2.183308965e-07 0 0.76029875
2017-06-12 21:25:24.462313 UTC - adsb_thread - INFO - ac1655530c17dc43fd6c98713e7a 9017b6 2.249960716e-07 0 0.8236025
2017-06-12 21:25:24.463141 UTC - adsb_thread - INFO - 71e10d844d316e cf661f 3.004572022e-07 0 0.8439655
2017-06-12 21:25:24.463951 UTC - adsb_thread - INFO - aa704baa918470c0553a84080cb0 a7d0d9 2.551397529e-07 0 0.85956475
2017-06-12 21:25:24.562070 UTC - adsb_thread - INFO - 53ee60b13bf862 dbcae9 3.283790875e-07 0 0.880907
2017-06-12 21:25:24.563003 UTC - adsb_thread - INFO - 4ce925101ea87c a012d8 3.151458543e-07 0 0.8958775
2017-06-12 21:25:24.662588 UTC - adsb_thread - INFO - 2da97b4e9ba899 306f3f 2.261698597e-07 0 0.9502095
2017-06-12 21:25:24.763588 UTC - adsb_thread - INFO - 4705f5748d500b f4bac1 3.111194928e-07 1 0.04885575
2017-06-12 21:25:24.764524 UTC - adsb_thread - INFO - 1ef7833ece6eac 1a2c70 3.658283561e-07 1 0.10133475
2017-06-12 21:25:24.765256 UTC - adsb_thread - INFO - 2e9496e940d915 5f9ad9 2.351054746e-07 1 0.11357825
2017-06-12 21:25:24.964522 UTC - adsb_thread - INFO - 6c607820c15690 adde75 3.180660997e-07 1 0.1387255
2017-06-12 21:25:25.065286 UTC - adsb_thread - INFO - ed78fb509a245a 86963f 2.993220392e-07 1 0.369605
2017-06-12 21:25:25.066251 UTC - adsb_thread - INFO - 37b3ee6dd91b78 43655e 1.933776161e-07 1 0.390772
2017-06-12 21:25:25.166152 UTC - adsb_thread - INFO - 561aed5186e8d2 974430 1.966957655e-07 1 0.4445325
2017-06-12 21:25:25.169003 UTC - adsb_thread - INFO - 2d39b21ff6c6ce 6d2fd2 2.008287083e-07 1 0.542146
2017-06-12 21:25:25.266666 UTC - adsb_thread - INFO - 41077679d28fc4 5c7891 1.563746252e-07 1 0.571677
2017-06-12 21:25:25.367322 UTC - adsb_thread - INFO - ee032b37074996 953064 2.055729453e-07 1 0.74615
2017-06-12 21:25:25.467928 UTC - adsb_thread - INFO - 9313f2da6b1bdc 217e86 2.596802915e-07 1 0.771216
2017-06-12 21:25:25.468881 UTC - adsb_thread - INFO - 166d48deca6cf9 1edc25 4.017058473e-07 1 0.77747575
2017-06-12 21:25:25.568817 UTC - adsb_thread - INFO - 33eb7af9b215d8 98a0f2 1.660862949e-07 1 0.851145
2017-06-12 21:25:25.570008 UTC - adsb_thread - INFO - fe233eb5dc332e 650685 1.378539167e-07 1 0.88489125
2017-06-12 21:25:25.571249 UTC - adsb_thread - INFO - aeef367b675bc5ac86b99a82d068 1db2a6 2.935592249e-07 1 0.9343725
2017-06-12 21:25:25.671980 UTC - adsb_thread - INFO - e838dd93415da3 b21b30 2.78890127e-07 1 0.98434625
2017-06-12 21:25:25.673017 UTC - adsb_thread - INFO - a66ceaeb1a27abba4a7c183ff228 940c65 1.542791495e-07 2 0.0096685
2017-06-12 21:25:25.772519 UTC - adsb_thread - INFO - cfda0886f764db c5c9ab 2.589330563e-07 2 0.021917
2017-06-12 21:25:25.873265 UTC - adsb_thread - INFO - 7e6c9eb179ba28 c31162 2.397525805e-07 2 0.1228905
2017-06-12 21:25:25.973944 UTC - adsb_thread - INFO - 0ab8ccd5d88075 0591af 2.525493983e-07 2 0.23097325
2017-06-12 21:25:26.074270 UTC - adsb_thread - INFO - 2ae412b296b4f9 091ff0 3.134092026e-07 2 0.465626
2017-06-12 21:25:26.174870 UTC - adsb_thread - INFO - 86a4e7d14c0c800dea6962d8a406 9335ed 1.956479139e-07 2 0.4774375
2017-06-12 21:25:26.175881 UTC - adsb_thread - INFO - a39e5232a467ff01b25d64bf0642 92b916 1.964046561e-07 2 0.482077
2017-06-12 21:25:26.176637 UTC - adsb_thread - INFO - 1744357a384f51 03b463 3.932846653e-07 2 0.533606
2017-06-12 21:25:26.177344 UTC - adsb_thread - INFO - a479e4c446e4168d85f0a6b40985 be09c8 1.877990741e-07 2 0.5439845
2017-06-12 21:25:26.276013 UTC - adsb_thread - INFO - 82bebbf924ceaf88b72204b32524 da3b72 2.347463806e-07 2 0.58405475
2017-06-12 21:25:26.376536 UTC - adsb_thread - INFO - 452172f9ce8f5f b93829 1.602069233e-07 2 0.63670425
2017-06-12 21:25:26.377474 UTC - adsb_thread - INFO - 1dad19e760aeee 640336 3.0979038e-07 2 0.67407225
2017-06-12 21:25:26.378251 UTC - adsb_thread - INFO - ab387d10cef5e10b8cdb97cd91cb 205937 2.041080052e-07 2 0.72082425
2017-06-12 21:25:26.378960 UTC - adsb_thread - INFO - 1e28abbec08620 afdd15 2.94015166e-07 2 0.74676925
2017-06-12 21:25:26.477655 UTC - adsb_thread - INFO - 6402b584d12f19 0ca564 2.413145523e-07 2 0.77442525
2017-06-12 21:25:26.578258 UTC - adsb_thread - INFO - abefffb54847f80bcfadc92cdede 925a48 2.205235319e-07 2 0.81355025
2017-06-12 21:25:26.579213 UTC - adsb_thread - INFO - 9fcc2bc50372c1 50aa40 1.712282938e-07 2 0.8611945
2017-06-12 21:25:26.581547 UTC - adsb_thread - INFO - 31ec5334504f3d b7310c 2.129269205e-07 2 0.91475625
2017-06-12 21:25:26.679569 UTC - adsb_thread - INFO - efebd11a7e5411 45fcb2 2.720403529e-07 2 0.92354175
2017-06-12 21:25:26.680519 UTC - adsb_thread - INFO - a827432684c783e381a0e78180e5 345e42 2.374435297e-07 3 3.375e-05
2017-06-12 21:25:26.780029 UTC - adsb_thread - INFO - 02aa9ed832d1cb f6c553 2.751062596e-07 3 0.09734925
2017-06-12 21:25:26.781076 UTC - adsb_thread - INFO - 50b03b8e3b30ed b249ed 2.642498202e-07 3 0.115197
2017-06-12 21:25:26.781922 UTC - adsb_thread - INFO - 4a0044285dadb0 107efe 2.544994686e-07 3 0.123584
2017-06-12 21:25:26.880963 UTC - adsb_thread - INFO - 43299992e3d3dd 26b558 2.035839941e-07 3 0.180739
2017-06-12 21:25:26.981538 UTC - adsb_thread - INFO - f442ecab4c0b0e b96507 3.085485503e-07 3 0.31128925
2017-06-12 21:25:27.082080 UTC - adsb_thread - INFO - dba0489ca2699b 9b36d0 1.452855116e-07 3 0.35766975
2017-06-12 21:25:27.083077 UTC - adsb_thread - INFO - 93f679972e0f07 1c3a59 1.975106159e-07 3 0.38596
2017-06-12 21:25:27.083952 UTC - adsb_thread - INFO - a43abb1384accb23785daf8cac59 379471 1.717812239e-07 3 0.4627045
2017-06-12 21:25:27.182996 UTC - adsb_thread - INFO - cb48538dce4dd5 7e4f3a 4.219634775e-07 3 0.4675715
2017-06-12 21:25:27.184006 UTC - adsb_thread - INFO - 6967a16013bdd0 c2b23b 3.931779133e-07 3 0.48205925
2017-06-12 21:25:27.184898 UTC - adsb_thread - INFO - a673f81e73ce68a14f813e3a9b82 042901 2.531508017e-07 3 0.52329475
2017-06-12 21:25:27.284215 UTC - adsb_thread - INFO - bd792eed13501c e827e9 1.866930859e-07 3 0.58156025
2017-06-12 21:25:27.285171 UTC - adsb_thread - INFO - a494b35685cb673cecdf28164c3a c6ffb2 2.020704812e-07 3 0.59736825
2017-06-12 21:25:27.485016 UTC - adsb_thread - INFO - 2d3c8d8723d207 01f8a3 1.819682467e-07 3 0.70349375
2017-06-12 21:25:27.485959 UTC - adsb_thread - INFO - 037f7699572398 0830af 2.456415586e-07 3 0.79673775
2017-06-12 21:25:27.586041 UTC - adsb_thread - INFO - 1612a88f6698af a82c59 1.744687097e-07 3 0.87941125
2017-06-12 21:25:27.586969 UTC - adsb_thread - INFO - d1de121e5907eb 301abb 3.827968555e-07 3 0.99271975
2017-06-12 21:25:27.686814 UTC - adsb_thread - INFO - d9ea84dc9dcccf c2daac 2.754748891e-07 4 0.00692225
2017-06-12 21:25:27.687809 UTC - adsb_thread - INFO - 07d8386ce1b5ca 4da717 3.062008602e-07 4 0.0302285
2017-06-12 21:25:27.787670 UTC - adsb_thread - INFO - 0c70491d6bcb02 8b55ad 2.764255953e-07 4 0.113333
2017-06-12 21:25:27.788594 UTC - adsb_thread - INFO - e55ec418f47f47 a67599 1.932806128e-07 4 0.1663505
2017-06-12 21:25:27.888495 UTC - adsb_thread - INFO - 374a0504829ea6 a73205 1.799406419e-07 4 0.1729185
2017-06-12 21:25:27.889460 UTC - adsb_thread - INFO - a59f33d71d16671349791a5ef5c9 3d9096 2.011100548e-07 4 0.25294275
2017-06-12 21:25:27.989324 UTC - adsb_thread - INFO - 50cd86206f78d8 c7ae62 2.447102929e-07 4 0.2857815
2017-06-12 21:25:27.990252 UTC - adsb_thread - INFO - 514cac8f5ad96c 957658 3.110128546e-07 4 0.374056
2017-06-12 21:25:28.090162 UTC - adsb_thread - INFO - ecd72f89925b34 e37462 2.749218595e-07 4 0.38095425
2017-06-12 21:25:28.091570 UTC - adsb_thread - INFO - 68fef24a18ae84 39819d 2.221631377e-07 4 0.40627025
2017-06-12 21:25:28.190893 UTC - adsb_thread - INFO - 852d721bc946fe62d6eaacc2b7d3 55ae9b 2.058833388e-07 4 0.4798275
2017-06-12 21:25:28.291455 UTC - adsb_thread - INFO - 1e5382b883ee9d c6aaac 2.32049274e-07 4 0.59686375
2017-06-12 21:25:28.393799 UTC - adsb_thread - INFO - 27fd6f2a79b610 9fec21 3.123806493e-07 4 0.6096665
2017-06-12 21:25:28.394745 UTC - adsb_thread - INFO - f5230a1c56f05d 2c358e 2.781914077e-07 4 0.667716
2017-06-12 21:25:28.594499 UTC - adsb_thread - INFO - 08b9bd8645f5b8 9258b4 2.789190319e-07 4 0.7603345
2017-06-12 21:25:28.695016 UTC - adsb_thread - INFO - 354111ccc0b01c 16231e 4.496233998e-07 4 0.99101975
2017-06-12 21:25:28.695971 UTC - adsb_thread - INFO - 74b8f4ee180116 0ddf6b 2.964114572e-07 5 0.02393475
2017-06-12 21:25:28.796357 UTC - adsb_thread - INFO - d3e4905489b8cb bc89bd 2.291095456e-07 5 0.08472675
2017-06-12 21:25:28.797342 UTC - adsb_thread - INFO - 9b1fd4184434d1 e94ca4 1.800958103e-07 5 0.1315835
2017-06-12 21:25:28.801704 UTC - adsb_thread - INFO - 98a9a3dcd9afd6 da9c49 1.978600466e-07 5 0.13615575
2017-06-12 21:25:28.802588 UTC - adsb_thread - INFO - 997083d3a5d99e 923db5 3.345786581e-07 5 0.1464915
2017-06-12 21:25:28.896879 UTC - adsb_thread - INFO - 051f5ded379d3e 01a12f 3.978930465e-07 5 0.16502975
2017-06-12 21:25:28.897878 UTC - adsb_thread - INFO - 98bf434235a7d5 7b47ba 3.048037058e-07 5 0.187403
2017-06-12 21:25:28.898747 UTC - adsb_thread - INFO - aec2cdc9c2e15a9a30800ef35fd9 ebbe97 1.715869047e-07 5 0.24294125
2017-06-12 21:25:28.997795 UTC - adsb_thread - INFO - 93acb07d6dc4eb 8396ac 2.424884826e-07 5 0.3379075
2017-06-12 21:25:29.098357 UTC - adsb_thread - INFO - 95b7c57c82df90 5ac374 2.209213221e-07 5 0.38622925
2017-06-12 21:25:29.099381 UTC - adsb_thread - INFO - ebd72d3191772b 29e600 1.776607661e-07 5 0.44194125
2017-06-12 21:25:29.199234 UTC - adsb_thread - INFO - 3088900f669762 3bf6df 1.617592602e-07 5 0.5162765
2017-06-12 21:25:29.400308 UTC - adsb_thread - INFO - 0220ae05b11d63 cf42fe 2.055729453e-07 5 0.59450275
2017-06-12 21:25:29.401300 UTC - adsb_thread - INFO - 1b20faf726c83c cd6389 2.202810094e-07 5 0.77167575
2017-06-12 21:25:29.501023 UTC - adsb_thread - INFO - a3699e7c60f43e22ed0d82a7784c 84350e 2.599712445e-07 5 0.778216
2017-06-12 21:25:29.501926 UTC - adsb_thread - INFO - 202a3c84dfa1b3 fe49b0 3.117403651e-07 5 0.83595875
2017-06-12 21:25:29.502634 UTC - adsb_thread - INFO - 2796ee694f75e8 1503bf 2.434683779e-07 5 0.88997
2017-06-12 21:25:29.602075 UTC - adsb_thread - INFO - e4a5274e8b1d9a d87d30 2.760958182e-07 5 0.925547
2017-06-12 21:25:29.603028 UTC - adsb_thread - INFO - a9ee20564d9c5e81f182f2a61607 2fd76d 1.780584284e-07 5 0.98063025
2017-06-12 21:25:29.702861 UTC - adsb_thread - INFO - a477e9127903e0d4ba2da0e038ab 11448b 1.757784815e-07 6 0.0186355
2017-06-12 21:25:29.703794 UTC - adsb_thread - INFO - 6839d7100d7511 66fb76 1.589263547e-07 6 0.0290135
2017-06-12 21:25:29.803349 UTC - adsb_thread - INFO - d65ef04a84b7ed 70c018 1.839959509e-07 6 0.1268385
2017-06-12 21:25:29.804706 UTC - adsb_thread - INFO - c2dc5e2f2444f4 5f388b 2.011003772e-07 6 0.13085425
2017-06-12 21:25:29.805521 UTC - adsb_thread - INFO - 87a6157811a6607aa8efe8ab6a22 3c1a05 2.158763124e-07 6 0.13360325
2017-06-12 21:25:29.806260 UTC - adsb_thread - INFO - 1291300d4c281d bfaf36 2.278677584e-07 6 0.1363525
2017-06-12 21:25:29.904537 UTC - adsb_thread - INFO - 11241885c11f10 4f78ba 2.005376416e-07 6 0.27522925
2017-06-12 21:25:30.005106 UTC - adsb_thread - INFO - 356a803d401bd3 46bf56 2.072222003e-07 6 0.3012325
2017-06-12 21:25:30.006073 UTC - adsb_thread - INFO - ac2eac39d599cb38fc2410594cb4 851543 2.681596243e-07 6 0.311483
2017-06-12 21:25:30.307172 UTC - adsb_thread - INFO - 9abf47c9e96ea7 30dcd0 2.988466292e-07 6 0.48878675
2017-06-12 21:25:30.308123 UTC - adsb_thread - INFO - a7100948202d755f560c3844ada0 9f8139 1.744979272e-07 6 0.5984025
2017-06-12 21:25:30.308856 UTC - adsb_thread - INFO - 56d3b885076e25 bb7ead 2.103268173e-07 6 0.62266775
2017-06-12 21:25:30.309524 UTC - adsb_thread - INFO - 9b1dadd81a9850 74b89c 2.922979263e-07 6 0.644548
2017-06-12 21:25:30.508267 UTC - adsb_thread - INFO - 7ac09b3043af0a 6eb3cd 2.216488895e-07 6 0.73332525
2017-06-12 21:25:30.509211 UTC - adsb_thread - INFO - 9bf832e344fa97 88e27a 1.759336925e-07 6 0.83580725
2017-06-12 21:25:30.609100 UTC - adsb_thread - INFO - 3f129abe469458 bff75b 2.84817844e-07 6 0.86521175
2017-06-12 21:25:30.610063 UTC - adsb_thread - INFO - 8632402c87966267150737674079 d157a2 2.350859631e-07 6 0.90421525
2017-06-12 21:25:30.709890 UTC - adsb_thread - INFO - f556a9f529acf9 54aedc 2.594667876e-07 7 0.0424895
2017-06-12 21:25:30.710897 UTC - adsb_thread - INFO - c0640510e69c03 d62ff4 1.898559248e-07 7 0.0641525
2017-06-12 21:25:30.810377 UTC - adsb_thread - INFO - 134b0be9fc0ed6 555c64 3.221796874e-07 7 0.09708925
2017-06-12 21:25:30.811433 UTC - adsb_thread - INFO - 6d7621679411df 3cbb29 1.641751055e-07 7 0.16077125
2017-06-12 21:25:30.812318 UTC - adsb_thread - INFO - af567f2f93c2427598d68adfd49d 5aef8e 2.675484154e-07 7 0.179874
2017-06-12 21:25:30.911677 UTC - adsb_thread - INFO - 42d5144d927528 995ba0 2.628333391e-07 7 0.18988875
2017-06-12 21:25:30.912642 UTC - adsb_thread - INFO - 521147141c72a9 8d99be 2.745822769e-07 7 0.2768055
2017-06-12 21:25:31.112787 UTC - adsb_thread - INFO - 1a07fadf79c850 dc7e84 2.808012027e-07 7 0.318292
2017-06-12 21:25:31.113746 UTC - adsb_thread - INFO - 868baa1f5f3da3dac7109d485746 b922af 2.016047773e-07 7 0.44243875
2017-06-12 21:25:31.213546 UTC - adsb_thread - INFO - 719347b7f091c3 959833 3.63490301e-07 7 0.49906025
2017-06-12 21:25:31.214481 UTC - adsb_thread - INFO - b4d31726e7d90d 16df63 2.404898964e-07 7 0.51171
2017-06-12 21:25:31.314074 UTC - adsb_thread - INFO - 36fed0295f812e b9bb1b 3.918875962e-07 7 0.63543725
2017-06-12 21:25:31.315026 UTC - adsb_thread - INFO - a82e58568822143bf060ce96efd3 dba7ab 1.582568956e-07 7 0.67029425
2017-06-12 21:25:31.414948 UTC - adsb_thread - INFO - da3d9b5363a0f5 9e1643 1.926403712e-07 7 0.6765675
2017-06-12 21:25:31.615761 UTC - adsb_thread - INFO - 188ce0bbfb548b 151779 2.746016889e-07 7 0.9163485
2017-06-12 21:25:31.616755 UTC - adsb_thread - INFO - a0d68c6af18dc5e61ecdcdad7d6c 2be120 2.570024833e-07 7 0.95217025
2017-06-12 21:25:31.617489 UTC - adsb_thread - INFO - 193d316c75b958 5f17c6 1.967636081e-07 7 0.97529675
2017-06-12 21:25:31.618167 UTC - adsb_thread - INFO - 0a4d76a3d8b04b 8e9d1a 1.876243374e-07 7 0.98001325
2017-06-12 21:25:31.717700 UTC - adsb_thread - INFO - 99e3d557f23eb2 5ba503 1.494088906e-07 8 0.00026775
2017-06-12 21:25:31.718632 UTC - adsb_thread - INFO - 57796f6e1ba3f9 e380f4 2.01847314e-07 8 0.02882125
2017-06-12 21:25:31.719399 UTC - adsb_thread - INFO - ad9aec8e4e55bd526139604f004a 4c28f7 1.937366392e-07 8 0.0783615
2017-06-12 21:25:31.720072 UTC - adsb_thread - INFO - 45a7ef51164362 fe2187 1.875274052e-07 8 0.08578625
2017-06-12 21:25:31.918532 UTC - adsb_thread - INFO - 699a04fa3c36fe b73f5c 2.110641049e-07 8 0.192627
2017-06-12 21:25:31.919518 UTC - adsb_thread - INFO - 9a9651aa7119cc b7fe19 1.984807199e-07 8 0.246942
2017-06-12 21:25:31.920281 UTC - adsb_thread - INFO - 926ac861ca0770 917d84 2.859335098e-07 8 0.25579525
2017-06-12 21:25:31.921058 UTC - adsb_thread - INFO - 945fabeb3330c0 65488e 2.046899539e-07 8 0.265631
2017-06-12 21:25:31.921844 UTC - adsb_thread - INFO - f0bd12760777e4 1e3bbc 3.22024249e-07 8 0.29593
2017-06-12 21:25:32.019939 UTC - adsb_thread - INFO - a181c43d31f2caf214d98849b5fe c81c8d 1.752836738e-07 8 0.3055715
2017-06-12 21:25:32.120537 UTC - adsb_thread - INFO - a1ff39076db5af3f8f0bfd2cd596 d650c6 2.857588584e-07 8 0.36311275
2017-06-12 21:25:32.221479 UTC - adsb_thread - INFO - 0db2b31cb25196 cae121 2.929090783e-07 8 0.52745725
2017-06-12 21:25:32.222417 UTC - adsb_thread - INFO - d4b54714213585 d17d9f 1.984225833e-07 8 0.54033125
2017-06-12 21:25:32.223154 UTC - adsb_thread - INFO - f8f9148f1f532e c5a51c 2.150613057e-07 8 0.5459675
2017-06-12 21:25:32.322589 UTC - adsb_thread - INFO - 7c3adca79d40e7 6b0328 2.68285703e-07 8 0.571506
2017-06-12 21:25:32.323531 UTC - adsb_thread - INFO - 1c3715129870a1 4758ea 3.077335577e-07 8 0.60439675
2017-06-12 21:25:32.324315 UTC - adsb_thread - INFO - c566ecdad02641 be6143 2.874954816e-07 8 0.64923675
2017-06-12 21:25:32.423057 UTC - adsb_thread - INFO - 815a23de7eb8c5125acb4bbd6a08 8ce061 1.864507908e-07 8 0.77290025
2017-06-12 21:25:32.523942 UTC - adsb_thread - INFO - 20ce2acc9b3a86 6f055b 3.010488854e-07 8 0.8237085
2017-06-12 21:25:32.524876 UTC - adsb_thread - INFO - 4a31895660b947 79bf8e 2.408197588e-07 8 0.90121625
2017-06-12 21:25:32.525638 UTC - adsb_thread - INFO - abb65c6997768d8eae5e755cf924 fbb380 1.775830469e-07 8 0.9084285
2017-06-12 21:25:32.625092 UTC - adsb_thread - INFO - 819063d19ba950ba46d1477586d4 d0567b 2.481930892e-07 8 0.91765175
2017-06-12 21:25:32.627294 UTC - adsb_thread - INFO - 2500a27ea6b08a 7b67ae 1.716843201e-07 9 0.000909
2017-06-12 21:25:32.628165 UTC - adsb_thread - INFO - fb9f8d54495e42 9086da 2.377636577e-07 9 0.00242925
2017-06-12 21:25:32.825746 UTC - adsb_thread - INFO - 2afb469e33d077 9b5f59 2.170211673e-07 9 0.0809985
2017-06-12 21:25:32.826704 UTC - adsb_thread - INFO - 2d3909a246a1e4 6125ae 2.529859842e-07 9 0.09105175
2017-06-12 21:25:32.926503 UTC - adsb_thread - INFO - 990dbd8c20a363 27be97 3.117017116e-07 9 0.124992
2017-06-12 21:25:33.027094 UTC - adsb_thread - INFO - bd4bd3aa57041d cee3a8 1.656302828e-07 9 0.314563
2017-06-12 21:25:33.028044 UTC - adsb_thread - INFO - 07134f87efc715 291f09 3.03037865e-07 9 0.3207945
2017-06-12 21:25:33.128505 UTC - adsb_thread - INFO - b561a510f283a5 7b7ee6 2.550330578e-07 9 0.43130975
2017-06-12 21:25:33.129474 UTC - adsb_thread - INFO - a2a9ffacd213feba25d7e26ca850 36eed8 1.186344889e-07 9 0.457027
2017-06-12 21:25:33.130260 UTC - adsb_thread - INFO - dd4aea444f5322 01d3e6 2.684701599e-07 9 0.4578125
2017-06-12 21:25:33.229410 UTC - adsb_thread - INFO - cea6f0a262e532 1a17cf 2.484066215e-07 9 0.49370525
2017-06-12 21:25:33.230368 UTC - adsb_thread - INFO - a2eb1bbfab0ca9d67d9d0c9ec1c3 39eaed 1.86654205e-07 9 0.5382745
2017-06-12 21:25:33.231238 UTC - adsb_thread - INFO - 1a2bc353693de6 77b704 1.934261888e-07 9 0.5462845
2017-06-12 21:25:33.232065 UTC - adsb_thread - INFO - 6782eaefa7fe90 d7b189 3.199677394e-07 9 0.6043605
2017-06-12 21:25:33.430344 UTC - adsb_thread - INFO - 38c0f47a7bacc1 e51d9b 2.107633748e-07 9 0.619613
2017-06-12 21:25:33.530976 UTC - adsb_thread - INFO - 6eed00e5558e16 f9ee31 2.432840347e-07 9 0.79676175
2017-06-12 21:25:33.631495 UTC - adsb_thread - INFO - b19867740a38fd 2c7bad 2.599130653e-07 9 0.9317215
2017-06-12 21:25:33.632475 UTC - adsb_thread - INFO - 80e67178d13cfa6a3557a49ce8b0 5affc7 2.253356683e-07 10 0.005881
2017-06-12 21:25:33.732401 UTC - adsb_thread - INFO - 2149f36388cc67 7e610d 3.375280073e-07 10 0.01840675
2017-06-12 21:25:33.832934 UTC - adsb_thread - INFO - d7a48918cd07af 40497d 2.716232359e-07 10 0.02865425
2017-06-12 21:25:34.033993 UTC - adsb_thread - INFO - 7cd41098184268 ba99e9 2.700320749e-07 10 0.297401
2017-06-12 21:25:34.134480 UTC - adsb_thread - INFO - 16f278f4d5c07b a68e1b 3.01029587e-07 10 0.43582525
2017-06-12 21:25:34.135421 UTC - adsb_thread - INFO - 7a19280dab08da 93dd2d 1.669400547e-07 10 0.46160375
2017-06-12 21:25:34.235688 UTC - adsb_thread - INFO - 0abfe50d0b6eeb b3626b 2.078139829e-07 10 0.49457275
2017-06-12 21:25:34.236684 UTC - adsb_thread - INFO - 70ceaaa04f168b 00c264 2.951987881e-07 10 0.5107295
2017-06-12 21:25:34.237426 UTC - adsb_thread - INFO - d51bb0fbc67bd5 7b2d71 2.644244432e-07 10 0.550988
2017-06-12 21:25:34.336703 UTC - adsb_thread - INFO - 43a793d6012812 03dde2 2.141493667e-07 10 0.676102
2017-06-12 21:25:34.337662 UTC - adsb_thread - INFO - 878689b067a64c5e7a80bbb8b6c3 ce9764 2.632213523e-07 10 0.6872565
2017-06-12 21:25:34.338408 UTC - adsb_thread - INFO - 1e3355bc384f11 fdd7db 1.861109951e-07 10 0.710327
2017-06-12 21:25:34.537551 UTC - adsb_thread - INFO - 746c9f9d3a2217 78e900 1.816675592e-07 10 0.75829475
2017-06-12 21:25:34.538496 UTC - adsb_thread - INFO - 98237b2f908217 e3df43 1.628263817e-07 10 0.80117775
2017-06-12 21:25:34.738723 UTC - adsb_thread - INFO - 0d4ae124f591af 9a5dc0 1.677840089e-07 10 0.91713425
2017-06-12 21:25:34.839366 UTC - adsb_thread - INFO - d085700b005324 cc2a52 2.635319163e-07 11 0.09836425
2017-06-12 21:25:34.939880 UTC - adsb_thread - INFO - 3b360ad028d133 17b4e4 2.563329815e-07 11 0.238535
2017-06-12 21:25:34.940886 UTC - adsb_thread - INFO - 90747472948a00 97cb2b 2.242393151e-07 11 0.2416645
2017-06-12 21:25:35.041033 UTC - adsb_thread - INFO - cd3a1060991e19 4c1d24 2.789093401e-07 11 0.27418025
2017-06-12 21:25:35.041936 UTC - adsb_thread - INFO - e1df0e298053ba 8d4693 3.410206375e-07 11 0.32163525
2017-06-12 21:25:35.042650 UTC - adsb_thread - INFO - 1e33fbd75163a1 fa34e8 3.366935744e-07 11 0.408392
2017-06-12 21:25:35.141999 UTC - adsb_thread - INFO - 1931f5a27f8dff b5afba 3.208989483e-07 11 0.41079825
2017-06-12 21:25:35.142940 UTC - adsb_thread - INFO - 552402d9b2a46a e38ad9 2.680917248e-07 11 0.4145605
2017-06-12 21:25:35.242523 UTC - adsb_thread - INFO - 8722c5ef1bd7e5ce9e8bad11f57f 059798 2.321559975e-07 11 0.52515075
2017-06-12 21:25:35.243504 UTC - adsb_thread - INFO - e0891a0952cc58 d64e56 1.840831914e-07 11 0.5437195
2017-06-12 21:25:35.444211 UTC - adsb_thread - INFO - 9dc4f60501b3f4 4ca1cd 3.064045586e-07 11 0.61145525
2017-06-12 21:25:35.445168 UTC - adsb_thread - INFO - 3ec3d3a644aa11 2421c9 2.522485261e-07 11 0.6982485
2017-06-12 21:25:35.445955 UTC - adsb_thread - INFO - 9e8b3745dbc460 a7b0e7 1.910880059e-07 11 0.71350525
2017-06-12 21:25:35.544998 UTC - adsb_thread - INFO - 16758b6dcd3fdb c42813 1.716357474e-07 11 0.8619285
2017-06-12 21:25:35.545934 UTC - adsb_thread - INFO - 1b23316a6b2c7b 8943f0 1.484191472e-07 11 0.86934575
2017-06-12 21:25:35.546682 UTC - adsb_thread - INFO - 20f099fca7e356 bd04f9 2.670632853e-07 11 0.894699
2017-06-12 21:25:35.645524 UTC - adsb_thread - INFO - d26357f043ca6c 3f68d3 2.116948536e-07 11 0.91857725
2017-06-12 21:25:35.646501 UTC - adsb_thread - INFO - f33e6b46001728 447018 3.83573024e-07 11 0.91978375
2017-06-12 21:25:35.647301 UTC - adsb_thread - INFO - 85563a332e5e460d1f5c68fdf750 2553e5 2.274020119e-07 11 0.98679775
2017-06-12 21:25:35.647990 UTC - adsb_thread - INFO - 13dfb526007acb 21d105 2.120052898e-07 12 0.006497
2017-06-12 21:25:35.648658 UTC - adsb_thread - INFO - 384e64bd50dcd0 84af09 2.221243278e-07 12 0.00715725
2017-06-12 21:25:35.847187 UTC - adsb_thread - INFO - f3bdf8be49a225 ffb77b 2.61096659e-07 12 0.086534
2017-06-12 21:25:35.947779 UTC - adsb_thread - INFO - b42a35ce6d6f64 20b0f0 1.680072899e-07 12 0.1919845
2017-06-12 21:25:35.948717 UTC - adsb_thread - INFO - 7dcb25595239c3 5a02ee 2.257043832e-07 12 0.20752375
2017-06-12 21:25:36.048827 UTC - adsb_thread - INFO - 50604848efbbef 6fd916 2.295655861e-07 12 0.2687795
2017-06-12 21:25:36.049761 UTC - adsb_thread - INFO - dce55a7ba665ec fae23d 2.864379667e-07 12 0.3519295
2017-06-12 21:25:36.249641 UTC - adsb_thread - INFO - bf12b2b5686b3e 213d2d 1.856453054e-07 12 0.45126125
2017-06-12 21:25:36.350290 UTC - adsb_thread - INFO - b3157bf4bae041 dafe97 2.470871152e-07 12 0.6039805
2017-06-12 21:25:36.450903 UTC - adsb_thread - INFO - 0c039037610ad9 9fa4af 2.020122878e-07 12 0.655072
2017-06-12 21:25:36.453082 UTC - adsb_thread - INFO - f2644f2ead2443 e4485d 2.411788103e-07 12 0.693803
2017-06-12 21:25:36.453966 UTC - adsb_thread - INFO - a10b417eb79a05d175f82307e916 7c901c 3.02106514e-07 12 0.70351275
2017-06-12 21:25:36.454779 UTC - adsb_thread - INFO - 4bf06c39d3081b fcde18 2.547129156e-07 12 0.76653675
2017-06-12 21:25:36.552464 UTC - adsb_thread - INFO - 2efaae16127ead d4161d 2.693336967e-07 12 0.7920675
2017-06-12 21:25:36.553497 UTC - adsb_thread - INFO - 84d8b549e25bee7488d214df0aac a204d8 2.098708762e-07 12 0.809789
2017-06-12 21:25:36.652945 UTC - adsb_thread - INFO - c2596f888f3d55 0d461f 2.596512161e-07 12 0.87545425
2017-06-12 21:25:36.653904 UTC - adsb_thread - INFO - 7c85551016b15f a3c7e3 1.496415507e-07 12 0.87984325
2017-06-12 21:25:36.754311 UTC - adsb_thread - INFO - 39c2d252287e3c 9d4262 4.437829091e-07 13 0.04769475
2017-06-12 21:25:36.755276 UTC - adsb_thread - INFO - a24c85bb3fb89003689181f5c1b3 acf42d 1.677841368e-07 13 0.06144525
2017-06-12 21:25:36.756013 UTC - adsb_thread - INFO - d41ca30cee7d99 5141c5 2.442736502e-07 13 0.0629135
2017-06-12 21:25:36.756733 UTC - adsb_thread - INFO - 60ed4b846fe8de 78ddc9 1.806585033e-07 13 0.112625
2017-06-12 21:25:36.854922 UTC - adsb_thread - INFO - 91b7e283a85bbb 31d21a 2.644826509e-07 13 0.12463225
2017-06-12 21:25:36.956031 UTC - adsb_thread - INFO - 7c2892e9687c51 73cd3f 1.778256262e-07 13 0.17366475
2017-06-12 21:25:36.956986 UTC - adsb_thread - INFO - 754434d11d0202 f90ff0 2.891060262e-07 13 0.25474575
2017-06-12 21:25:36.957776 UTC - adsb_thread - INFO - e29a65095860f3 b87813 1.848788287e-07 13 0.294251
2017-06-12 21:25:37.056476 UTC - adsb_thread - INFO - ce19d285f29009 6b9f32 1.926208455e-07 13 0.3412635
2017-06-12 21:25:37.157411 UTC - adsb_thread - INFO - ea820ff4bfe78f 98a466 2.180203325e-07 13 0.4611425
2017-06-12 21:25:37.158359 UTC - adsb_thread - INFO - aa543872036b011844d3078d9db4 a06e35 2.500753453e-07 13 0.49999925
2017-06-12 21:25:37.159113 UTC - adsb_thread - INFO - f636ddd8f83488 52eadb 2.944032644e-07 13 0.5052215
2017-06-12 21:25:37.358583 UTC - adsb_thread - INFO - a7dbf7a41d2554582c38a520b686 87e415 2.71885142e-07 13 0.566934
2017-06-12 21:25:37.359545 UTC - adsb_thread - INFO - 8275e7153537eec336262606ef0e e3adf1 2.865641022e-07 13 0.668207
2017-06-12 21:25:37.559420 UTC - adsb_thread - INFO - f814ac9b84c462 78ad08 3.711158456e-07 13 0.76683225
2017-06-12 21:25:37.560360 UTC - adsb_thread - INFO - a26113783faf7c16930360305114 f0fc44 2.371622116e-07 13 0.7711655
2017-06-12 21:25:37.660237 UTC - adsb_thread - INFO - 0d8ec8416c10af e9da5d 2.352799697e-07 13 0.93865
2017-06-12 21:25:37.861465 UTC - adsb_thread - INFO - d7867240fcf0f9 1507eb 2.142948006e-07 14 0.096764
2017-06-12 21:25:38.062287 UTC - adsb_thread - INFO - 90706a30437f71 c06925 1.993733747e-07 14 0.23348
2017-06-12 21:25:38.063230 UTC - adsb_thread - INFO - 4598b84ca3d814 d5211e 2.621444253e-07 14 0.3350995
2017-06-12 21:25:38.065457 UTC - adsb_thread - INFO - 8140b3865af965a1963418c2b2e7 bda906 1.61953281e-07 14 0.40632975
2017-06-12 21:25:38.163352 UTC - adsb_thread - INFO - 46b4058697278f e4642f 2.408585829e-07 14 0.43662375
2017-06-12 21:25:38.164324 UTC - adsb_thread - INFO - af5a90f04ee43bd6139cdbf4b676 b905d9 3.099747232e-07 14 0.45755175
2017-06-12 21:25:38.264227 UTC - adsb_thread - INFO - a64221f443e8b36066351b5bdd71 2b5185 2.826348009e-07 14 0.48557075
2017-06-12 21:25:38.265178 UTC - adsb_thread - INFO - 0c6f4011ba87f4 b6fb5e 2.691298846e-07 14 0.5845275
2017-06-12 21:25:38.265978 UTC - adsb_thread - INFO - 6350a59081a671 23ca9b 1.954343816e-07 14 0.63202225
2017-06-12 21:25:38.365603 UTC - adsb_thread - INFO - a1a524a60ba0f72fd8282a5d1205 71cacf 2.526172409e-07 14 0.65542775
2017-06-12 21:25:38.366648 UTC - adsb_thread - INFO - ec1f48d979d382 6d2d00 2.11568647e-07 14 0.702197
2017-06-12 21:25:38.466112 UTC - adsb_thread - INFO - 1d73c168d61f66 c0db61 1.687543829e-07 14 0.72760975
2017-06-12 21:25:38.467086 UTC - adsb_thread - INFO - 8439c3a9b0a5d545d789c18add30 04a3cb 2.205913177e-07 14 0.7489555
2017-06-12 21:25:38.467888 UTC - adsb_thread - INFO - 1f316080b9b8d0 a5bb70 2.671507389e-07 14 0.79700475
2017-06-12 21:25:38.567191 UTC - adsb_thread - INFO - e92340adcb81b4 e84a22 4.064306722e-07 14 0.8350035
2017-06-12 21:25:38.667916 UTC - adsb_thread - INFO - 05157e8f41c6e0 2cfc39 1.714223572e-07 14 0.957644
2017-06-12 21:25:38.768404 UTC - adsb_thread - INFO - f69dba179abab2 740bdd 3.039110936e-07 15 0.05408975
2017-06-12 21:25:38.769350 UTC - adsb_thread - INFO - 22ffa0047c7cae dbc745 2.574390976e-07 15 0.05688275
2017-06-12 21:25:38.869261 UTC - adsb_thread - INFO - a011ac1c6a01d991fd557286a9e8 6fd44b 2.972652737e-07 15 0.08343
2017-06-12 21:25:38.969814 UTC - adsb_thread - INFO - 356caf47461ac3 0a8136 2.006346165e-07 15 0.18001725
2017-06-12 21:25:38.970797 UTC - adsb_thread - INFO - 264c34761903e2 564d25 2.403152166e-07 15 0.23573
2017-06-12 21:25:39.070556 UTC - adsb_thread - INFO - bf0099eaa358af 8c1f57 1.922231121e-07 15 0.306087
2017-06-12 21:25:39.071579 UTC - adsb_thread - INFO - 864fd8df5d487d336399dda04e86 b66335 2.73718797e-07 15 0.316607
2017-06-12 21:25:39.171948 UTC - adsb_thread - INFO - 13daa4076918cb 62d679 1.7033571e-07 15 0.3966025
2017-06-12 21:25:39.172915 UTC - adsb_thread - INFO - 1f35fbe38baf8f 26e54d 1.945807355e-07 15 0.48722525
2017-06-12 21:25:39.173699 UTC - adsb_thread - INFO - 100a692e48e14b bf1a80 2.542373068e-07 15 0.48962625
2017-06-12 21:25:39.272385 UTC - adsb_thread - INFO - 3b3751aa7ed981 b08cfa 2.644826509e-07 15 0.6469365
2017-06-12 21:25:39.373147 UTC - adsb_thread - INFO - b15800e3ca73b1 1c16b9 2.262474084e-07 15 0.649208
2017-06-12 21:25:39.374089 UTC - adsb_thread - INFO - 03b73dc19b45f3 d7e975 2.544606446e-07 15 0.6719115
2017-06-12 21:25:39.474574 UTC - adsb_thread - INFO - 651f70d806550a c9c92d 3.802550168e-07 15 0.75906475
2017-06-12 21:25:39.477377 UTC - adsb_thread - INFO - 34e6f20bcfae1b ee0a32 2.295656145e-07 15 0.76305075
2017-06-12 21:25:39.478229 UTC - adsb_thread - INFO - 73972a0a7ed763 867551 2.668984678e-07 15 0.76320225
2017-06-12 21:25:39.478949 UTC - adsb_thread - INFO - 87379c8264baa632c4893d280a97 1b0a21 1.914954453e-07 15 0.785042
2017-06-12 21:25:39.479614 UTC - adsb_thread - INFO - 672433fbba37d1 520092 2.767457659e-07 15 0.78516625
2017-06-12 21:25:39.480275 UTC - adsb_thread - INFO - c13bb7346983ab 509029 1.955799576e-07 15 0.78800775
2017-06-12 21:25:39.575339 UTC - adsb_thread - INFO - c6e4de3fa17e66 7a9d98 2.390928842e-07 15 0.83652625
2017-06-12 21:25:39.576276 UTC - adsb_thread - INFO - 1fbac66909964e 9ef6d0 2.496678917e-07 15 0.91055825
2017-06-12 21:25:39.675853 UTC - adsb_thread - INFO - 9e499dc5338321 988636 2.767263254e-07 15 0.9195275
2017-06-12 21:25:39.776724 UTC - adsb_thread - INFO - f10114d4b34afe 88c206 1.809010115e-07 16 0.07686875
2017-06-12 21:25:39.777666 UTC - adsb_thread - INFO - 701eb250d70ddf b07117 2.490662894e-07 16 0.0914825
2017-06-12 21:25:39.877641 UTC - adsb_thread - INFO - 492d16c16d7d36 37798e 3.977086749e-07 16 0.1284565
2017-06-12 21:25:39.878570 UTC - adsb_thread - INFO - 0c65702f2c1a17 8a8517 2.058251312e-07 16 0.16175025
2017-06-12 21:25:39.879324 UTC - adsb_thread - INFO - a33569e5b1c6ad057fe48b7c7a30 952837 1.623607915e-07 16 0.202103
2017-06-12 21:25:39.978900 UTC - adsb_thread - INFO - 3c02cd2a1b87ca f20990 2.329903879e-07 16 0.226747
2017-06-12 21:25:39.979841 UTC - adsb_thread - INFO - e78a34e93ca6af 12ebc2 1.903216713e-07 16 0.25533575
2017-06-12 21:25:39.980556 UTC - adsb_thread - INFO - 1598b96c55cd24 6c0982 2.08726135e-07 16 0.28398525
2017-06-12 21:25:39.981395 UTC - adsb_thread - INFO - d504243b7b45d6 71a329 2.293521391e-07 16 0.3315755
2017-06-12 21:25:39.982249 UTC - adsb_thread - INFO - 87a22017b63e7e689ab0aec5f770 609525 3.019028441e-07 16 0.346354
2017-06-12 21:25:40.080075 UTC - adsb_thread - INFO - 3e6e6817cea58a e95497 2.090463056e-07 16 0.3678585
2017-06-12 21:25:40.081096 UTC - adsb_thread - INFO - b54d460c4279fa 7e69a1 2.438857223e-07 16 0.38409725
2017-06-12 21:25:40.081834 UTC - adsb_thread - INFO - f4c839d7995138 a2a0f2 2.468834168e-07 16 0.415159
2017-06-12 21:25:40.082509 UTC - adsb_thread - INFO - 2df9001d61bafc a12429 2.230070493e-07 16 0.44581
2017-06-12 21:25:40.180614 UTC - adsb_thread - INFO - e61769dda4191a 19d018 2.405868997e-07 16 0.4700335
2017-06-12 21:25:40.281242 UTC - adsb_thread - INFO - c6b6a21c77245c f4b4db 2.126648582e-07 16 0.5532625
2017-06-12 21:25:40.282192 UTC - adsb_thread - INFO - f0e6488fe1a5a1 dd8ccf 2.596899833e-07 16 0.62367075
2017-06-12 21:25:40.283014 UTC - adsb_thread - INFO - a8e9b16c1180afc273f4744631a7 dab986 2.810632509e-07 16 0.6510755
2017-06-12 21:25:40.382211 UTC - adsb_thread - INFO - 1628b85a017ed2 3989d0 2.827609933e-07 16 0.656685
2017-06-12 21:25:40.583193 UTC - adsb_thread - INFO - 53c430c93fb650 71700e 4.783506142e-07 16 0.902813
2017-06-12 21:25:40.584143 UTC - adsb_thread - INFO - d8f29f8c1ced9f 5a218f 2.045153309e-07 16 0.90820025
2017-06-12 21:25:40.584926 UTC - adsb_thread - INFO - 60808f806d14a9 5c1488 2.140620268e-07 16 0.94680175
2017-06-12 21:25:40.684159 UTC - adsb_thread - INFO - 941324e62529ac fcba4b 2.300118638e-07 16 0.94765575
2017-06-12 21:25:40.685098 UTC - adsb_thread - INFO - badcd0b4724062 3c9a0d 2.029631077e-07 16 0.9774515
2017-06-12 21:25:40.685922 UTC - adsb_thread - INFO - 84ed77ec3983bff38595916c60bc caecce 2.451759826e-07 17 0.01760075
2017-06-12 21:25:40.686639 UTC - adsb_thread - INFO - 4f1fc0d68a16af 15d08c 2.563621138e-07 17 0.01810775
2017-06-12 21:25:40.687306 UTC - adsb_thread - INFO - b29a13c67893be a56631 2.840125148e-07 17 0.06399325
2017-06-12 21:25:40.785573 UTC - adsb_thread - INFO - 3a64dfd6af380d a4ebd2 3.685836418e-07 17 0.07780175
2017-06-12 21:25:40.886369 UTC - adsb_thread - INFO - 87f4de1c45689b721602e6a36c80 632672 2.435945419e-07 17 0.094934
2017-06-12 21:25:40.887308 UTC - adsb_thread - INFO - 336624fbc2291c 9eb2df 2.434781265e-07 17 0.1589125
2017-06-12 21:25:40.986871 UTC - adsb_thread - INFO - 4ac8376e2299b9 d2b1d6 1.782233028e-07 17 0.169274
2017-06-12 21:25:40.987837 UTC - adsb_thread - INFO - d427352653f7d6 30659b 3.568248985e-07 17 0.27179125
2017-06-12 21:25:40.988573 UTC - adsb_thread - INFO - fa474aec91dd1b 190d45 2.233370822e-07 17 0.31027675
2017-06-12 21:25:41.088117 UTC - adsb_thread - INFO - c9b1128f8958cd 878b82 1.687251938e-07 17 0.3473955
2017-06-12 21:25:41.089085 UTC - adsb_thread - INFO - a9531d89ebff7e0e763b5aa06a29 b918e1 2.070474636e-07 17 0.38614775
2017-06-12 21:25:41.289121 UTC - adsb_thread - INFO - 575e4a8fb6a1f8 d81c8b 1.856938638e-07 17 0.54683025
2017-06-12 21:25:41.590354 UTC - adsb_thread - INFO - f49ffc034beddb b1736c 2.628818834e-07 17 0.84420625
2017-06-12 21:25:41.791252 UTC - adsb_thread - INFO - 43f535aa8c12f6 2360b9 2.545187385e-07 17 0.93983925
2017-06-12 21:25:41.792197 UTC - adsb_thread - INFO - 18b61d550be9c3 10db6c 2.723218131e-07 18 0.063398
2017-06-12 21:25:41.892086 UTC - adsb_thread - INFO - 397a6367424bc3 3c85fb 1.702969428e-07 18 0.17687225
2017-06-12 21:25:41.893052 UTC - adsb_thread - INFO - 83474b1a3dd96de61cfa4b80a8d4 588c32 2.262476215e-07 18 0.17975375
2017-06-12 21:25:41.893884 UTC - adsb_thread - INFO - a9ef70c30f532cdfc46f38ae5772 8070fc 2.822467309e-07 18 0.250504
2017-06-12 21:25:41.993052 UTC - adsb_thread - INFO - 3e8df00a6a2030 e8d597 1.898267215e-07 18 0.25788575
2017-06-12 21:25:41.993984 UTC - adsb_thread - INFO - 6137bc5d086a94 76d517 2.152359002e-07 18 0.2895955
2017-06-12 21:25:41.994794 UTC - adsb_thread - INFO - 83091c7ef704c5ea37819d22e58d 272397 2.377345396e-07 18 0.2915765
2017-06-12 21:25:42.094033 UTC - adsb_thread - INFO - 99d2eadd5a6017 e5ade0 2.562651673e-07 18 0.3525315
2017-06-12 21:25:42.094964 UTC - adsb_thread - INFO - 078aa9762bcf3b dc802d 4.068381259e-07 18 0.404799
2017-06-12 21:25:42.095685 UTC - adsb_thread - INFO - e2cd9bc11032d7 8d0b41 1.864019907e-07 18 0.44745175
2017-06-12 21:25:42.295451 UTC - adsb_thread - INFO - a647baa1a634f09364c5afdc6cb1 9efbda 2.780556088e-07 18 0.46771375
2017-06-12 21:25:42.297641 UTC - adsb_thread - INFO - 15d2e046dd745b f8de70 1.723924896e-07 18 0.51914325
2017-06-12 21:25:42.496618 UTC - adsb_thread - INFO - ad638ba0c56edb9952ca1a022cfc 212d6a 1.822884599e-07 18 0.76443425
2017-06-12 21:25:42.597178 UTC - adsb_thread - INFO - 43fb6d90341a85 344249 3.209572128e-07 18 0.81473375
2017-06-12 21:25:42.598124 UTC - adsb_thread - INFO - b2ead9fc803140 a7a68d 1.722955005e-07 18 0.8151585
2017-06-12 21:25:42.598997 UTC - adsb_thread - INFO - a9108ede2c32be8db34a7841431e c705bf 2.084931339e-07 18 0.9163875
2017-06-12 21:25:42.698139 UTC - adsb_thread - INFO - 6dcf74e5d37585 c7e4e7 2.911433512e-07 18 0.9854125
2017-06-12 21:25:42.699121 UTC - adsb_thread - INFO - a40302489a8ec68283dde39a618b d6ae80 2.050975922e-07 18 0.9982685
2017-06-12 21:25:42.899861 UTC - adsb_thread - INFO - 7d470d4fa2f5fe 57d58e 1.672117236e-07 19 0.0921195
2017-06-12 21:25:42.900845 UTC - adsb_thread - INFO - 197989f3b7dd20 8f7c95 1.965016025e-07 19 0.1398955
2017-06-12 21:25:42.901723 UTC - adsb_thread - INFO - 3df896eea29c52 17b613 3.309793613e-07 19 0.17101025
2017-06-12 21:25:42.902558 UTC - adsb_thread - INFO - 8188e154c0be1273f01366e018e0 bca677 2.585643983e-07 19 0.2121885
2017-06-12 21:25:43.000630 UTC - adsb_thread - INFO - 146d07df057648 5f0ca9 3.076656014e-07 19 0.26014425
2017-06-12 21:25:43.101352 UTC - adsb_thread - INFO - 04a55b39ae1a7f 949d6d 2.61863164e-07 19 0.34738625
2017-06-12 21:25:43.102283 UTC - adsb_thread - INFO - e2adf994a8380f 58fd7e 2.896880744e-07 19 0.41440125
2017-06-12 21:25:43.201874 UTC - adsb_thread - INFO - 2c5fca973b4c9e bd2b9b 1.994509802e-07 19 0.42723775
2017-06-12 21:25:43.202867 UTC - adsb_thread - INFO - 87ef500dc5fc519ef758c90530b9 fb6c12 2.111224688e-07 19 0.5354775
2017-06-12 21:25:43.303318 UTC - adsb_thread - INFO - 1fbf74308005b4 ea909f 2.467766933e-07 19 0.5581815
2017-06-12 21:25:43.304284 UTC - adsb_thread - INFO - adb6eba8e62d80a36dd59ddc5fa5 872e54 3.410109457e-07 19 0.62604425
2017-06-12 21:25:43.305090 UTC - adsb_thread - INFO - a37826f550ed7208c694179d9004 0c7101 2.506769192e-07 19 0.63214725
2017-06-12 21:25:43.404197 UTC - adsb_thread - INFO - 46d04b46b93096 1eeafb 2.340286187e-07 19 0.643925
2017-06-12 21:25:43.405132 UTC - adsb_thread - INFO - 43c713c2523968 668029 3.04221544e-07 19 0.65620325
2017-06-12 21:25:43.405855 UTC - adsb_thread - INFO - 3091ee1bd9de42 cc0053 2.021093053e-07 19 0.717428
2017-06-12 21:25:43.406516 UTC - adsb_thread - INFO - 955700164db30e 01a22d 2.1994137e-07 19 0.755038
2017-06-12 21:25:43.505126 UTC - adsb_thread - INFO - bb78e2710938b4 cdf89e 1.711991757e-07 19 0.81634225
2017-06-12 21:25:43.506052 UTC - adsb_thread - INFO - 026f50be4b9a34 0648dd 3.109933857e-07 19 0.82192575
2017-06-12 21:25:43.506802 UTC - adsb_thread - INFO - 26db38c4031f3c 145d32 2.548777047e-07 19 0.82403225
2017-06-12 21:25:43.706403 UTC - adsb_thread - INFO - 9a0fc10305a40a 77fe1a 2.167203519e-07 19 0.83094175
2017-06-12 21:25:43.707340 UTC - adsb_thread - INFO - 410230d3b703b3 5d7fb6 2.231526963e-07 20 0.0191695
2017-06-12 21:25:43.708068 UTC - adsb_thread - INFO - 1ec9e8cf11cbe3 c50cd2 1.513586483e-07 20 0.02845325
2017-06-12 21:25:43.807507 UTC - adsb_thread - INFO - 6c9ef32c505516 1d6045 3.160965889e-07 20 0.0352295
2017-06-12 21:25:43.808457 UTC - adsb_thread - INFO - adac88f99b0d53ea332650df9227 22195c 1.913596321e-07 20 0.08417825
2017-06-12 21:25:43.809188 UTC - adsb_thread - INFO - 16b6fbc3af5492 74444c 2.408294222e-07 20 0.09797875
2017-06-12 21:25:43.809873 UTC - adsb_thread - INFO - a7554eab0206b9f929349a399017 dc6a1f 2.842841127e-07 20 0.111373
2017-06-12 21:25:43.908302 UTC - adsb_thread - INFO - 6c2db853ea38b4 20bd62 2.135672332e-07 20 0.1352195
2017-06-12 21:25:43.909240 UTC - adsb_thread - INFO - 3de082d033ae6c ecf91c 3.532547908e-07 20 0.17194425
2017-06-12 21:25:44.008920 UTC - adsb_thread - INFO - 7814230e860139 209bb7 3.040273668e-07 20 0.27551375
2017-06-12 21:25:44.210297 UTC - adsb_thread - INFO - cc8e7932179bb3 93da75 2.251124869e-07 20 0.31862675
2017-06-12 21:25:44.211332 UTC - adsb_thread - INFO - a601e602b298d90bf32a87d81b6d 29a4ff 2.606309977e-07 20 0.52031075
2017-06-12 21:25:44.310611 UTC - adsb_thread - INFO - 4549c71e86e0a1 bb523d 2.012071434e-07 20 0.569202
2017-06-12 21:25:44.411819 UTC - adsb_thread - INFO - 51d1a3a3f56b06 0266a8 1.950074875e-07 20 0.62493225
2017-06-12 21:25:44.412757 UTC - adsb_thread - INFO - b564e0bfe25e55 e2f2f9 2.603594282e-07 20 0.655277
2017-06-12 21:25:44.413481 UTC - adsb_thread - INFO - 90625e922439ca 81b26e 1.980442903e-07 20 0.707432
2017-06-12 21:25:44.414217 UTC - adsb_thread - INFO - a906d8a9dc84857cf0b5dc3a40c5 c7c558 2.707404008e-07 20 0.77775725
2017-06-12 21:25:44.512307 UTC - adsb_thread - INFO - 49bb47efa77f8c 750a6c 2.204749165e-07 20 0.78246075
2017-06-12 21:25:44.513323 UTC - adsb_thread - INFO - f171d6b5d092fe 9def82 4.160257845e-07 20 0.850245
2017-06-12 21:25:44.613137 UTC - adsb_thread - INFO - a8e2ebccdbee5e3cfe3d8917d8a6 334f14 1.911559906e-07 20 0.86576075
2017-06-12 21:25:44.614159 UTC - adsb_thread - INFO - a3f77e470be2ec35e96b83d1dc7e 75c0bd 1.777770109e-07 20 0.884828
2017-06-12 21:25:44.614994 UTC - adsb_thread - INFO - 249e8dfa7bfd42 9bfa79 2.353673949e-07 20 0.918877
2017-06-12 21:25:44.814709 UTC - adsb_thread - INFO - da04ca655247f1 c7e7e0 2.603011637e-07 20 0.9632765
2017-06-12 21:25:45.115831 UTC - adsb_thread - INFO - 616e2000327abd d542fa 2.782204831e-07 21 0.35498675
2017-06-12 21:25:45.216414 UTC - adsb_thread - INFO - 0c8f3648e40e29 b72c93 2.329903595e-07 21 0.51322575
2017-06-12 21:25:45.317017 UTC - adsb_thread - INFO - 84f41cbd7caa07a67c85ae701b4c 1d5d09 2.055729169e-07 21 0.59413675
2017-06-12 21:25:45.518361 UTC - adsb_thread - INFO - 87e036198af8ce612b4cf47c3978 32e8b8 1.523580835e-07 21 0.74553675
2017-06-12 21:25:45.521038 UTC - adsb_thread - INFO - 9416571c1219b0 44c536 3.375861866e-07 21 0.77514825
2017-06-12 21:25:45.522293 UTC - adsb_thread - INFO - 24bdbaa7edf70f 5693bc 2.616691006e-07 21 0.878518
2017-06-12 21:25:45.619593 UTC - adsb_thread - INFO - fd09cc873b0748 8861f9 2.359300026e-07 21 0.878907
2017-06-12 21:25:45.620537 UTC - adsb_thread - INFO - a3373a70d5d42f8dc4efe5b55017 390ece 2.463983151e-07 21 0.883614
2017-06-12 21:25:45.621426 UTC - adsb_thread - INFO - 68c28022ff6d2d a3b4a6 2.740680713e-07 21 0.93192425
2017-06-12 21:25:45.622273 UTC - adsb_thread - INFO - af503614b16bf4d02492a806f55f 1fd144 3.939540818e-07 21 0.94169175
2017-06-12 21:25:45.623080 UTC - adsb_thread - INFO - 7a47e3ec50ca86 60aa12 2.571867981e-07 21 0.9758715
2017-06-12 21:25:45.720622 UTC - adsb_thread - INFO - 9dcdb068f84b19 7374f8 3.658671801e-07 21 0.9968955
2017-06-12 21:25:45.821082 UTC - adsb_thread - INFO - a71cb3bb7c9bd177d5021a6f7184 1d368e 2.111029289e-07 22 0.0083385
2017-06-12 21:25:45.921590 UTC - adsb_thread - INFO - cf9a8edcd02c4d b64b84 1.974040345e-07 22 0.157036
2017-06-12 21:25:45.922526 UTC - adsb_thread - INFO - 90454e5ecca8f4 e96744 3.410983425e-07 22 0.165581
2017-06-12 21:25:46.022416 UTC - adsb_thread - INFO - c52614125dd7dd 96f57e 4.154922806e-07 22 0.1691645
2017-06-12 21:25:46.223345 UTC - adsb_thread - INFO - ddcb3df9d435d2 cb9eb7 2.050878436e-07 22 0.472634
2017-06-12 21:25:46.224308 UTC - adsb_thread - INFO - f01c382de6d265 f3fa37 1.830548655e-07 22 0.54111
2017-06-12 21:25:46.225071 UTC - adsb_thread - INFO - 3434977aee47c0 e0521e 3.668567956e-07 22 0.5492655
2017-06-12 21:25:46.324406 UTC - adsb_thread - INFO - d4aa039ab52782 9448d4 2.288089007e-07 22 0.597501
2017-06-12 21:25:46.625666 UTC - adsb_thread - INFO - e8133948cd5de4 7baeac 2.531702705e-07 22 0.864158
2017-06-12 21:25:46.726442 UTC - adsb_thread - INFO - 51ddffca3842a4 bf70a1 2.955674745e-07 22 0.93052675
2017-06-12 21:25:46.727389 UTC - adsb_thread - INFO - 445da57d2b6821 744f23 2.893000044e-07 22 0.9665305
2017-06-12 21:25:46.728419 UTC - adsb_thread - INFO - 0ed68d08534609 2521d3 2.252384661e-07 23 0.0297325
2017-06-12 21:25:46.829312 UTC - adsb_thread - INFO - 159c5c273766ce 480fcd 1.885461955e-07 23 0.0367855
2017-06-12 21:25:46.830272 UTC - adsb_thread - INFO - f5e6b424d06b61 824b21 2.254712683e-07 23 0.03993425
2017-06-12 21:25:46.929794 UTC - adsb_thread - INFO - 11450e3d71a012 ff3546 2.563814974e-07 23 0.17697
2017-06-12 21:25:46.930893 UTC - adsb_thread - INFO - a039f89cf892bc568fa8a7310a72 ea8a90 2.563040198e-07 23 0.1908365
2017-06-12 21:25:46.931747 UTC - adsb_thread - INFO - 127665c1bd4a90 e4c6c2 2.371427854e-07 23 0.2224275
2017-06-12 21:25:46.932466 UTC - adsb_thread - INFO - c8e91ba10fc85e 6c0c79 2.852736998e-07 23 0.22289175
2017-06-12 21:25:47.131554 UTC - adsb_thread - INFO - 63884e41c1fc88 92bd4b 2.093759974e-07 23 0.2293895
2017-06-12 21:25:47.132519 UTC - adsb_thread - INFO - a1a26d0cdf0ddfde9c142fbced28 5b74df 2.703232269e-07 23 0.28869675
2017-06-12 21:25:47.333039 UTC - adsb_thread - INFO - 0c5ba3e62dda26 dd71e2 1.869550772e-07 23 0.477954
2017-06-12 21:25:47.333976 UTC - adsb_thread - INFO - ebbde100e4fe8e d5f603 2.381808315e-07 23 0.499357
2017-06-12 21:25:47.334706 UTC - adsb_thread - INFO - 3be6624034a944 83327f 2.286924996e-07 23 0.622485
2017-06-12 21:25:47.335411 UTC - adsb_thread - INFO - cf39a28163bdaf 361fc3 2.012459959e-07 23 0.67839175
2017-06-12 21:25:47.433805 UTC - adsb_thread - INFO - 26363adf61df7b e45948 3.43960437e-07 23 0.74132075
2017-06-12 21:25:47.434746 UTC - adsb_thread - INFO - 67bfe0382907ca 0295fb 2.236377838e-07 23 0.780896
2017-06-12 21:25:47.534615 UTC - adsb_thread - INFO - 61f1ab8637cad2 3475ae 3.02300549e-07 23 0.79323675
2017-06-12 21:25:47.535566 UTC - adsb_thread - INFO - aac64c6d23e59e7b730aaee0f4f2 6daa23 3.348502275e-07 23 0.806262
2017-06-12 21:25:47.635594 UTC - adsb_thread - INFO - acdf9828a16ce20e134838bc3fa5 17bde9 2.00789799e-07 23 0.834318
2017-06-12 21:25:47.636585 UTC - adsb_thread - INFO - 42ea153302afc9 d2cd7e 2.710217473e-07 23 0.984913
2017-06-12 21:25:47.936892 UTC - adsb_thread - INFO - 6a1ea9878de573 dba37b 2.670439585e-07 24 0.18649075
2017-06-12 21:25:47.937964 UTC - adsb_thread - INFO - ab512e20f388ceb43b22afdf126e 1ede54 2.801220376e-07 24 0.258095
2017-06-12 21:25:48.037371 UTC - adsb_thread - INFO - 40da4b764f2454 64da31 2.040496838e-07 24 0.28349
2017-06-12 21:25:48.038334 UTC - adsb_thread - INFO - a4c721b30e92ec9adfd9474109d6 95fd95 3.534196082e-07 24 0.296829
2017-06-12 21:25:48.039053 UTC - adsb_thread - INFO - 474a56cca73e08 c8b636 3.557868808e-07 24 0.32031275
2017-06-12 21:25:48.138641 UTC - adsb_thread - INFO - 81f77ebe8b7cd3487d9346784f1f 194ee5 2.947040798e-07 24 0.3964795
2017-06-12 21:25:48.139578 UTC - adsb_thread - INFO - dfea29eb21c11c f92a74 2.977213285e-07 24 0.39883025
2017-06-12 21:25:48.239086 UTC - adsb_thread - INFO - 0941eb6776512a 5eaab0 2.321852719e-07 24 0.46757075
2017-06-12 21:25:48.240098 UTC - adsb_thread - INFO - d805de89f457bf e63b03 2.251609459e-07 24 0.4781375
2017-06-12 21:25:48.339838 UTC - adsb_thread - INFO - 746f6def8f3032 9e26ca 1.670952656e-07 24 0.56353375
2017-06-12 21:25:48.440408 UTC - adsb_thread - INFO - 4e3a8bd0fe94f6 2b8055 1.450719651e-07 24 0.709363
