2017-06-12 21:25:18.579628 UTC - MainThread - INFO - Logger Initialized
2017-06-12 21:25:23.981449 UTC - adsb_thread - INFO - 69b6ffda7d7837 d241bf 3.58659e-07 0 0.09877225
2017-06-12 21:25:24.082037 UTC - adsb_thread - INFO - 844db2796de95e14d483b51f893d 939685 2.702261384e-07 0 0.19269225
2017-06-12 21:25:24.083006 UTC - adsb_thread - INFO - 2ef374cb073ada 50ca3e 3.025236879e-07 0 0.27986225
2017-06-12 21:25:24.182515 UTC - adsb_thread - INFO - 562ae1f561d58f a6e412 2.814221318e-07 0 0.353955
2017-06-12 21:25:24.183424 UTC - adsb_thread - INFO - ecf6b3ef5d8e54 37fdb3 1.814734674e-07 0 0.35947225
2017-06-12 21:25:24.383710 UTC - adsb_thread - INFO - e620e28c1d4a0a 7e6be3 3.632283097e-07 0 0.37355325
2017-06-12 21:25:24.484291 UTC - adsb_thread - INFO - d083c70716b7a2 fbd3a5 3.141465754e-07 0 0.6659195
2017-06-12 21:25:24.585070 UTC - adsb_thread - INFO - 4d1a2aea5f4990 7b325d 1.98199487e-07 0 0.6816505
2017-06-12 21:25:24.586032 UTC - adsb_thread - INFO - 8369ecf59e59b4f4a3a44704e5f1 88b812 2.125388789e-07 0 0.72215575
2017-06-12 21:25:24.685587 UTC - adsb_thread - INFO - a8d9ea4f3256d5376e1eb29aceed 8aa27a 2.562263717e-07 0 0.8761415
2017-06-12 21:25:24.786446 UTC - adsb_thread - INFO - 05fa74c6015b9f 961e5a 2.350471107e-07 0 0.93114425
2017-06-12 21:25:24.887175 UTC - adsb_thread - INFO - 96d1c758092670 53a21a 2.475140946e-07 1 0.00620325
2017-06-12 21:25:24.888166 UTC - adsb_thread - INFO - 834ef4b93eb9cc655ebf1cd9ec00 9edcc6 2.961010637e-07 1 0.01407
2017-06-12 21:25:24.888937 UTC - adsb_thread - INFO - 44bf0b1c9a0da0 95a102 2.320492314e-07 1 0.10461875
2017-06-12 21:25:24.987707 UTC - adsb_thread - INFO - 814c63745247798447cbf0961541 6dedc6 3.053275464e-07 1 0.1810045
2017-06-12 21:25:25.088289 UTC - adsb_thread - INFO - 800e77e2a583b0a1fefd636c12ac 2b6529 1.440434545e-07 1 0.19742875
2017-06-12 21:25:25.089244 UTC - adsb_thread - INFO - 2f9246c62761f4 a40723 3.163877693e-07 1 0.323508
2017-06-12 21:25:25.189126 UTC - adsb_thread - INFO - 23d0a2774c1e89 2bfacd 2.31525334e-07 1 0.37933675
2017-06-12 21:25:25.289601 UTC - adsb_thread - INFO - f86f23f1cbe3ce fce607 2.168561934e-07 1 0.453084
2017-06-12 21:25:25.290648 UTC - adsb_thread - INFO - 38c1febd0bfa60 0fbdff 1.832488294e-07 1 0.51664675
2017-06-12 21:25:25.291537 UTC - adsb_thread - INFO - 5179e201d1f2be 937b65 2.315448313e-07 1 0.5314065
2017-06-12 21:25:25.390933 UTC - adsb_thread - INFO - a6d781e06a045091e58413162953 1682c3 3.173868777e-07 1 0.56643725
2017-06-12 21:25:25.391975 UTC - adsb_thread - INFO - 1552a24fec3ac9 bc8338 2.09007311e-07 1 0.6454525
2017-06-12 21:25:25.594173 UTC - adsb_thread - INFO - 2545e0eda7ec78 52db53 1.545410413e-07 1 0.6699845
2017-06-12 21:25:25.694651 UTC - adsb_thread - INFO - f90f323254f1ac 92357f 1.758851624e-07 1 0.784996
2017-06-12 21:25:25.795384 UTC - adsb_thread - INFO - 83cd4f264ac483cf09a243920f4c 4f7e8b 1.716358042e-07 1 0.92218125
2017-06-12 21:25:25.796802 UTC - adsb_thread - INFO - dd7245344a21d1 6d8181 2.180979521e-07 1 0.963724
2017-06-12 21:25:25.799442 UTC - adsb_thread - INFO - a31c3fe195f4ae393bcc7819e0c8 e70ef9 2.830035157e-07 1 0.99495075
2017-06-12 21:25:25.897517 UTC - adsb_thread - INFO - 1484bf5fb44f8f f8251c 2.857007075e-07 2 0.08346425
2017-06-12 21:25:25.998129 UTC - adsb_thread - INFO - a0be0deacbebebda788502a5771f 09fe74 2.225802973e-07 2 0.19713125
2017-06-12 21:25:26.098710 UTC - adsb_thread - INFO - fc8d6080cad3ce ffc38c 3.149129952e-07 2 0.27281875
2017-06-12 21:25:26.299502 UTC - adsb_thread - INFO - c98c936be7dd80 d77039 3.21500579e-07 2 0.42953375
2017-06-12 21:25:26.500508 UTC - adsb_thread - INFO - 7150f264464713 bff418 2.037199067e-07 2 0.53111825
2017-06-12 21:25:26.601114 UTC - adsb_thread - INFO - a4ddfeae8b076bc717543ae2e4fd 469de7 2.53606828e-07 2 0.86892875
2017-06-12 21:25:26.701714 UTC - adsb_thread - INFO - 74ceaeb12658dd 015baf 1.670468066e-07 2 0.876288
2017-06-12 21:25:26.802227 UTC - adsb_thread - INFO - b1a5eba66f0183 306ee0 2.100453997e-07 2 0.95479525
2017-06-12 21:25:26.904128 UTC - adsb_thread - INFO - a7f0976f31914d1d01df6aa77acc 028f53 1.898267641e-07 3 0.11198925
2017-06-12 21:25:26.905116 UTC - adsb_thread - INFO - 951e90192b8390 6874c4 1.875275473e-07 3 0.18028175
2017-06-12 21:25:26.905933 UTC - adsb_thread - INFO - 6d7b2d3906df21 b13f63 3.438826468e-07 3 0.18306025
2017-06-12 21:25:26.906621 UTC - adsb_thread - INFO - 287ba7b706d422 58316d 1.939112906e-07 3 0.19094
2017-06-12 21:25:26.907287 UTC - adsb_thread - INFO - f5adeb67d87b4c 420a75 2.925114302e-07 3 0.191545
2017-06-12 21:25:27.005453 UTC - adsb_thread - INFO - ab47e6c124ed28856c437cb5c1d5 4cc61b 1.948330208e-07 3 0.20724225
2017-06-12 21:25:27.006425 UTC - adsb_thread - INFO - 9c41f5ec402a84 1e92f3 3.052984141e-07 3 0.2076225
2017-06-12 21:25:27.007161 UTC - adsb_thread - INFO - 336f758936e55d 99eb56 2.408876583e-07 3 0.2361965
2017-06-12 21:25:27.206743 UTC - adsb_thread - INFO - cec08ae23b56ed 6d3996 2.440797005e-07 3 0.29769725
2017-06-12 21:25:27.207724 UTC - adsb_thread - INFO - ad4512cc0fd4f5b9d4cbc35b3de6 965607 2.803355414e-07 3 0.36119025
2017-06-12 21:25:27.307504 UTC - adsb_thread - INFO - 334fbcf0a3d354 4f7ead 3.304650136e-07 3 0.50982475
2017-06-12 21:25:27.308467 UTC - adsb_thread - INFO - a08d4ca9b92f215801b8fc8efdc4 84358a 1.76603038e-07 3 0.53549825
2017-06-12 21:25:27.309257 UTC - adsb_thread - INFO - 7f1e94b9ff4707 0b7e9b 2.474558016e-07 3 0.55269125
2017-06-12 21:25:27.408601 UTC - adsb_thread - INFO - 003b92e1909530 8f10ff 1.745559928e-07 3 0.6024545
2017-06-12 21:25:27.509075 UTC - adsb_thread - INFO - ffbc902098178c 192f0c 2.70478381e-07 3 0.719549
2017-06-12 21:25:27.510008 UTC - adsb_thread - INFO - d09a763534338a 4fd90a 2.724964361e-07 3 0.7680385
2017-06-12 21:25:27.510886 UTC - adsb_thread - INFO - ad4f4393d5493de32748b0769462 35da9f 2.649191799e-07 3 0.7859365
2017-06-12 21:25:27.512939 UTC - adsb_thread - INFO - 2d04178afcda09 a269eb 2.740486309e-07 3 0.78848325
2017-06-12 21:25:27.610229 UTC - adsb_thread - INFO - 67b20cf4dc6c91 549228 2.690230474e-07 3 0.81060775
2017-06-12 21:25:27.811136 UTC - adsb_thread - INFO - 858c27eb80292ffee1561baf8414 650a6a 3.723091311e-07 4 0.01688725
2017-06-12 21:25:27.911721 UTC - adsb_thread - INFO - 22b88e82b627dd d76e47 2.60786237e-07 4 0.06637275
2017-06-12 21:25:27.912702 UTC - adsb_thread - INFO - 878690fd1e36a5352885a0ccdfa9 a32051 3.263804729e-07 4 0.157918
2017-06-12 21:25:27.913465 UTC - adsb_thread - INFO - 54ae8975095ff9 7167b0 1.72392447e-07 4 0.17564825
2017-06-12 21:25:28.012670 UTC - adsb_thread - INFO - 7a98614a74075c 55b891 2.408488911e-07 4 0.19213475
2017-06-12 21:25:28.213814 UTC - adsb_thread - INFO - f1680ac0e3f143 c0ca67 2.376763888e-07 4 0.50198525
2017-06-12 21:25:28.414674 UTC - adsb_thread - INFO - 8138e956c87b46cf7dee649b51d6 56742b 2.16089731e-07 4 0.56117875
2017-06-12 21:25:28.415608 UTC - adsb_thread - INFO - d085e5551dcae2 fd77c9 3.380034741e-07 4 0.672223
2017-06-12 21:25:28.416412 UTC - adsb_thread - INFO - a625adb59fe62e837b1d023d2e97 e16ad4 3.102269375e-07 4 0.679265
2017-06-12 21:25:28.417107 UTC - adsb_thread - INFO - 3ea3de511fef8b 0cc344 2.727196886e-07 4 0.697278
2017-06-12 21:25:28.417761 UTC - adsb_thread - INFO - 087c47e81512fc ada3e4 2.070184166e-07 4 0.70262375
2017-06-12 21:25:28.616248 UTC - adsb_thread - INFO - 4125815d56b0e4 f64e23 2.307880322e-07 4 0.75153425
2017-06-12 21:25:28.617185 UTC - adsb_thread - INFO - 33319172642841 a7170f 2.261408554e-07 4 0.82792875
2017-06-12 21:25:28.617999 UTC - adsb_thread - INFO - aff891f4ee8970bbd15f56e0479c 4d861c 2.079692933e-07 4 0.832465
2017-06-12 21:25:28.718239 UTC - adsb_thread - INFO - ad4031079695907ac335eda3162d 85cfe9 2.086095208e-07 4 0.90960475
2017-06-12 21:25:28.719209 UTC - adsb_thread - INFO - 839804c63be109482c622b557329 d0d52d 2.03845957e-07 4 0.93058375
2017-06-12 21:25:28.719991 UTC - adsb_thread - INFO - 9b669169198ae5 72a121 4.243888156e-07 4 0.93153925
2017-06-12 21:25:28.720891 UTC - adsb_thread - INFO - 80ccbb6e2bdc4798a8287c9ce38c 37560d 2.950436055e-07 4 0.95218725
2017-06-12 21:25:28.721707 UTC - adsb_thread - INFO - 912f4a8a8dc2db 051587 1.984227112e-07 5 0.0005005
2017-06-12 21:25:28.818901 UTC - adsb_thread - INFO - 824412dc532eb724a9412a1b35b3 fed037 3.04289415e-07 5 0.004383
2017-06-12 21:25:28.819896 UTC - adsb_thread - INFO - f84aa381c2fbea 71b563 1.946000481e-07 5 0.05389875
2017-06-12 21:25:28.820767 UTC - adsb_thread - INFO - 9c6c854d39e468 2d2019 1.998779595e-07 5 0.0740955
2017-06-12 21:25:28.919657 UTC - adsb_thread - INFO - 79a30700607a3e b82af8 2.821690828e-07 5 0.1223795
2017-06-12 21:25:28.920668 UTC - adsb_thread - INFO - 04abbad9bef9f4 76b0c7 2.389085125e-07 5 0.1939965
2017-06-12 21:25:29.120592 UTC - adsb_thread - INFO - 7f30072d312b2b ce359a 2.355515676e-07 5 0.23601875
2017-06-12 21:25:29.221108 UTC - adsb_thread - INFO - 0cc6d4cc5210d1 4845b9 2.489014719e-07 5 0.40730675
2017-06-12 21:25:29.222062 UTC - adsb_thread - INFO - dbc8f1c92c8bf2 11b0e0 2.564493968e-07 5 0.4457625
2017-06-12 21:25:29.321973 UTC - adsb_thread - INFO - 77a881cf12de4a cc59f0 2.467476463e-07 5 0.4829375
2017-06-12 21:25:29.423065 UTC - adsb_thread - INFO - 06c62dba36e2b4 fcb071 1.917088639e-07 5 0.50140775
2017-06-12 21:25:29.423998 UTC - adsb_thread - INFO - 31c7e750ea1aa3 2d06bb 2.042922489e-07 5 0.52232075
2017-06-12 21:25:29.424720 UTC - adsb_thread - INFO - 37be86a7b3d128 4bc18f 1.736052582e-07 5 0.55444
2017-06-12 21:25:29.425387 UTC - adsb_thread - INFO - 0a1e1a4ab3a125 541a9b 2.865932345e-07 5 0.65131675
2017-06-12 21:25:29.724284 UTC - adsb_thread - INFO - ff26f3662b4708 bb4869 2.648998532e-07 5 0.916813
2017-06-12 21:25:29.825059 UTC - adsb_thread - INFO - c71e69f16864b7 1cc91a 2.338635738e-07 5 0.963027
2017-06-12 21:25:29.825997 UTC - adsb_thread - INFO - 0c53bca0c2c535 e5ff34 4.344595084e-07 6 0.02621425
2017-06-12 21:25:29.925699 UTC - adsb_thread - INFO - b314a0c11fb9f6 8ba480 3.191720737e-07 6 0.0783465
2017-06-12 21:25:30.026309 UTC - adsb_thread - INFO - af6a137a6cfb896f694688543f9e 7c60b2 2.836246722e-07 6 0.1932825
2017-06-12 21:25:30.327420 UTC - adsb_thread - INFO - 7d2c730fb59537 02398c 2.35910619e-07 6 0.51384075
2017-06-12 21:25:30.428110 UTC - adsb_thread - INFO - 160c182e8e5789 0143b5 2.1037539e-07 6 0.5660915
2017-06-12 21:25:30.529043 UTC - adsb_thread - INFO - bb7bb7e1279862 58a901 1.816868576e-07 6 0.63376375
2017-06-12 21:25:30.529990 UTC - adsb_thread - INFO - a44fa93750c1f9e1a9dd8d2e618f 44c047 3.14195006e-07 6 0.68365125
2017-06-12 21:25:30.530901 UTC - adsb_thread - INFO - 189c9bd39e3667 6f6da2 2.54092015e-07 6 0.74961425
2017-06-12 21:25:30.729918 UTC - adsb_thread - INFO - a658ce436713d607b0ac8275da11 1cf7b8 2.579823217e-07 6 0.76862275
2017-06-12 21:25:30.730973 UTC - adsb_thread - INFO - de0200fd7f9df6 87486f 2.615043115e-07 6 0.77446925
2017-06-12 21:25:30.731836 UTC - adsb_thread - INFO - eb5272ea845717 d1a640 2.60795872e-07 6 0.96880925
2017-06-12 21:25:30.830919 UTC - adsb_thread - INFO - 71cd3612c77d92 e2817a 2.319426216e-07 7 0.04232075
2017-06-12 21:25:30.931531 UTC - adsb_thread - INFO - faea30432331e6 67ba52 2.36036783e-07 7 0.17367125
2017-06-12 21:25:31.132448 UTC - adsb_thread - INFO - 06dd328d91523e baffec 2.431288522e-07 7 0.32975425
2017-06-12 21:25:31.233073 UTC - adsb_thread - INFO - fe4e8c91e66bdb fe93ed 3.363541055e-07 7 0.41596625
2017-06-12 21:25:31.333885 UTC - adsb_thread - INFO - b7e6932057d995 b9677b 2.872431821e-07 7 0.434198
2017-06-12 21:25:31.434500 UTC - adsb_thread - INFO - de8208c642b668 deb24a 1.810562367e-07 7 0.61591
2017-06-12 21:25:31.535017 UTC - adsb_thread - INFO - eed3db3b6c3797 18baef 2.86680546e-07 7 0.67558225
2017-06-12 21:25:31.635620 UTC - adsb_thread - INFO - fb540a3e0372b6 139619 2.106566939e-07 7 0.8816215
2017-06-12 21:25:31.736217 UTC - adsb_thread - INFO - fe59815ddab92e 7cb2b5 2.676649444e-07 7 0.88794625
2017-06-12 21:25:31.737186 UTC - adsb_thread - INFO - da7aaba920dbb0 adec25 1.932319407e-07 7 0.888519
2017-06-12 21:25:31.737943 UTC - adsb_thread - INFO - a3e324f28a6ba4130b6b5837e68e 702583 2.164583748e-07 7 0.91476975
2017-06-12 21:25:31.837262 UTC - adsb_thread - INFO - d5c0ca772af7ca 9beacb 2.023616616e-07 8 0.05563925
2017-06-12 21:25:31.937878 UTC - adsb_thread - INFO - 04b702810185c0 198816 2.622124384e-07 8 0.062638
2017-06-12 21:25:31.938847 UTC - adsb_thread - INFO - d619a80e8ef3bf 3ed69b 3.07248456e-07 8 0.107738
2017-06-12 21:25:31.939638 UTC - adsb_thread - INFO - 478108ed4c4807 0dc6a6 3.080148758e-07 8 0.1210675
2017-06-12 21:25:31.940435 UTC - adsb_thread - INFO - acb0f8cf7d7e4d499f81830d6786 057ba1 3.167369016e-07 8 0.1535245
2017-06-12 21:25:32.139641 UTC - adsb_thread - INFO - 3ffe4508b9cda4 05d24e 1.696565874e-07 8 0.19070975
2017-06-12 21:25:32.140656 UTC - adsb_thread - INFO - 8696fdf734e4c059de217e211598 f205b6 1.973845087e-07 8 0.22728975
2017-06-12 21:25:32.240155 UTC - adsb_thread - INFO - d193e8f4328674 b71f63 2.39053918e-07 8 0.386226
2017-06-12 21:25:32.241098 UTC - adsb_thread - INFO - a82e418b80c4ef7da0dee7b47858 58c3c9 1.906805522e-07 8 0.40879925
2017-06-12 21:25:32.241905 UTC - adsb_thread - INFO - 7198c0744a32dd 7fb8f0 2.427698576e-07 8 0.42266175
2017-06-12 21:25:32.242659 UTC - adsb_thread - INFO - af6b59c3d08c2e08b1ef607887cd 500d86 2.937240424e-07 8 0.440546
2017-06-12 21:25:32.243343 UTC - adsb_thread - INFO - 80d8b75d9d89a4bc6d09fbab3abb b06a4b 1.861206442e-07 8 0.45178975
2017-06-12 21:25:32.244015 UTC - adsb_thread - INFO - a04b7b63e2940dc22fa6ec088d54 6b53af 3.738324779e-07 8 0.48685675
2017-06-12 21:25:32.341711 UTC - adsb_thread - INFO - fac3a3b32496dc 486d64 2.405579096e-07 8 0.50958725
2017-06-12 21:25:32.442346 UTC - adsb_thread - INFO - 724bfa4cc1f3f9 900000 2.887955191e-07 8 0.60800975
2017-06-12 21:25:32.443281 UTC - adsb_thread - INFO - 751abd451b6e01 6a2bb5 2.243169064e-07 8 0.6323125
2017-06-12 21:25:32.444072 UTC - adsb_thread - INFO - 03162e32e9e8d2 0f6acb 2.567890363e-07 8 0.6668985
2017-06-12 21:25:32.543298 UTC - adsb_thread - INFO - d8c3b1570a42de 489ab9 2.554890841e-07 8 0.684309
2017-06-12 21:25:32.544252 UTC - adsb_thread - INFO - b0ea13f8376cfb aed690 2.538882313e-07 8 0.69478075
2017-06-12 21:25:32.545075 UTC - adsb_thread - INFO - a986097e6788273a59e121ee74e3 7cdcc7 2.52345643e-07 8 0.6975665
2017-06-12 21:25:32.644274 UTC - adsb_thread - INFO - 54c72c8cd47a25 0bff5e 2.705074564e-07 8 0.785258
2017-06-12 21:25:32.645239 UTC - adsb_thread - INFO - 514cd6726a433d 919789 3.51935256e-07 8 0.82415625
2017-06-12 21:25:32.645984 UTC - adsb_thread - INFO - e02f7cf9ee56eb 8a1034 2.570996003e-07 8 0.83570525
2017-06-12 21:25:32.648240 UTC - adsb_thread - INFO - 23a129a2fb1a57 e329da 2.915315349e-07 8 0.838753
2017-06-12 21:25:32.846198 UTC - adsb_thread - INFO - 688992a37aee85 d0205e 4.09739016e-07 8 0.862316
2017-06-12 21:25:32.847154 UTC - adsb_thread - INFO - 850cf890f3f8c4df55dfb6deddec 36e32c 2.986234335e-07 8 0.94934525
2017-06-12 21:25:32.847889 UTC - adsb_thread - INFO - 3d2820c16435fb 916780 2.012070297e-07 9 0.07073075
2017-06-12 21:25:32.947492 UTC - adsb_thread - INFO - a14e2c07f8bb89999796504dc3a9 b66230 2.168754634e-07 9 0.13695175
2017-06-12 21:25:32.948412 UTC - adsb_thread - INFO - c749869b090dc9 e88ff9 3.388863092e-07 9 0.1378875
2017-06-12 21:25:32.949132 UTC - adsb_thread - INFO - c42a1ef145195a 6aeea4 1.995771584e-07 9 0.14450425
2017-06-12 21:25:32.949796 UTC - adsb_thread - INFO - b1ec3e14361b73 d5ba0e 1.717910152e-07 9 0.16095675
2017-06-12 21:25:32.950564 UTC - adsb_thread - INFO - 1e34c70961ddd3 79506d 2.253548388e-07 9 0.16456375
2017-06-12 21:25:33.047982 UTC - adsb_thread - INFO - e4af0b95c6d937 6d5018 1.80144383e-07 9 0.18946925
2017-06-12 21:25:33.048969 UTC - adsb_thread - INFO - 852af0998a68ccf0a090f53e486c d50d5d 2.619311488e-07 9 0.24940925
2017-06-12 21:25:33.049771 UTC - adsb_thread - INFO - 7ad3046aec3433 4a9b4c 2.937338195e-07 9 0.29142875
2017-06-12 21:25:33.148933 UTC - adsb_thread - INFO - eadbd82e607336 38936d 2.137806092e-07 9 0.34135475
2017-06-12 21:25:33.249522 UTC - adsb_thread - INFO - 0614a1a55cb9ec 7ef1f0 2.538397723e-07 9 0.38972325
2017-06-12 21:25:33.350093 UTC - adsb_thread - INFO - 50d462ea49111e d8f615 2.331165376e-07 9 0.53221475
2017-06-12 21:25:33.351115 UTC - adsb_thread - INFO - a338cab8e5eb544631b277c32557 8bfd2d 1.768068643e-07 9 0.566793
2017-06-12 21:25:33.450911 UTC - adsb_thread - INFO - 972e3d0b79e7f2 742d57 2.384332447e-07 9 0.624005
2017-06-12 21:25:33.451834 UTC - adsb_thread - INFO - 0369cd64e37905 f23992 3.04949225e-07 9 0.627114
2017-06-12 21:25:33.452678 UTC - adsb_thread - INFO - 184f55d4333e38 47a8c3 2.462334976e-07 9 0.66643775
2017-06-12 21:25:33.453381 UTC - adsb_thread - INFO - 1bd3e233d6cb3f 47d119 2.524038223e-07 9 0.675369
2017-06-12 21:25:33.552078 UTC - adsb_thread - INFO - 3481f52ae8c4bb f3dc17 3.207243253e-07 9 0.705987
2017-06-12 21:25:33.653157 UTC - adsb_thread - INFO - b1c4f93d0a8a1e 930821 1.413466322e-07 9 0.804645
2017-06-12 21:25:33.654114 UTC - adsb_thread - INFO - b0f5700eacdc7a f2f7b0 3.353160878e-07 9 0.84934675
2017-06-12 21:25:33.753467 UTC - adsb_thread - INFO - 938bde6b7585b7 e9cff0 2.485231789e-07 9 0.9387425
2017-06-12 21:25:33.754411 UTC - adsb_thread - INFO - bb7b6a69d693e5 8dc39c 2.355905053e-07 9 0.99456725
2017-06-12 21:25:33.854287 UTC - adsb_thread - INFO - 60298ba6db0aa4 1fd7d5 2.82499002e-07 10 0.014858
2017-06-12 21:25:33.954912 UTC - adsb_thread - INFO - af68f187666095e99740f1c73902 484a6e 2.04428062e-07 10 0.109997
2017-06-12 21:25:33.955866 UTC - adsb_thread - INFO - fd4c42a15a6e88 f5c197 2.026429655e-07 10 0.13471975
2017-06-12 21:25:34.056092 UTC - adsb_thread - INFO - 79ae3666b7b4e9 e93416 2.600586129e-07 10 0.148174
2017-06-12 21:25:34.058719 UTC - adsb_thread - INFO - 03779379ab1e6f 120cff 1.750701983e-07 10 0.207997
2017-06-12 21:25:34.059526 UTC - adsb_thread - INFO - 274e37bf0741b8 914deb 1.94347777e-07 10 0.30119075
2017-06-12 21:25:34.156701 UTC - adsb_thread - INFO - 00622a65b03d2d cbac32 2.885045092e-07 10 0.30892
2017-06-12 21:25:34.257838 UTC - adsb_thread - INFO - cbf71666bf44fd 829ab5 2.530732672e-07 10 0.348858
2017-06-12 21:25:34.258800 UTC - adsb_thread - INFO - 05b78374c00027 fe85f1 3.268074238e-07 10 0.35155075
2017-06-12 21:25:34.259586 UTC - adsb_thread - INFO - 0c20111d961592 cd0b6d 2.068146188e-07 10 0.48789325
2017-06-12 21:25:34.358191 UTC - adsb_thread - INFO - 83ad9e2a1ad826b3bc39e9987dc6 45970c 2.756980564e-07 10 0.55989425
2017-06-12 21:25:34.458854 UTC - adsb_thread - INFO - 1967d44a72e6ba f6fcce 2.74058408e-07 10 0.66470725
2017-06-12 21:25:34.559946 UTC - adsb_thread - INFO - f81292740c364b ac9ff6 2.796466561e-07 10 0.68694275
2017-06-12 21:25:34.560921 UTC - adsb_thread - INFO - d6b1e4ca8113bd c08391 2.251609033e-07 10 0.7136405
2017-06-12 21:25:34.561646 UTC - adsb_thread - INFO - 0cce2d446ed28c 3836ff 2.093663909e-07 10 0.770112
2017-06-12 21:25:34.562314 UTC - adsb_thread - INFO - 66aa444939da12 dc4009 1.663870393e-07 10 0.7756965
2017-06-12 21:25:34.660583 UTC - adsb_thread - INFO - 6e06c36899cdcf 07c7d0 2.084446464e-07 10 0.82537975
2017-06-12 21:25:34.861442 UTC - adsb_thread - INFO - f5472b7aec4d04 5c72dc 1.840832482e-07 10 0.919784
2017-06-12 21:25:34.862403 UTC - adsb_thread - INFO - d86393f67379b8 45b52b 2.371330368e-07 10 0.99024475
2017-06-12 21:25:34.863131 UTC - adsb_thread - INFO - c21c21236e549b 8dc4da 2.568375237e-07 11 0.08668125
2017-06-12 21:25:34.962536 UTC - adsb_thread - INFO - 97f31b8e523533 54c3c2 1.705394936e-07 11 0.0910675
2017-06-12 21:25:35.163705 UTC - adsb_thread - INFO - 9b512a5a1f340e 7635e3 3.095186401e-07 11 0.274373
2017-06-12 21:25:35.164709 UTC - adsb_thread - INFO - a3f4bc05a1fdb3823fecf74e4dfd 566074 2.553724983e-07 11 0.29201475
2017-06-12 21:25:35.165456 UTC - adsb_thread - INFO - d2406865dc17fe 8f4f05 4.370109536e-07 11 0.3208995
2017-06-12 21:25:35.166158 UTC - adsb_thread - INFO - ac3a7a7d830900da3c0b54b76b22 38fb47 2.974788345e-07 11 0.387846
2017-06-12 21:25:35.265360 UTC - adsb_thread - INFO - d60fe2277366a8 dc44dd 2.502112579e-07 11 0.4324665
2017-06-12 21:25:35.266300 UTC - adsb_thread - INFO - 70fa2624701eba 26d7ba 2.418966289e-07 11 0.4795775
2017-06-12 21:25:35.267043 UTC - adsb_thread - INFO - 0d196b08161e86 acfca6 2.333394491e-07 11 0.48591975
2017-06-12 21:25:35.365919 UTC - adsb_thread - INFO - 83357208150b7861f45a07fdd9cf 947610 2.09686533e-07 11 0.5071585
2017-06-12 21:25:35.366873 UTC - adsb_thread - INFO - c87272db4dc8bc 5ff109 2.120149247e-07 11 0.55764775
2017-06-12 21:25:35.367609 UTC - adsb_thread - INFO - 9ab0431a8b1cb1 de9a63 2.508710679e-07 11 0.58979975
2017-06-12 21:25:35.467315 UTC - adsb_thread - INFO - aac566ea53823782b037a136c438 66b761 1.930962554e-07 11 0.6313565
2017-06-12 21:25:35.468284 UTC - adsb_thread - INFO - a1b79442cf0529614ea27cb74f0f 313047 2.096282827e-07 11 0.63927125
2017-06-12 21:25:35.470891 UTC - adsb_thread - INFO - 2acdc5e5b2bb1f b8c95c 2.608348382e-07 11 0.662434
2017-06-12 21:25:35.567850 UTC - adsb_thread - INFO - 82b14f7c26adb869548dfec45452 d33bea 2.025555688e-07 11 0.7208705
2017-06-12 21:25:35.568826 UTC - adsb_thread - INFO - db5b48e2d98029 623326 2.056893322e-07 11 0.73064075
2017-06-12 21:25:35.569580 UTC - adsb_thread - INFO - b1ad023657bf74 a429b8 2.349888746e-07 11 0.767085
2017-06-12 21:25:35.570342 UTC - adsb_thread - INFO - 53c44131159b22 f29043 3.706597909e-07 11 0.77619625
2017-06-12 21:25:35.571103 UTC - adsb_thread - INFO - 30d8ac5fc6c2c1 59ba8f 2.330970119e-07 11 0.79168975
2017-06-12 21:25:35.669165 UTC - adsb_thread - INFO - 791b50bfa425f2 2f1cda 2.856715469e-07 11 0.85311675
2017-06-12 21:25:35.670081 UTC - adsb_thread - INFO - dedec241745a5b f728e5 1.787279018e-07 11 0.85700575
2017-06-12 21:25:35.769998 UTC - adsb_thread - INFO - bd2063440bc356 07e22f 2.753487252e-07 11 0.857865
2017-06-12 21:25:36.071307 UTC - adsb_thread - INFO - 38f08c959c55e4 b240c4 2.662773682e-07 12 0.155707
2017-06-12 21:25:36.072286 UTC - adsb_thread - INFO - e5480355f1341b 0104d6 2.575458495e-07 12 0.26262325
2017-06-12 21:25:36.172581 UTC - adsb_thread - INFO - 34889be6cf07f8 a529fc 3.33307753e-07 12 0.2831045
2017-06-12 21:25:36.173545 UTC - adsb_thread - INFO - 7d1eb2f8214b34 64966e 1.929507789e-07 12 0.30930125
2017-06-12 21:25:36.272911 UTC - adsb_thread - INFO - 6f82d5fccc21b9 67a872 3.168339333e-07 12 0.41536775
2017-06-12 21:25:36.273868 UTC - adsb_thread - INFO - a6bcd9578b3b9db604d1368f5906 5a9c18 2.144113012e-07 12 0.48207325
2017-06-12 21:25:36.373804 UTC - adsb_thread - INFO - 2ccc4d95ffbfa1 8bc865 2.754069328e-07 12 0.5413055
2017-06-12 21:25:36.474326 UTC - adsb_thread - INFO - dc21c591a63154 ebb7bd 2.868260935e-07 12 0.653707
2017-06-12 21:25:36.574945 UTC - adsb_thread - INFO - 26889779d0da96 e2db4f 2.332911322e-07 12 0.73603925
2017-06-12 21:25:36.676557 UTC - adsb_thread - INFO - a815960e2319ddacdc41b1efdb89 d3e162 2.679267368e-07 12 0.78588775
2017-06-12 21:25:36.677514 UTC - adsb_thread - INFO - 1364aee14a97d7 182942 2.615915093e-07 12 0.8349895
2017-06-12 21:25:36.678329 UTC - adsb_thread - INFO - 8339e4ad4abe8bb731e0b1fb8250 81b235 2.397624144e-07 12 0.8381595
2017-06-12 21:25:36.679048 UTC - adsb_thread - INFO - 7c6804c73e0775 933e9c 2.795885052e-07 12 0.8619845
2017-06-12 21:25:36.679710 UTC - adsb_thread - INFO - 4574d97f65847f dd064e 2.511522439e-07 12 0.91376325
2017-06-12 21:25:36.776815 UTC - adsb_thread - INFO - d7a3054e2f2ad3 314477 2.315155569e-07 12 0.9223155
2017-06-12 21:25:36.777781 UTC - adsb_thread - INFO - d4d1ea65bc9703 c85fca 2.892709858e-07 12 0.9593905
2017-06-12 21:25:36.778533 UTC - adsb_thread - INFO - 3aa22ed8808581 920ed9 2.253258344e-07 13 0.0177565
2017-06-12 21:25:36.877797 UTC - adsb_thread - INFO - f17211d5f41aee 02e137 2.375891341e-07 13 0.02593
2017-06-12 21:25:36.978993 UTC - adsb_thread - INFO - 2ad2bb7611e8cc 870a41 2.552076239e-07 13 0.08647025
2017-06-12 21:25:36.979934 UTC - adsb_thread - INFO - 2ab0b2b0e51830 dd1649 2.398884646e-07 13 0.08809275
2017-06-12 21:25:36.981352 UTC - adsb_thread - INFO - 55dd2244644c55 68ce2b 2.548292173e-07 13 0.09474525
2017-06-12 21:25:36.982831 UTC - adsb_thread - INFO - 0af43b94181a90 9b53c2 2.544799997e-07 13 0.164482
2017-06-12 21:25:37.079561 UTC - adsb_thread - INFO - 6f232c879f1c7d 4e66ba 4.316458444e-07 13 0.177066
2017-06-12 21:25:37.080589 UTC - adsb_thread - INFO - d66e01859df940 5f9adb 2.132373851e-07 13 0.1881975
2017-06-12 21:25:37.180670 UTC - adsb_thread - INFO - ac0cd098c5303e4e990e12d736bc b88425 2.251997984e-07 13 0.33433425
2017-06-12 21:25:37.181609 UTC - adsb_thread - INFO - 004d2d0303ae5b 5a8adf 2.969548234e-07 13 0.3514145
2017-06-12 21:25:37.281289 UTC - adsb_thread - INFO - a3745a3948d796e4fb2e8126fc78 10d6c3 1.837145049e-07 13 0.3980485
2017-06-12 21:25:37.381888 UTC - adsb_thread - INFO - 361289f6b47280 37cfcd 2.978667339e-07 13 0.4436975
2017-06-12 21:25:37.582819 UTC - adsb_thread - INFO - c7e1361242fdda bdabee 2.877961833e-07 13 0.67046975
2017-06-12 21:25:37.683353 UTC - adsb_thread - INFO - b5f825bc98227a ba76c3 2.055825234e-07 13 0.81967875
2017-06-12 21:25:37.684329 UTC - adsb_thread - INFO - 18dabfd72cd004 7dc02a 2.575942801e-07 13 0.88830525
2017-06-12 21:25:37.685064 UTC - adsb_thread - INFO - 9f4ddc191f56da de572a 1.982867843e-07 13 0.92488125
2017-06-12 21:25:37.884791 UTC - adsb_thread - INFO - 444a4917bfe590 ed03dd 2.19922029e-07 14 0.00380475
2017-06-12 21:25:37.885751 UTC - adsb_thread - INFO - bcd225d989e599 edaaae 2.780555519e-07 14 0.09069275
2017-06-12 21:25:37.886557 UTC - adsb_thread - INFO - 6083bdc855e371 b3eb96 2.54509132e-07 14 0.0973325
2017-06-12 21:25:37.985812 UTC - adsb_thread - INFO - 07838cad77a8b2 101362 2.861081327e-07 14 0.14875225
2017-06-12 21:25:38.086406 UTC - adsb_thread - INFO - 7dfaa150535222 f02736 3.346853816e-07 14 0.2349135
2017-06-12 21:25:38.187018 UTC - adsb_thread - INFO - ace4382f903103e9e0562d31547a b82a37 2.198346181e-07 14 0.40110875
2017-06-12 21:25:38.187961 UTC - adsb_thread - INFO - fbd43983c50e34 0aff44 2.223474524e-07 14 0.4100295
2017-06-12 21:25:38.188782 UTC - adsb_thread - INFO - a39f238e2f29d510ec0ee1ec0b1d d210e2 2.791324505e-07 14 0.41072425
2017-06-12 21:25:38.189507 UTC - adsb_thread - INFO - 853dde39833c08e34514278d6611 488e72 2.760764914e-07 14 0.4203765
2017-06-12 21:25:38.288429 UTC - adsb_thread - INFO - 2d0d70d3ff2779 56e994 3.431939035e-07 14 0.4553485
2017-06-12 21:25:38.389048 UTC - adsb_thread - INFO - 4af9103153b4aa ded7c4 2.907260921e-07 14 0.5176645
2017-06-12 21:25:38.389982 UTC - adsb_thread - INFO - 75638c060b7290 277bfd 2.210375953e-07 14 0.536238
2017-06-12 21:25:38.489589 UTC - adsb_thread - INFO - 180d30564d66f6 db4d9d 2.947427049e-07 14 0.68168525
2017-06-12 21:25:38.590433 UTC - adsb_thread - INFO - a4dccadcb2682b9a61d85cfde1b9 d2028e 1.986361298e-07 14 0.68827025
2017-06-12 21:25:38.591368 UTC - adsb_thread - INFO - 195ebf0af83d5e a45ca1 2.585159962e-07 14 0.7572365
2017-06-12 21:25:38.690996 UTC - adsb_thread - INFO - 038d53352cedd9 9e6209 1.506118537e-07 14 0.83965825
2017-06-12 21:25:38.693539 UTC - adsb_thread - INFO - 9c048846df0922 d324de 3.33181589e-07 14 0.8918295
2017-06-12 21:25:38.791808 UTC - adsb_thread - INFO - 4e585d22016944 4484fb 2.642983077e-07 14 0.93630975
2017-06-12 21:25:38.792765 UTC - adsb_thread - INFO - e6b1209f21912c 1eafc5 2.031862891e-07 14 0.9837145
2017-06-12 21:25:39.094154 UTC - adsb_thread - INFO - 2b795965f6142d c46249 1.871684248e-07 15 0.07024425
2017-06-12 21:25:39.095080 UTC - adsb_thread - INFO - edd6f95d225ffb 3069c7 2.536650925e-07 15 0.2269215
2017-06-12 21:25:39.095817 UTC - adsb_thread - INFO - a0b627f8c86f9051c1482784909b 76e715 1.642332279e-07 15 0.24804825
2017-06-12 21:25:39.096506 UTC - adsb_thread - INFO - ab32cda78ebc76d112abdd6c5fa9 54249c 2.54266638e-07 15 0.2913705
2017-06-12 21:25:39.097183 UTC - adsb_thread - INFO - 87aa0e595e89d4e6205d1a82866e 52becc 3.232371455e-07 15 0.314414
2017-06-12 21:25:39.097824 UTC - adsb_thread - INFO - 929c5e7c7ba3ab 365db0 2.808012312e-07 15 0.3353605
2017-06-12 21:25:39.194699 UTC - adsb_thread - INFO - a7bf80be063c71009b57ea8c08da b0b92f 2.611160994e-07 15 0.35109475
2017-06-12 21:25:39.195632 UTC - adsb_thread - INFO - 92afd80fa4c4f3 47092c 2.033317514e-07 15 0.35155775
2017-06-12 21:25:39.196343 UTC - adsb_thread - INFO - 19d75e00791895 19b646 2.319717112e-07 15 0.3795865
2017-06-12 21:25:39.396027 UTC - adsb_thread - INFO - 2bd90355e3bfce 8fb754 1.750023273e-07 15 0.5271695
2017-06-12 21:25:39.496605 UTC - adsb_thread - INFO - 07281bacae05bc d2048e 2.829064556e-07 15 0.66056175
2017-06-12 21:25:39.497569 UTC - adsb_thread - INFO - 4bafceff6e8511 868e3f 2.080275294e-07 15 0.74303975
2017-06-12 21:25:39.498386 UTC - adsb_thread - INFO - a5c37e3f29f29ced0b148182597b 1fbc16 2.595444357e-07 15 0.74787325
2017-06-12 21:25:39.597567 UTC - adsb_thread - INFO - fa54126f340224 633869 1.771948064e-07 15 0.75794775
2017-06-12 21:25:39.598581 UTC - adsb_thread - INFO - 3ee0723e103d7f ed7994 2.368225296e-07 15 0.7638235
2017-06-12 21:25:39.599384 UTC - adsb_thread - INFO - 2df557c34e70f8 655c8a 2.781040962e-07 15 0.823026
2017-06-12 21:25:39.698547 UTC - adsb_thread - INFO - a25d38bb2e09d28219f2e302f16b 2658fd 2.718367114e-07 15 0.85518625
2017-06-12 21:25:39.899486 UTC - adsb_thread - INFO - a765dd533711d902fde3d6932f2a eacf8d 1.98141322e-07 15 0.95095625
2017-06-12 21:25:39.900524 UTC - adsb_thread - INFO - 05fb6c919f9e3a 690822 1.872654281e-07 16 0.07537425
2017-06-12 21:25:39.901282 UTC - adsb_thread - INFO - 69b4c420e28dc2 ef32fe 3.435139604e-07 16 0.1303155
2017-06-12 21:25:39.901972 UTC - adsb_thread - INFO - 109c5b2f294bd2 f87a22 1.776315344e-07 16 0.1342155
2017-06-12 21:25:40.000616 UTC - adsb_thread - INFO - 653b239c6a099e 5a4550 3.110419584e-07 16 0.14713675
2017-06-12 21:25:40.001549 UTC - adsb_thread - INFO - da52b8e23f7563 974949 2.655789899e-07 16 0.170113
2017-06-12 21:25:40.201748 UTC - adsb_thread - INFO - 39a5bd4e007ed1 43c32a 2.584675372e-07 16 0.36063325
2017-06-12 21:25:40.302356 UTC - adsb_thread - INFO - b9c1a5ea2d3082 019627 2.502886787e-07 16 0.4998295
2017-06-12 21:25:40.402970 UTC - adsb_thread - INFO - 160d8a2512945c 6a1f7b 1.946001333e-07 16 0.6063815
2017-06-12 21:25:40.403915 UTC - adsb_thread - INFO - b763a311d7d7f1 c9a19f 2.9878845e-07 16 0.6177035
2017-06-12 21:25:40.503765 UTC - adsb_thread - INFO - cde3cc98368313 15801a 2.934330041e-07 16 0.66211825
2017-06-12 21:25:40.604364 UTC - adsb_thread - INFO - b37ff90e302512 0a76ae 3.09751556e-07 16 0.722235
2017-06-12 21:25:40.605341 UTC - adsb_thread - INFO - 84527eedd224dd48945adac1927f f4d2b6 1.962106069e-07 16 0.74352025
2017-06-12 21:25:40.705247 UTC - adsb_thread - INFO - 4b49140ad0ec49 c2c1f6 3.330651452e-07 16 0.839182
2017-06-12 21:25:40.805782 UTC - adsb_thread - INFO - 76fd57836e02be b4e75c 2.934719419e-07 16 0.8780935
2017-06-12 21:25:41.006731 UTC - adsb_thread - INFO - 07364a58e4ef68 9030a8 3.516538811e-07 17 0.144803
2017-06-12 21:25:41.107572 UTC - adsb_thread - INFO - f3bd6a753ead7f 7676db 2.48309675e-07 17 0.1843495
2017-06-12 21:25:41.308500 UTC - adsb_thread - INFO - ffd473f8251750 a8d608 2.489887834e-07 17 0.296193
2017-06-12 21:25:41.409205 UTC - adsb_thread - INFO - 4479997c93ccd3 d7f4fc 2.213383823e-07 17 0.4140175
2017-06-12 21:25:41.410173 UTC - adsb_thread - INFO - f93c13a809b3a1 76f06e 2.713127856e-07 17 0.54392
2017-06-12 21:25:41.509743 UTC - adsb_thread - INFO - ae274b2f316cc680980ad0b60dc1 1fa009 4.060329388e-07 17 0.653205
2017-06-12 21:25:41.610432 UTC - adsb_thread - INFO - 986641145b43c5 d43199 2.703232269e-07 17 0.77765575
2017-06-12 21:25:41.611336 UTC - adsb_thread - INFO - ceb4378dedc925 020e04 2.151679865e-07 17 0.80375075
2017-06-12 21:25:41.612109 UTC - adsb_thread - INFO - 6a09b98ff9c2c5 b34576 2.090364148e-07 17 0.804545
2017-06-12 21:25:41.612868 UTC - adsb_thread - INFO - c08eec09d48872 8e68db 3.024460682e-07 17 0.81874
2017-06-12 21:25:41.613556 UTC - adsb_thread - INFO - 76b10a1ae8f141 c37a12 2.153718128e-07 17 0.8318585
2017-06-12 21:25:41.711748 UTC - adsb_thread - INFO - 497ac8dff93cdc e41c4e 2.499103573e-07 17 0.86027575
2017-06-12 21:25:41.712681 UTC - adsb_thread - INFO - e8829bede27375 4c50a3 2.403249084e-07 17 0.87766
2017-06-12 21:25:41.713478 UTC - adsb_thread - INFO - 9a4620d2640a48 b19e8d 3.696606541e-07 17 0.88400925
2017-06-12 21:25:41.913137 UTC - adsb_thread - INFO - ab8a94772102d7acf386ab2ab205 3ac983 1.681430319e-07 17 0.913883
2017-06-12 21:25:41.914143 UTC - adsb_thread - INFO - 1cd1bd34d71867 b794cc 1.635736169e-07 17 0.93374
2017-06-12 21:25:41.914997 UTC - adsb_thread - INFO - 3f2989673f0c6e 2fa602 2.573226823e-07 18 0.09479575
2017-06-12 21:25:42.014384 UTC - adsb_thread - INFO - aab8accdd2d043d71290d871ba74 4e324f 1.34778432e-07 18 0.15309275
2017-06-12 21:25:42.015348 UTC - adsb_thread - INFO - 7d58b2b0110347 f12cc5 3.280104579e-07 18 0.20573775
2017-06-12 21:25:42.115119 UTC - adsb_thread - INFO - ab97c1698dfcb73c8512d9dfb8ca 5c7a92 1.979665996e-07 18 0.2717235
2017-06-12 21:25:42.116127 UTC - adsb_thread - INFO - ada77797bd87a0a04d62cd46a5dd 4f9244 2.728844777e-07 18 0.30697975
2017-06-12 21:25:42.216148 UTC - adsb_thread - INFO - 2c7e843536212f d6fc3b 2.469901688e-07 18 0.35478575
2017-06-12 21:25:42.217117 UTC - adsb_thread - INFO - f70946b9c7e0d1 17705a 1.872266751e-07 18 0.371697
2017-06-12 21:25:42.217934 UTC - adsb_thread - INFO - e1a3224fb7b1b0 85ef0a 2.189420059e-07 18 0.39033925
2017-06-12 21:25:42.316736 UTC - adsb_thread - INFO - e707b4a69737da 026a5b 3.401087554e-07 18 0.3953795
2017-06-12 21:25:42.517740 UTC - adsb_thread - INFO - 016ccd631b6fff 9880af 2.459908899e-07 18 0.60840375
2017-06-12 21:25:42.618341 UTC - adsb_thread - INFO - 3c897cc28e57f6 d9b61b 3.763645395e-07 18 0.84276225
2017-06-12 21:25:42.919563 UTC - adsb_thread - INFO - 3699a301ad4b4b 146b85 2.663648218e-07 19 0.006589
2017-06-12 21:25:42.920615 UTC - adsb_thread - INFO - ba06459c6fbabb c790c9 2.13683677e-07 19 0.02855475
2017-06-12 21:25:43.020399 UTC - adsb_thread - INFO - 488312d73ccd52 98e546 2.189420059e-07 19 0.16941225
2017-06-12 21:25:43.021340 UTC - adsb_thread - INFO - 185970804211ed cc1e87 3.678559892e-07 19 0.24588275
2017-06-12 21:25:43.022050 UTC - adsb_thread - INFO - 6ed90497d6881c ef0915 2.818296139e-07 19 0.267517
2017-06-12 21:25:43.121464 UTC - adsb_thread - INFO - 70cd858bacc33e 6f3a55 2.770466097e-07 19 0.27387425
2017-06-12 21:25:43.122410 UTC - adsb_thread - INFO - 427061dd382118 353bd2 2.022839567e-07 19 0.279997
2017-06-12 21:25:43.123208 UTC - adsb_thread - INFO - 666e77214b3e62 37b1b7 1.70190205e-07 19 0.30080075
2017-06-12 21:25:43.222421 UTC - adsb_thread - INFO - b9cd4558ecde13 246c36 3.146024028e-07 19 0.31317625
2017-06-12 21:25:43.223373 UTC - adsb_thread - INFO - 16c762ddbb69cb 187002 1.812115045e-07 19 0.357518
2017-06-12 21:25:43.323656 UTC - adsb_thread - INFO - 844f466af5c90470302b1d83c074 495446 2.142948432e-07 19 0.4238815
2017-06-12 21:25:43.324612 UTC - adsb_thread - INFO - a8f0616186e969e47c4d7a95a993 8294c6 1.640198377e-07 19 0.49643425
2017-06-12 21:25:43.325340 UTC - adsb_thread - INFO - 4977b603366290 8d1d76 2.764450642e-07 19 0.55812825
2017-06-12 21:25:43.524828 UTC - adsb_thread - INFO - 3d9b920c6d3f9a 3c8368 3.160772621e-07 19 0.5844105
2017-06-12 21:25:43.525842 UTC - adsb_thread - INFO - d785c5a733c535 3b767d 2.351150528e-07 19 0.73329
2017-06-12 21:25:43.625360 UTC - adsb_thread - INFO - 663e4017fcc1e5 224bbe 2.444774907e-07 19 0.799839
2017-06-12 21:25:43.626306 UTC - adsb_thread - INFO - b187eb43bcef30 47dcd7 1.994995387e-07 19 0.801201
2017-06-12 21:25:43.726241 UTC - adsb_thread - INFO - a060e1d6158e4e29e711f8f899e5 da606b 1.949881892e-07 19 0.80926725
2017-06-12 21:25:43.727195 UTC - adsb_thread - INFO - 045ed3fdea3fec dd6341 2.363472049e-07 19 0.8602165
2017-06-12 21:25:43.827093 UTC - adsb_thread - INFO - ab1bb7238c79acce6a5d05ed60a8 d27891 1.68676749e-07 19 0.9368315
2017-06-12 21:25:43.828041 UTC - adsb_thread - INFO - 29272de86ec3ea 7c306c 2.233466603e-07 19 0.9510195
2017-06-12 21:25:43.828845 UTC - adsb_thread - INFO - 1df77eef57ec4f 196ba8 2.303416267e-07 20 0.00022925
2017-06-12 21:25:44.028340 UTC - adsb_thread - INFO - 93aa7a7e83cc09 5760ec 2.453506056e-07 20 0.0722015
2017-06-12 21:25:44.030671 UTC - adsb_thread - INFO - 579e4e5df43066 c63e89 2.593504291e-07 20 0.10069775
2017-06-12 21:25:44.129149 UTC - adsb_thread - INFO - cf222eed28bb69 6bc370 2.675581641e-07 20 0.17112025
2017-06-12 21:25:44.130128 UTC - adsb_thread - INFO - 85ac0b9656b9f85de09e334479d1 a1ed0d 2.271304851e-07 20 0.2930865
2017-06-12 21:25:44.430589 UTC - adsb_thread - INFO - 1c588f6bab7222 7cc894 2.474267546e-07 20 0.345118
2017-06-12 21:25:44.431575 UTC - adsb_thread - INFO - a8162fc902971ae82f6b29be8cf5 be0ef2 3.16562307e-07 20 0.40259925
2017-06-12 21:25:44.531626 UTC - adsb_thread - INFO - 815db99eb953ffa9b3efcb0d7497 c23a96 2.463498276e-07 20 0.687637
2017-06-12 21:25:44.632587 UTC - adsb_thread - INFO - d98fbcefb39fd2 49b1fc 4.36457924e-07 20 0.778989
2017-06-12 21:25:44.633562 UTC - adsb_thread - INFO - b5e22e87acf75e ba2eeb 2.244430135e-07 20 0.83176325
2017-06-12 21:25:44.732905 UTC - adsb_thread - INFO - c1abbeea85b272 f1b1f4 2.35532255e-07 20 0.87437725
2017-06-12 21:25:44.733861 UTC - adsb_thread - INFO - a48ca8b8127bf858393c5bb3b339 e5dfde 1.473616891e-07 20 0.92240225
2017-06-12 21:25:44.833732 UTC - adsb_thread - INFO - ac3210b9a2a8e45ab9774f71c474 86c316 1.858490464e-07 20 0.949731
2017-06-12 21:25:44.834674 UTC - adsb_thread - INFO - 12454194800b45 ad1e63 3.34306975e-07 20 0.98084625
2017-06-12 21:25:44.934783 UTC - adsb_thread - INFO - 7e519ce1c68a83 af4605 3.28941951e-07 21 0.06164575
2017-06-12 21:25:44.935728 UTC - adsb_thread - INFO - f0ad322d5591d6 532651 3.547003757e-07 21 0.063138
2017-06-12 21:25:45.035582 UTC - adsb_thread - INFO - dad3d203dae83a 410ffe 3.004862776e-07 21 0.06990875
2017-06-12 21:25:45.036515 UTC - adsb_thread - INFO - 1f44e069193ded 2eab32 2.145276881e-07 21 0.1644
2017-06-12 21:25:45.136220 UTC - adsb_thread - INFO - 1c14a3d8c0b4eb 4bd4b0 3.33986776e-07 21 0.23946375
2017-06-12 21:25:45.237170 UTC - adsb_thread - INFO - 1b6add0fd0d3d8 d53a98 4.461307128e-07 21 0.3615895
2017-06-12 21:25:45.238107 UTC - adsb_thread - INFO - 4d35ce1e393999 91c773 2.935008183e-07 21 0.38522475
2017-06-12 21:25:45.238875 UTC - adsb_thread - INFO - a7069e858faad4d6875a0a64dd30 65fb0e 3.972915579e-07 21 0.43970625
2017-06-12 21:25:45.338272 UTC - adsb_thread - INFO - 279ad69b00b2e8 a87f69 2.129366408e-07 21 0.468127
2017-06-12 21:25:45.339208 UTC - adsb_thread - INFO - c456ffdb7955f2 a9ed13 1.872363384e-07 21 0.47677875
2017-06-12 21:25:45.339932 UTC - adsb_thread - INFO - 3d1bc892729af1 3eb7e5 2.632021392e-07 21 0.53459925
2017-06-12 21:25:45.340767 UTC - adsb_thread - INFO - 72237c18de8d71 f03e51 2.097156084e-07 21 0.5429435
2017-06-12 21:25:45.439224 UTC - adsb_thread - INFO - 319ef3496fef39 bbb397 2.827416665e-07 21 0.62950625
2017-06-12 21:25:45.440227 UTC - adsb_thread - INFO - 86d873efb84cc99a56b147b43244 bec951 2.019928758e-07 21 0.65149625
2017-06-12 21:25:45.440966 UTC - adsb_thread - INFO - 2bfc51aa06094f 6fb72b 1.991790697e-07 21 0.6595475
2017-06-12 21:25:45.540218 UTC - adsb_thread - INFO - af07a23ec16ae2a0bd0018b54b9c d71808 2.588361667e-07 21 0.6616935
2017-06-12 21:25:45.541156 UTC - adsb_thread - INFO - d62472d192bbfe 1c73a8 2.303901994e-07 21 0.71707725
2017-06-12 21:25:45.541905 UTC - adsb_thread - INFO - 0f0ed9311e47b4 ca04c5 2.668499519e-07 21 0.75679625
2017-06-12 21:25:45.640799 UTC - adsb_thread - INFO - 150ff6d1df271c 2fd1a9 3.131569315e-07 21 0.77396875
2017-06-12 21:25:45.741565 UTC - adsb_thread - INFO - 761b1a4f179533 fa1be9 3.59357216e-07 21 0.8291835
2017-06-12 21:25:45.942436 UTC - adsb_thread - INFO - 6e0fa5218e8dac e917e4 3.573391609e-07 22 0.151789
2017-06-12 21:25:46.043040 UTC - adsb_thread - INFO - 2f461306d80e83 7f6f8d 4.349348899e-07 22 0.161422
2017-06-12 21:25:46.243915 UTC - adsb_thread - INFO - 1930404f7c69c0 50d02a 2.451467651e-07 22 0.2745115
2017-06-12 21:25:46.244869 UTC - adsb_thread - INFO - c097262b0c6450 00843d 1.730037411e-07 22 0.45896075
2017-06-12 21:25:46.345177 UTC - adsb_thread - INFO - afd2e5e07df9d29c522e9da046b3 35d4f3 1.785240755e-07 22 0.48370625
2017-06-12 21:25:46.346144 UTC - adsb_thread - INFO - aaa4f61d75e0d63c37f94b6782d2 973608 1.770592064e-07 22 0.4949925
2017-06-12 21:25:46.346885 UTC - adsb_thread - INFO - 45c8d3ffbc1f67 44230e 2.84875938e-07 22 0.5392955
2017-06-12 21:25:46.446327 UTC - adsb_thread - INFO - 2c5c14af752209 d569fd 3.689232528e-07 22 0.5809235
2017-06-12 21:25:46.447288 UTC - adsb_thread - INFO - c74e5f5acbc164 eb3e8c 2.557703738e-07 22 0.624325
2017-06-12 21:25:46.448065 UTC - adsb_thread - INFO - d30369d9f893d7 14d09c 2.113553563e-07 22 0.6450325
2017-06-12 21:25:46.546877 UTC - adsb_thread - INFO - bb05369a526c36 77e162 4.237582516e-07 22 0.665249
2017-06-12 21:25:46.547816 UTC - adsb_thread - INFO - 71342965ce873f 372ff4 2.406839599e-07 22 0.759525
2017-06-12 21:25:46.747833 UTC - adsb_thread - INFO - 4708f5ee1d9dae 37da46 2.72088954e-07 22 0.81251275
2017-06-12 21:25:46.848962 UTC - adsb_thread - INFO - 15766301e8c965 421f2e 2.210474008e-07 22 0.960916
2017-06-12 21:25:46.850173 UTC - adsb_thread - INFO - d04674601cc42c 63d1c8 2.463304725e-07 22 0.96205175
2017-06-12 21:25:46.851148 UTC - adsb_thread - INFO - e4a0dfd36536d0 dfe14b 2.791227587e-07 23 0.0052665
2017-06-12 21:25:47.150163 UTC - adsb_thread - INFO - a1b019ccf6f4a388990b97adb2b9 706652 1.890797563e-07 23 0.28757975
2017-06-12 21:25:47.250912 UTC - adsb_thread - INFO - 6f7b451c0e24da 2293aa 2.406839883e-07 23 0.38318625
2017-06-12 21:25:47.251886 UTC - adsb_thread - INFO - 0828d9432d6015 41ea61 3.261477559e-07 23 0.46904325
2017-06-12 21:25:47.351514 UTC - adsb_thread - INFO - 7c8c816e85033a 0c83b0 2.209309571e-07 23 0.535046
2017-06-12 21:25:47.452271 UTC - adsb_thread - INFO - f7192950472c10 a8b865 2.46999889e-07 23 0.635947
2017-06-12 21:25:47.552646 UTC - adsb_thread - INFO - 029a131eb3a967 5463ef 3.55020461e-07 23 0.64911525
2017-06-12 21:25:47.653334 UTC - adsb_thread - INFO - af23a8b575e9a480f2431105e6bb d7ba13 1.9687036e-07 23 0.76719675
2017-06-12 21:25:47.654321 UTC - adsb_thread - INFO - 99b0fd954df76e ef1dec 1.910879917e-07 23 0.78147525
2017-06-12 21:25:47.754151 UTC - adsb_thread - INFO - 439201d2d73ee9 729d77 2.084350257e-07 23 0.85113975
2017-06-12 21:25:47.854758 UTC - adsb_thread - INFO - 25228902087174 d5a620 2.220369595e-07 23 0.97617375
2017-06-12 21:25:48.055677 UTC - adsb_thread - INFO - 4c90a34ef9d494 e8d2cf 2.276834721e-07 24 0.05363575
2017-06-12 21:25:48.056648 UTC - adsb_thread - INFO - a02c6995e6cbb0454d5ad4498eda 0e18f9 2.601555025e-07 24 0.1665855
2017-06-12 21:25:48.057481 UTC - adsb_thread - INFO - 4ed4eb59898654 810711 2.172055389e-07 24 0.224008
2017-06-12 21:25:48.058182 UTC - adsb_thread - INFO - 324be7037759be 833e58 1.953568471e-07 24 0.2947815
2017-06-12 21:25:48.156798 UTC - adsb_thread - INFO - 1f095d4af3008d 85bb42 2.451662056e-07 24 0.30833525
2017-06-12 21:25:48.258043 UTC - adsb_thread - INFO - 42f63b8d26377a 1e9431 2.509872843e-07 24 0.38022375
2017-06-12 21:25:48.259010 UTC - adsb_thread - INFO - df01dd075fdf94 bc5494 1.595957997e-07 24 0.39989325
2017-06-12 21:25:48.259808 UTC - adsb_thread - INFO - 605367273d92c6 95f1a0 2.729232733e-07 24 0.424554
2017-06-12 21:25:48.358425 UTC - adsb_thread - INFO - 10c68f1c9c5b32 cc6346 2.455446122e-07 24 0.47473825
2017-06-12 21:25:48.359439 UTC - adsb_thread - INFO - c18c66a53914a8 c049de 2.287991947e-07 24 0.4757865
2017-06-12 21:25:48.360385 UTC - adsb_thread - INFO - cbf16ff81e2cb5 d4ccb9 3.154174522e-07 24 0.4846815
2017-06-12 21:25:48.460435 UTC - adsb_thread - INFO - 83aaf04d980057636c5b5bdf1a48 8ddc7d 2.007607378e-07 24 0.55873875
2017-06-12 21:25:48.461431 UTC - adsb_thread - INFO - 81e6f84bb2f5e3f5f32a780c3de7 95ede6 1.892058492e-07 24 0.614321
2017-06-12 21:25:48.462252 UTC - adsb_thread - INFO - 0bd13a7dfa52b4 d9d22c 1.877602926e-07 24 0.62762925
2017-06-12 21:25:48.463047 UTC - adsb_thread - INFO - 317f24a4d284cb 9b1407 2.862439601e-07 24 0.6401625
2017-06-12 21:25:48.463831 UTC - adsb_thread - INFO - 0f3e7c6dde0b7a 60347d 2.975756956e-07 24 0.65898925
2017-06-12 21:25:48.464574 UTC - adsb_thread - INFO - 4f07d2cae013e2 30585b 2.343195007e-07 24 0.68067825
2017-06-12 21:25:48.561222 UTC - adsb_thread - INFO - a790d6d3dff77580d80e9a94f602 a3fe37 2.773667234e-07 24 0.68672175
2017-06-12 21:25:48.562159 UTC - adsb_thread - INFO - 2e1995da8f6323 c2dcf5 2.356292441e-07 24 0.70153275
