2017-06-12 21:24:18.682695 UTC - MainThread - INFO - Logger Initialized
2017-06-12 21:24:24.084921 UTC - adsb_thread - INFO - bc86d60b281fc9 61d664 3.38993e-07 0 0.19085
2017-06-12 21:24:24.185236 UTC - adsb_thread - INFO - 371f5e24163bd9 a1455f 2.544313418e-07 0 0.2755995
2017-06-12 21:24:24.285810 UTC - adsb_thread - INFO - 49e890167d1d1a 5be860 2.047968479e-07 0 0.46291675
2017-06-12 21:24:24.386383 UTC - adsb_thread - INFO - 1c02a865d39c48 32a0fe 1.937367529e-07 0 0.5050255
2017-06-12 21:24:24.387323 UTC - adsb_thread - INFO - e46fe1b8f15cb9 13ffb5 2.117918569e-07 0 0.5080025
2017-06-12 21:24:24.487155 UTC - adsb_thread - INFO - a32f7cda1dabe8d03941c62bdc9a 716e3d 2.021869818e-07 0 0.57182675
2017-06-12 21:24:24.488194 UTC - adsb_thread - INFO - f9b2130b7d7268 5341e6 2.797533796e-07 0 0.582589
2017-06-12 21:24:24.587918 UTC - adsb_thread - INFO - 927b81f59cf649 122b50 2.763480325e-07 0 0.6909415
2017-06-12 21:24:24.588940 UTC - adsb_thread - INFO - b7410155cc2b38 547d86 2.285856056e-07 0 0.704444
2017-06-12 21:24:24.688833 UTC - adsb_thread - INFO - a785c2aa467cea216e472aa724de 566f73 2.431966664e-07 0 0.72491025
2017-06-12 21:24:24.789339 UTC - adsb_thread - INFO - e871c6f4af2626 cadeda 2.728553454e-07 0 0.89310075
2017-06-12 21:24:24.790396 UTC - adsb_thread - INFO - 6a5babd92ec074 d7d792 1.874594773e-07 0 0.9259875
2017-06-12 21:24:24.890113 UTC - adsb_thread - INFO - a89e3849301259703f0c12c44cd7 5321c1 1.94629223e-07 0 0.96898525
2017-06-12 21:24:24.891231 UTC - adsb_thread - INFO - 802676cf25f1a2eab7bd32929b40 3b1ba6 3.360435983e-07 1 0.00167625
2017-06-12 21:24:24.892070 UTC - adsb_thread - INFO - d8071dfac8f274 abf2e6 1.735470789e-07 1 0.050624
2017-06-12 21:24:24.991094 UTC - adsb_thread - INFO - c9df145aef1633 b39ece 2.528597918e-07 1 0.09453225
2017-06-12 21:24:24.992056 UTC - adsb_thread - INFO - d7e26b59a81dfd d8e2ad 3.719696906e-07 1 0.10180925
2017-06-12 21:24:24.992792 UTC - adsb_thread - INFO - d33b7fa323ee04 ff0c01 2.230847542e-07 1 0.183112
2017-06-12 21:24:25.092117 UTC - adsb_thread - INFO - c68d0d1ca53a4d 5b5495 1.748374103e-07 1 0.2060485
2017-06-12 21:24:25.192891 UTC - adsb_thread - INFO - 84cc46c8b13df5212226b324207f 6af14e 2.822370107e-07 1 0.32846475
2017-06-12 21:24:25.193831 UTC - adsb_thread - INFO - 0a176dc2399a54 321594 2.213967036e-07 1 0.33025625
2017-06-12 21:24:25.393697 UTC - adsb_thread - INFO - 2dd5cc8e518cd4 b85118 2.25122136e-07 1 0.4848215
2017-06-12 21:24:25.394688 UTC - adsb_thread - INFO - 3b1cc3819dbd75 95c006 2.417317546e-07 1 0.524287
2017-06-12 21:24:25.395460 UTC - adsb_thread - INFO - 84247e2cadcdea1c77a59145dcfe d45313 2.026235109e-07 1 0.52774875
2017-06-12 21:24:25.494780 UTC - adsb_thread - INFO - 56df00a8dd4297 913cdd 1.596248467e-07 1 0.56992775
2017-06-12 21:24:25.495733 UTC - adsb_thread - INFO - 02dafe5439a4a0 aaf2d2 3.576302277e-07 1 0.58642925
2017-06-12 21:24:25.496472 UTC - adsb_thread - INFO - 1160cf40348815 b36fc0 2.078527785e-07 1 0.650565
2017-06-12 21:24:25.595903 UTC - adsb_thread - INFO - 5644609e4faa9b 0f83f9 2.577689315e-07 1 0.693322
2017-06-12 21:24:25.696363 UTC - adsb_thread - INFO - d75253c1481c40 e3b9f9 1.938240359e-07 1 0.72015275
2017-06-12 21:24:25.697929 UTC - adsb_thread - INFO - 6d4ec079cd17ee 26420f 2.537621242e-07 1 0.8417155
2017-06-12 21:24:25.797108 UTC - adsb_thread - INFO - e50dc46e9316c6 825abc 2.622900865e-07 1 0.86666925
2017-06-12 21:24:25.798041 UTC - adsb_thread - INFO - 6a1c61e99c3b12 26373f 2.936368162e-07 1 0.95561275
2017-06-12 21:24:25.798839 UTC - adsb_thread - INFO - 2ef5c70300cdd6 4aabd5 1.802800114e-07 1 0.9620385
2017-06-12 21:24:25.799546 UTC - adsb_thread - INFO - 30b6961a32934c 6e90a1 2.011195335e-07 1 0.99479375
2017-06-12 21:24:25.998784 UTC - adsb_thread - INFO - 9ddf60b2f509e5 d993af 1.540754511e-07 2 0.00290875
2017-06-12 21:24:25.999763 UTC - adsb_thread - INFO - cc8842f45be5fe 4b1aba 2.154978489e-07 2 0.00612825
2017-06-12 21:24:26.099298 UTC - adsb_thread - INFO - 8710818d6b69934e3d993874717e 8b2b0c 2.518022768e-07 2 0.1823495
2017-06-12 21:24:26.100427 UTC - adsb_thread - INFO - 82863079373885b04754f5926222 f5b4bc 1.589263263e-07 2 0.2111225
2017-06-12 21:24:26.200081 UTC - adsb_thread - INFO - 1a026cde0a0481 57263d 1.900402111e-07 2 0.27285375
2017-06-12 21:24:26.201148 UTC - adsb_thread - INFO - e3ae1192cae8b4 cc3847 2.847012297e-07 2 0.30438
2017-06-12 21:24:26.301078 UTC - adsb_thread - INFO - 429b9610c8a2b9 12fb22 1.80338219e-07 2 0.36891925
2017-06-12 21:24:26.302070 UTC - adsb_thread - INFO - 0669b129e14efe 62775e 1.706558521e-07 2 0.46283525
2017-06-12 21:24:26.401903 UTC - adsb_thread - INFO - 54dc5cc1c7bffd e38b75 1.988786238e-07 2 0.52815625
2017-06-12 21:24:26.402909 UTC - adsb_thread - INFO - 65f569aaa942e4 aa530c 2.073870888e-07 2 0.558067
2017-06-12 21:24:26.603931 UTC - adsb_thread - INFO - ff1da7e6a8ea96 7b63d7 2.557801224e-07 2 0.58981475
2017-06-12 21:24:26.604996 UTC - adsb_thread - INFO - 828457d81e6bab4c2077f989dcf1 69ade9 2.259855023e-07 2 0.5906455
2017-06-12 21:24:26.605840 UTC - adsb_thread - INFO - 06731a4b663071 ea372d 2.504731356e-07 2 0.64485775
2017-06-12 21:24:26.606550 UTC - adsb_thread - INFO - c264268bc077c1 73127f 3.792557663e-07 2 0.713867
2017-06-12 21:24:26.607226 UTC - adsb_thread - INFO - 79cc09d9ea551f 1dae70 1.978405066e-07 2 0.718472
2017-06-12 21:24:26.607892 UTC - adsb_thread - INFO - 7770c5ab7c7be6 37224f 2.762317877e-07 2 0.7524565
2017-06-12 21:24:26.704702 UTC - adsb_thread - INFO - 1943d2f4b96918 6d00a8 2.247535065e-07 2 0.815091
2017-06-12 21:24:26.705745 UTC - adsb_thread - INFO - a1b2d33c4620dc0f453887c75be1 d2abb2 1.700831405e-07 2 0.82385825
2017-06-12 21:24:26.706522 UTC - adsb_thread - INFO - 84b2129457581ecda2d0a51b7ce4 d64eb8 2.800252048e-07 2 0.82480625
2017-06-12 21:24:26.905541 UTC - adsb_thread - INFO - fae1956a75bb65 46c462 1.628554855e-07 2 0.910118
2017-06-12 21:24:26.906471 UTC - adsb_thread - INFO - 78e7ba523c6ebc 10ce71 1.714709583e-07 3 0.01253375
2017-06-12 21:24:27.106678 UTC - adsb_thread - INFO - a56748c0a37cd020f0680d6e8198 4e2cd0 2.262571996e-07 3 0.13683625
2017-06-12 21:24:27.107599 UTC - adsb_thread - INFO - 4c662a1476a2dc 37e7ac 2.629982419e-07 3 0.187272
2017-06-12 21:24:27.207851 UTC - adsb_thread - INFO - 4bcb7c85b4b392 9d3491 2.835564317e-07 3 0.29522675
2017-06-12 21:24:27.208787 UTC - adsb_thread - INFO - 058a52e34f4dcf 2eace7 2.778227213e-07 3 0.348643
2017-06-12 21:24:27.209521 UTC - adsb_thread - INFO - 3fe62edb6dc3e2 b901e1 2.62241457e-07 3 0.364791
2017-06-12 21:24:27.408658 UTC - adsb_thread - INFO - addfc7005d9cc0c778549dd5fe55 a0c44b 1.728776482e-07 3 0.3931865
2017-06-12 21:24:27.409650 UTC - adsb_thread - INFO - f39ec436f20179 86a468 2.579047305e-07 3 0.51137725
2017-06-12 21:24:27.410616 UTC - adsb_thread - INFO - a2774339994de8d762409d1d7eb9 541cff 1.910201064e-07 3 0.5232345
2017-06-12 21:24:27.411509 UTC - adsb_thread - INFO - 71e176f825d045 6503fd 2.207562773e-07 3 0.55870675
2017-06-12 21:24:27.509715 UTC - adsb_thread - INFO - f21fcc8225f389 eb08b9 2.856132824e-07 3 0.65279625
2017-06-12 21:24:27.510774 UTC - adsb_thread - INFO - 0b81c69154df96 36b139 2.535098247e-07 3 0.67825875
2017-06-12 21:24:27.811055 UTC - adsb_thread - INFO - 6a31d38269c8e5 04d22f 3.254298804e-07 3 0.78781575
2017-06-12 21:24:27.812061 UTC - adsb_thread - INFO - 21946ca6353b39 92c4ca 2.938015768e-07 3 0.91497525
2017-06-12 21:24:27.911821 UTC - adsb_thread - INFO - 83a9a2c90a9f9ec6d55d095a0fac 699e2d 2.958390724e-07 3 0.929791
2017-06-12 21:24:27.912847 UTC - adsb_thread - INFO - 6eb1ec319164e6 c490fe 2.464759916e-07 3 0.949252
2017-06-12 21:24:28.012616 UTC - adsb_thread - INFO - d893e262d963dc bcac3c 3.062880296e-07 4 0.10734475
2017-06-12 21:24:28.113241 UTC - adsb_thread - INFO - a2b7a2201ce046a3947b12b4b9b5 e5dc54 2.265678063e-07 4 0.140985
2017-06-12 21:24:28.213822 UTC - adsb_thread - INFO - 83e97341b2e3bde8997429a66304 9619a8 2.747569283e-07 4 0.24449375
2017-06-12 21:24:28.314367 UTC - adsb_thread - INFO - 0660b497b9bf4b 69b8cb 1.935038085e-07 4 0.3734685
2017-06-12 21:24:28.315402 UTC - adsb_thread - INFO - a89457ce0401f39aea505a427428 56b982 2.479507089e-07 4 0.408588
2017-06-12 21:24:28.415220 UTC - adsb_thread - INFO - a2d8a95ecc170fe8a9fde3f34359 c1308d 3.956712646e-07 4 0.4582255
2017-06-12 21:24:28.416260 UTC - adsb_thread - INFO - 2a6e763260f3bb 1daa4e 3.40787949e-07 4 0.474153
2017-06-12 21:24:28.417085 UTC - adsb_thread - INFO - ecfc2dfdd3f9ec 81f566 2.628721631e-07 4 0.540437
2017-06-12 21:24:28.417857 UTC - adsb_thread - INFO - 811caae994df59c823058440091f 21bfb9 2.70604545e-07 4 0.5664235
2017-06-12 21:24:28.418553 UTC - adsb_thread - INFO - 7ada4db0625ddd a16476 2.612908645e-07 4 0.5672175
2017-06-12 21:24:28.516558 UTC - adsb_thread - INFO - a29d5ec695734366a5b330090088 d05589 2.771532479e-07 4 0.58642875
2017-06-12 21:24:28.517585 UTC - adsb_thread - INFO - 918d927d963857 4567d7 2.328738873e-07 4 0.60032425
2017-06-12 21:24:28.617278 UTC - adsb_thread - INFO - 0420fa76626a37 bd1648 3.549720304e-07 4 0.69468275
2017-06-12 21:24:28.618238 UTC - adsb_thread - INFO - de6bc5279466b5 77eba7 2.808884005e-07 4 0.70643
2017-06-12 21:24:28.619100 UTC - adsb_thread - INFO - ec386aada2c13e f2ab65 1.993248304e-07 4 0.71038425
2017-06-12 21:24:28.619836 UTC - adsb_thread - INFO - 6469834155aac0 3e829b 2.59495863e-07 4 0.722227
2017-06-12 21:24:28.620797 UTC - adsb_thread - INFO - af01a07f13c20c0636da3145d426 ab2af9 3.282430612e-07 4 0.7347775
2017-06-12 21:24:28.621683 UTC - adsb_thread - INFO - 9c23e7b133c0c5 b948a0 2.351150812e-07 4 0.74746425
2017-06-12 21:24:28.718837 UTC - adsb_thread - INFO - 60df1974c5df5e d49528 3.173869629e-07 4 0.7712545
2017-06-12 21:24:28.919781 UTC - adsb_thread - INFO - 95a7f64f9388e8 a493ef 2.078334518e-07 4 0.98923875
2017-06-12 21:24:29.221004 UTC - adsb_thread - INFO - 8029267702c146d8426e8f5050c5 3d2e75 2.321656893e-07 5 0.12386125
2017-06-12 21:24:29.222004 UTC - adsb_thread - INFO - cc2078e0578d91 349bbe 2.911821753e-07 5 0.18590075
2017-06-12 21:24:29.422149 UTC - adsb_thread - INFO - a3f6fc8c80e3556b911d3b10fd0b 74d553 2.95480163e-07 5 0.38775675
2017-06-12 21:24:29.423115 UTC - adsb_thread - INFO - e5fc56f0c42764 221ae4 2.57584702e-07 5 0.51868025
2017-06-12 21:24:29.423928 UTC - adsb_thread - INFO - c0c900099179cb 93cac8 2.508416799e-07 5 0.5304345
2017-06-12 21:24:29.523075 UTC - adsb_thread - INFO - b1f5df9f903b76 80e753 3.06152117e-07 5 0.56595825
2017-06-12 21:24:29.623641 UTC - adsb_thread - INFO - 9a3cf3b7a98f78 910905 2.34212834e-07 5 0.66337425
2017-06-12 21:24:29.624582 UTC - adsb_thread - INFO - 07a6b898691422 6911c0 2.006249389e-07 5 0.786539
2017-06-12 21:24:29.724387 UTC - adsb_thread - INFO - 010348160a610b 3bc07c 2.679074385e-07 5 0.8356595
2017-06-12 21:24:29.725336 UTC - adsb_thread - INFO - 36b39b7a7faeb5 a532a7 4.268142106e-07 5 0.84721625
2017-06-12 21:24:29.726135 UTC - adsb_thread - INFO - d9f195797b1c3c 964e4b 2.571672439e-07 5 0.87019875
2017-06-12 21:24:29.825450 UTC - adsb_thread - INFO - a530043b084f51ab5e245c0d9364 a7ef29 2.541016784e-07 5 0.904431
2017-06-12 21:24:29.926692 UTC - adsb_thread - INFO - 65d37888c9ee27 4c724b 2.131693861e-07 5 0.94319175
2017-06-12 21:24:29.927681 UTC - adsb_thread - INFO - e3f04f51f0bcb8 d0f727 1.818809352e-07 6 0.02255725
2017-06-12 21:24:29.928412 UTC - adsb_thread - INFO - 5033db3f81605d b66ead 2.343583958e-07 6 0.05219925
2017-06-12 21:24:29.929094 UTC - adsb_thread - INFO - 629e06bf000a76 801feb 3.086164782e-07 6 0.0908665
2017-06-12 21:24:30.027193 UTC - adsb_thread - INFO - 4d6a05120503cb 526440 4.211774467e-07 6 0.094808
2017-06-12 21:24:30.028103 UTC - adsb_thread - INFO - 77d4e0b0a52bc8 815cce 2.115298514e-07 6 0.09516625
2017-06-12 21:24:30.328922 UTC - adsb_thread - INFO - bfd13554783578 6e63ea 2.138000497e-07 6 0.25027475
2017-06-12 21:24:30.329933 UTC - adsb_thread - INFO - 6fc2e7b186dfb5 991616 4.386214698e-07 6 0.29857625
2017-06-12 21:24:30.429920 UTC - adsb_thread - INFO - 26d56247c3e055 9e3015 1.857227971e-07 6 0.4815135
2017-06-12 21:24:30.430986 UTC - adsb_thread - INFO - a7d54fce26dc875fdbf199b32d4d 166570 1.500684732e-07 6 0.489436
2017-06-12 21:24:30.433412 UTC - adsb_thread - INFO - 6a00598a80b34a ed52b0 2.182920014e-07 6 0.55330025
2017-06-12 21:24:30.531454 UTC - adsb_thread - INFO - 63face2ce47dd4 baba59 2.28168588e-07 6 0.58356175
2017-06-12 21:24:30.532468 UTC - adsb_thread - INFO - f23a9173dbb638 4ae337 2.328545747e-07 6 0.59859125
2017-06-12 21:24:30.533285 UTC - adsb_thread - INFO - e25ad2526d7888 1ccbfc 1.660862381e-07 6 0.6172625
2017-06-12 21:24:30.534072 UTC - adsb_thread - INFO - f8e863578de142 0ba6ae 1.369611482e-07 6 0.6495405
2017-06-12 21:24:30.534878 UTC - adsb_thread - INFO - 16064a104dccd2 36ec5f 3.07005962e-07 6 0.67537325
2017-06-12 21:24:30.732539 UTC - adsb_thread - INFO - e89352b19cb043 1ad190 1.637675098e-07 6 0.68366275
2017-06-12 21:24:30.733542 UTC - adsb_thread - INFO - 4b9744741aa71e 69cf9b 2.625519073e-07 6 0.72003725
2017-06-12 21:24:30.734312 UTC - adsb_thread - INFO - 8493bbead4cc66bd80ec6a158276 d4f07f 2.643564585e-07 6 0.8285885
2017-06-12 21:24:30.833179 UTC - adsb_thread - INFO - 25ccca3a534dde 868e44 2.992346992e-07 6 0.9234455
2017-06-12 21:24:30.933694 UTC - adsb_thread - INFO - 6fbd17489c8cf5 7f2e60 2.34639657e-07 7 0.049025
2017-06-12 21:24:31.134748 UTC - adsb_thread - INFO - 32e6cb69507a51 2b72d0 2.132664463e-07 7 0.09891275
2017-06-12 21:24:31.235256 UTC - adsb_thread - INFO - a93a332bc9ad4dc36c2e04950091 b33603 2.537426838e-07 7 0.23545975
2017-06-12 21:24:31.236277 UTC - adsb_thread - INFO - ea82d751a7dd43 6cb9d3 2.61698176e-07 7 0.36756425
2017-06-12 21:24:31.335984 UTC - adsb_thread - INFO - c07266c1a4f96e cebce5 2.366092389e-07 7 0.422456
2017-06-12 21:24:31.436561 UTC - adsb_thread - INFO - 4c97983ca4b718 2ac41e 2.748539032e-07 7 0.4923295
2017-06-12 21:24:31.537130 UTC - adsb_thread - INFO - 52570591eeefc4 415cea 2.452923695e-07 7 0.61699325
2017-06-12 21:24:31.538115 UTC - adsb_thread - INFO - d60d725739ebfa 960b21 2.28420717e-07 7 0.628924
2017-06-12 21:24:31.538989 UTC - adsb_thread - INFO - a80d194c00f7124e2c51942ee938 1d20e9 2.929866412e-07 7 0.68434375
2017-06-12 21:24:31.638093 UTC - adsb_thread - INFO - 876d1e57cec6c2c05616dfeaa791 07caeb 1.694915852e-07 7 0.69493725
2017-06-12 21:24:31.639100 UTC - adsb_thread - INFO - 9fa18b3e355041 c0436d 2.189420769e-07 7 0.72194325
2017-06-12 21:24:31.639952 UTC - adsb_thread - INFO - 1c276c18292a91 f75f26 2.624742592e-07 7 0.75678225
2017-06-12 21:24:31.739046 UTC - adsb_thread - INFO - b8da793196f6c8 e2d0d5 2.589526389e-07 7 0.7649855
2017-06-12 21:24:31.939961 UTC - adsb_thread - INFO - f1565ac051da4a 34d2cb 2.070865293e-07 7 0.942588
2017-06-12 21:24:31.941016 UTC - adsb_thread - INFO - 84bc0ecbec41452b4a31939c009b 583774 2.344651193e-07 7 0.98901025
2017-06-12 21:24:31.941856 UTC - adsb_thread - INFO - 31fe8a74f1ea58 c8da2d 2.028272377e-07 7 0.99864925
2017-06-12 21:24:31.942575 UTC - adsb_thread - INFO - 3c1905aa4a6a92 f48ce5 1.493796447e-07 8 0.03979875
2017-06-12 21:24:31.943290 UTC - adsb_thread - INFO - 74de104a5c48a1 2ffe58 2.045347003e-07 8 0.0410875
2017-06-12 21:24:32.041620 UTC - adsb_thread - INFO - aff6eb769f1390f4481b9bff8705 c1f7e2 2.810243132e-07 8 0.201933
2017-06-12 21:24:32.042575 UTC - adsb_thread - INFO - a5a156aaaf94bf238a642f08ad6f 55b0e4 1.720141682e-07 8 0.21067325
2017-06-12 21:24:32.142136 UTC - adsb_thread - INFO - 3360848ff5261c 408a4a 2.998556283e-07 8 0.21254875
2017-06-12 21:24:32.143158 UTC - adsb_thread - INFO - ffb7798f7c89f5 b9b539 3.032803875e-07 8 0.222219
2017-06-12 21:24:32.343366 UTC - adsb_thread - INFO - c0623d53ac6ac0 e2bbca 2.364830607e-07 8 0.46261075
2017-06-12 21:24:32.443913 UTC - adsb_thread - INFO - c85b7e821e87bb 9e09b3 1.831130447e-07 8 0.5360035
2017-06-12 21:24:32.444877 UTC - adsb_thread - INFO - c41d361c24921e 06a054 2.565950865e-07 8 0.592418
2017-06-12 21:24:32.544700 UTC - adsb_thread - INFO - e15a3f1a936558 60a96a 2.61281059e-07 8 0.59347625
2017-06-12 21:24:32.545672 UTC - adsb_thread - INFO - 3218c3cae762a0 afb60b 2.733693236e-07 8 0.6612775
2017-06-12 21:24:32.645559 UTC - adsb_thread - INFO - b7ac7c45897bab 8429cd 2.218624218e-07 8 0.67045975
2017-06-12 21:24:32.646507 UTC - adsb_thread - INFO - 39f65e1b932644 c43e06 3.227326317e-07 8 0.721346
2017-06-12 21:24:32.647248 UTC - adsb_thread - INFO - 370f8d61186ba9 f948d6 2.944613016e-07 8 0.72652225
2017-06-12 21:24:32.647925 UTC - adsb_thread - INFO - c3b7ad088140a7 d19810 2.559159498e-07 8 0.76450825
2017-06-12 21:24:32.648632 UTC - adsb_thread - INFO - bcc3890195ee5c aa2a03 2.094536455e-07 8 0.7963395
2017-06-12 21:24:32.746863 UTC - adsb_thread - INFO - cfa1a77c047a45 c41987 2.241907566e-07 8 0.79942075
2017-06-12 21:24:32.747825 UTC - adsb_thread - INFO - 48cac41b5476ae 5c706d 3.745794288e-07 8 0.81286925
2017-06-12 21:24:32.847725 UTC - adsb_thread - INFO - 3d3647ef294072 2a74fd 2.270625998e-07 8 0.89943775
2017-06-12 21:24:32.948488 UTC - adsb_thread - INFO - 2e6347c7e319c0 4f6b4a 3.528181196e-07 9 0.03627925
2017-06-12 21:24:32.949424 UTC - adsb_thread - INFO - 518cf5d38eec33 c0a588 3.333465202e-07 9 0.0393565
2017-06-12 21:24:33.049244 UTC - adsb_thread - INFO - 710b4dc1c7eb2d 95f14d 3.368780028e-07 9 0.11216475
2017-06-12 21:24:33.050199 UTC - adsb_thread - INFO - b0d3040c8887ac 2517c9 2.911142474e-07 9 0.12185825
2017-06-12 21:24:33.250215 UTC - adsb_thread - INFO - 80bec8520251cfbe069e94994dc5 23ba2a 2.093469647e-07 9 0.316498
2017-06-12 21:24:33.351338 UTC - adsb_thread - INFO - 28959cac5d9574 27354c 3.04502862e-07 9 0.40765275
2017-06-12 21:24:33.352302 UTC - adsb_thread - INFO - aacde8100ce1e6167ec19b90a53d 3dc51e 2.005861575e-07 9 0.4135165
2017-06-12 21:24:33.353117 UTC - adsb_thread - INFO - ff73a83ae21ce2 e22bf4 2.253259197e-07 9 0.4313995
2017-06-12 21:24:33.353896 UTC - adsb_thread - INFO - 4d6e83c1087b68 4efda9 1.960650025e-07 9 0.4470585
2017-06-12 21:24:33.451858 UTC - adsb_thread - INFO - d4f2a3414f4831 6b9006 1.863438115e-07 9 0.5060845
2017-06-12 21:24:33.452802 UTC - adsb_thread - INFO - 26082666b86538 b6a171 3.235961401e-07 9 0.51980775
2017-06-12 21:24:33.552914 UTC - adsb_thread - INFO - 32fb8b7cdabee4 ab71cd 3.546711582e-07 9 0.65717425
2017-06-12 21:24:33.553834 UTC - adsb_thread - INFO - c3275c84db212b eefe04 2.580599698e-07 9 0.7097535
2017-06-12 21:24:33.653708 UTC - adsb_thread - INFO - a05816ae707996299285e0f72edc ae6317 2.076491512e-07 9 0.714009
2017-06-12 21:24:33.654640 UTC - adsb_thread - INFO - 3acb2b0ef7054a 7b06f5 1.706752499e-07 9 0.7186775
2017-06-12 21:24:33.754189 UTC - adsb_thread - INFO - 3822c184365ce5 7b92eb 1.909327096e-07 9 0.75554025
2017-06-12 21:24:33.854759 UTC - adsb_thread - INFO - 05e7b9c6f85044 25b96a 2.584675087e-07 9 0.92835575
2017-06-12 21:24:33.855732 UTC - adsb_thread - INFO - 5328d6b54e1fb5 e1b15c 2.234339718e-07 9 0.93570475
2017-06-12 21:24:33.856589 UTC - adsb_thread - INFO - 99e9b481e73011 7321e4 3.031542803e-07 9 0.95436625
2017-06-12 21:24:33.857317 UTC - adsb_thread - INFO - 4eec3cb6e5d7aa ae4830 1.817838893e-07 10 0.0016615
2017-06-12 21:24:33.956106 UTC - adsb_thread - INFO - ab40a0a4e420250ec8b39230782b 74f04f 1.585285361e-07 10 0.0227735
2017-06-12 21:24:34.056544 UTC - adsb_thread - INFO - 560a81c123b2bb e22a4a 4.691920026e-07 10 0.05564125
2017-06-12 21:24:34.057561 UTC - adsb_thread - INFO - a14fd21e3b55d37c3390101737b7 81da33 1.891185377e-07 10 0.06789475
2017-06-12 21:24:34.058420 UTC - adsb_thread - INFO - 7b8072353fe63c 898e7a 3.533420738e-07 10 0.10400375
2017-06-12 21:24:34.157503 UTC - adsb_thread - INFO - 70dc8c9188fe1a e57a0f 2.652006117e-07 10 0.172316
2017-06-12 21:24:34.158434 UTC - adsb_thread - INFO - ee44cc3669e5c4 3e4115 2.064073499e-07 10 0.20550625
2017-06-12 21:24:34.159143 UTC - adsb_thread - INFO - 54b04a268d6349 014182 2.86350712e-07 10 0.25525925
2017-06-12 21:24:34.258965 UTC - adsb_thread - INFO - 3a7adb9138eb2d 684228 1.635734748e-07 10 0.34958375
2017-06-12 21:24:34.259967 UTC - adsb_thread - INFO - b49b257623b339 f70bbc 3.112068612e-07 10 0.37837375
2017-06-12 21:24:34.260851 UTC - adsb_thread - INFO - bfdc0054beb4e8 1462be 2.740292757e-07 10 0.3883185
2017-06-12 21:24:34.359954 UTC - adsb_thread - INFO - 922b432e87d9d6 3cc6bd 2.36327736e-07 10 0.42810825
2017-06-12 21:24:34.361076 UTC - adsb_thread - INFO - 62fc18291dcb1e faa94f 2.559158929e-07 10 0.42981375
2017-06-12 21:24:34.361978 UTC - adsb_thread - INFO - 98bc5322243d5e 9e3b22 1.971127404e-07 10 0.4722625
2017-06-12 21:24:34.460498 UTC - adsb_thread - INFO - 460fc5e0f4c624 0a9910 2.567211652e-07 10 0.53759475
2017-06-12 21:24:34.467312 UTC - adsb_thread - INFO - a14e204385dacf1497407fb2e931 f38b5c 1.512423609e-07 10 0.564039
2017-06-12 21:24:34.561318 UTC - adsb_thread - INFO - 03f3f7f4f1cb07 17ccb6 2.284499061e-07 10 0.6879155
2017-06-12 21:24:34.562235 UTC - adsb_thread - INFO - 3bddd77a024057 45c72c 1.985197571e-07 10 0.7144955
2017-06-12 21:24:34.762465 UTC - adsb_thread - INFO - 7c380eb79ecb6f 0a9bcc 2.810728574e-07 10 0.77255325
2017-06-12 21:24:34.763395 UTC - adsb_thread - INFO - e513f335c83899 4e2c32 3.70145699e-07 10 0.83433275
2017-06-12 21:24:34.863305 UTC - adsb_thread - INFO - c2e757c92b8408 cb1f38 2.185831676e-07 10 0.9713005
2017-06-12 21:24:34.963932 UTC - adsb_thread - INFO - 44ede30da66fcf d17343 2.898142384e-07 10 0.9930565
2017-06-12 21:24:34.964883 UTC - adsb_thread - INFO - 254e72ee384dd6 4f9f00 2.785794777e-07 11 0.03290375
2017-06-12 21:24:34.965613 UTC - adsb_thread - INFO - 14197d714a1061 fd0bc5 2.863022246e-07 11 0.0671965
2017-06-12 21:24:34.967631 UTC - adsb_thread - INFO - ad54e45e82399c29175cf54fb333 0b1461 2.916673623e-07 11 0.07980725
2017-06-12 21:24:35.065455 UTC - adsb_thread - INFO - 71eafa4067d5c0 e8c553 2.941995092e-07 11 0.11608525
2017-06-12 21:24:35.066493 UTC - adsb_thread - INFO - a32670e1e3638c1ea7f4d614cd53 5ae3f7 1.338177924e-07 11 0.149893
2017-06-12 21:24:35.165955 UTC - adsb_thread - INFO - 4723ab625b0b36 83b1b4 2.869619777e-07 11 0.2318985
2017-06-12 21:24:35.266618 UTC - adsb_thread - INFO - a8268d3654db6356ecd4cc9a1d44 0e57aa 2.769591845e-07 11 0.3522555
2017-06-12 21:24:35.367193 UTC - adsb_thread - INFO - 44a7fb5f7f07f6 642201 2.698185995e-07 11 0.41575175
2017-06-12 21:24:35.368220 UTC - adsb_thread - INFO - 90fb5598314f71 a2e4d6 3.547294227e-07 11 0.46076875
2017-06-12 21:24:35.467959 UTC - adsb_thread - INFO - 50fcd8484d8233 ba9b5f 3.03940169e-07 11 0.48909225
2017-06-12 21:24:35.468996 UTC - adsb_thread - INFO - 0a9c798aba9748 f8dfe2 2.512396406e-07 11 0.49569125
2017-06-12 21:24:35.568902 UTC - adsb_thread - INFO - a15a1734e626f0afed9e61f8fa22 35da06 2.052139507e-07 11 0.65610825
2017-06-12 21:24:35.669514 UTC - adsb_thread - INFO - cc8c7fd718e756 59ab3d 2.339700842e-07 11 0.72982125
2017-06-12 21:24:35.770407 UTC - adsb_thread - INFO - 3f1e116ebabe92 852141 2.795981402e-07 11 0.824524
2017-06-12 21:24:35.771271 UTC - adsb_thread - INFO - 98c6e07a27e038 cca5dc 1.968024321e-07 11 0.89984475
2017-06-12 21:24:35.771962 UTC - adsb_thread - INFO - 4fc39e8de1f980 ae9e94 2.475043175e-07 11 0.91177625
2017-06-12 21:24:35.871372 UTC - adsb_thread - INFO - a852b2991c8022368f86a3c8b115 d2a207 1.321976413e-07 11 0.92675475
2017-06-12 21:24:35.872308 UTC - adsb_thread - INFO - 0522e752eedcc0 a68368 2.692559633e-07 11 0.9900275
2017-06-12 21:24:35.972121 UTC - adsb_thread - INFO - c5fc48bcf03290 213b75 3.018929533e-07 12 0.00932975
2017-06-12 21:24:35.973059 UTC - adsb_thread - INFO - 51cf36354030d2 001373 2.581862191e-07 12 0.01267925
2017-06-12 21:24:36.072926 UTC - adsb_thread - INFO - 422ad434446168 80bab2 3.00379611e-07 12 0.10355375
2017-06-12 21:24:36.073888 UTC - adsb_thread - INFO - 510b1a8a72d3a7 eac414 2.926956313e-07 12 0.1798585
2017-06-12 21:24:36.173451 UTC - adsb_thread - INFO - d4c644b5d50c87 caddcc 2.80112431e-07 12 0.18079375
2017-06-12 21:24:36.174395 UTC - adsb_thread - INFO - de5748a90a237d 90707f 2.78307823e-07 12 0.2523525
2017-06-12 21:24:36.274209 UTC - adsb_thread - INFO - 1480b7c9acff45 a06ae7 2.786279367e-07 12 0.2993575
2017-06-12 21:24:36.275216 UTC - adsb_thread - INFO - 2eb54338a7a252 58a331 2.245205764e-07 12 0.338055
2017-06-12 21:24:36.276155 UTC - adsb_thread - INFO - 866d04966d274f208c61ef4a73b3 50e940 2.964114856e-07 12 0.4012435
2017-06-12 21:24:36.375192 UTC - adsb_thread - INFO - 35edec737ada65 be16b0 2.908232659e-07 12 0.45266025
2017-06-12 21:24:36.576721 UTC - adsb_thread - INFO - 35c3bdf60cce28 a5b237 2.452051717e-07 12 0.56513975
2017-06-12 21:24:36.577668 UTC - adsb_thread - INFO - 38a4a94209c510 b4f7a3 2.337180263e-07 12 0.682267
2017-06-12 21:24:36.580176 UTC - adsb_thread - INFO - 720a8f2562d9d7 ddef13 2.179719303e-07 12 0.713769
2017-06-12 21:24:36.677141 UTC - adsb_thread - INFO - 6c95263645d00a 23cc8b 2.505507268e-07 12 0.752576
2017-06-12 21:24:36.777633 UTC - adsb_thread - INFO - d0b1cbe2d1266d 0d00fe 1.946775825e-07 12 0.78218025
2017-06-12 21:24:36.778640 UTC - adsb_thread - INFO - a77e86a8f51fdcf565c4c5f8d0ee 59a66f 3.039789078e-07 12 0.83488025
2017-06-12 21:24:36.779465 UTC - adsb_thread - INFO - 81be8544d20977cd35f07fd5eac2 2c75b2 2.295753205e-07 12 0.92716975
2017-06-12 21:24:36.780213 UTC - adsb_thread - INFO - c424b20949df48 aea9b1 2.791130669e-07 12 0.93260125
2017-06-12 21:24:36.979066 UTC - adsb_thread - INFO - 1af3c6c7897c43 7509e8 2.857104278e-07 13 0.03204875
2017-06-12 21:24:36.980074 UTC - adsb_thread - INFO - 016e8064fba35a a6eb3e 2.80723583e-07 13 0.068812
2017-06-12 21:24:36.980984 UTC - adsb_thread - INFO - eb032fedb71603 9d58e1 3.109546469e-07 13 0.073446
2017-06-12 21:24:37.180388 UTC - adsb_thread - INFO - e58e4dbacbdcad a5c453 3.0427978e-07 13 0.26092925
2017-06-12 21:24:37.281210 UTC - adsb_thread - INFO - eb4a785ddcccc6 af5b05 2.14556735e-07 13 0.31710075
2017-06-12 21:24:37.381720 UTC - adsb_thread - INFO - ad9ed9a5fb764d8f4298797c48e7 346cc3 1.772822742e-07 13 0.49878075
2017-06-12 21:24:37.482281 UTC - adsb_thread - INFO - 77a2e9fa40d51a 271566 1.739253719e-07 13 0.5093535
2017-06-12 21:24:37.582898 UTC - adsb_thread - INFO - a243f41f806efc0207266386cda1 8407c8 2.300894693e-07 13 0.5649205
2017-06-12 21:24:37.683494 UTC - adsb_thread - INFO - 955d052010873b 1ea257 2.988757046e-07 13 0.663373
2017-06-12 21:24:37.684443 UTC - adsb_thread - INFO - b18f588b79c2a9 dd3c27 3.486367177e-07 13 0.6914405
2017-06-12 21:24:37.685200 UTC - adsb_thread - INFO - a0a6da2a2a93bba02686884566d6 313ac6 4.603731441e-07 13 0.815629
2017-06-12 21:24:37.685878 UTC - adsb_thread - INFO - 09e8a931003252 871382 2.974591951e-07 13 0.82663125
2017-06-12 21:24:37.784677 UTC - adsb_thread - INFO - 071a7006ee186a 37947f 2.622900297e-07 13 0.84307425
2017-06-12 21:24:37.785627 UTC - adsb_thread - INFO - 513663b7d9788b af98ec 2.97371912e-07 13 0.8475475
2017-06-12 21:24:37.885763 UTC - adsb_thread - INFO - 4acad400b43a8a f46649 2.378607178e-07 14 0.0067385
2017-06-12 21:24:37.886702 UTC - adsb_thread - INFO - 6913ae38b18637 1c47e7 2.457384767e-07 14 0.0091985
2017-06-12 21:24:37.986289 UTC - adsb_thread - INFO - 61b131e397ac45 96daa0 1.920291481e-07 14 0.0566865
2017-06-12 21:24:37.987234 UTC - adsb_thread - INFO - 1a94d389da70e6 1d9850 1.326244927e-07 14 0.0897315
2017-06-12 21:24:38.087071 UTC - adsb_thread - INFO - 80e6f84de5d24beebe8885c2e1ba c71394 2.615139749e-07 14 0.10747325
2017-06-12 21:24:38.088096 UTC - adsb_thread - INFO - fdf1dc94858b63 bf5bd6 2.173509444e-07 14 0.156177
2017-06-12 21:24:38.187844 UTC - adsb_thread - INFO - ef0f1f434a993a 4edea0 2.68305314e-07 14 0.24359225
2017-06-12 21:24:38.188866 UTC - adsb_thread - INFO - baec20df30edf5 40d132 2.401600909e-07 14 0.33047575
2017-06-12 21:24:38.389046 UTC - adsb_thread - INFO - eda0650d94d634 ea2879 3.737160057e-07 14 0.3615915
2017-06-12 21:24:38.489597 UTC - adsb_thread - INFO - 471e304121eef1 b0d001 2.271982282e-07 14 0.41512075
2017-06-12 21:24:38.490686 UTC - adsb_thread - INFO - a8bfa4ebcef76bb5e6d6aabe3fd4 e5c939 2.9589728e-07 14 0.52185625
2017-06-12 21:24:38.590509 UTC - adsb_thread - INFO - f6148aaacd6371 8da708 1.773695857e-07 14 0.64788075
2017-06-12 21:24:38.691111 UTC - adsb_thread - INFO - 19beffd4375902 360100 2.090460924e-07 14 0.737718
2017-06-12 21:24:38.892227 UTC - adsb_thread - INFO - 6ef592f01f5375 fa2a89 1.810464596e-07 14 0.9547455
2017-06-12 21:24:38.893158 UTC - adsb_thread - INFO - e6725337f0cf18 0fc44a 2.174188296e-07 14 0.9798495
2017-06-12 21:24:38.992828 UTC - adsb_thread - INFO - d5fe3e62905d27 673d49 2.579242278e-07 15 0.061071
2017-06-12 21:24:39.194318 UTC - adsb_thread - INFO - af8478ab9ac789e1d0ccc7c662cb 80b4a5 2.790063434e-07 15 0.24380475
2017-06-12 21:24:39.195284 UTC - adsb_thread - INFO - 71b1226a70d91e c42af5 2.651229636e-07 15 0.2797895
2017-06-12 21:24:39.196131 UTC - adsb_thread - INFO - acfe228722125a16cadd1ee2da42 72e7fd 2.374629702e-07 15 0.29106525
2017-06-12 21:24:39.196982 UTC - adsb_thread - INFO - d7e17784499f5f 7c47e7 2.091139493e-07 15 0.3098325
2017-06-12 21:24:39.294811 UTC - adsb_thread - INFO - 22c591fba71f68 c70339 2.362696137e-07 15 0.42231425
2017-06-12 21:24:39.395476 UTC - adsb_thread - INFO - d74eb586b715bb fba565 1.746045228e-07 15 0.4558245
2017-06-12 21:24:39.497065 UTC - adsb_thread - INFO - 801c6be9e57e9b21f2b45eb1d0f2 6e8794 1.777382579e-07 15 0.4579345
2017-06-12 21:24:39.498160 UTC - adsb_thread - INFO - a18dda52d435e6df81a0ba2521f9 0c3fb9 2.99719801e-07 15 0.572825
2017-06-12 21:24:39.501703 UTC - adsb_thread - INFO - e9313efd2d6501 3d74a6 4.368363591e-07 15 0.580676
2017-06-12 21:24:39.502631 UTC - adsb_thread - INFO - 4a283707e9a111 c1cf1d 2.609511114e-07 15 0.58857
2017-06-12 21:24:39.503423 UTC - adsb_thread - INFO - e6ee18c7041d51 8ef3e8 1.636899043e-07 15 0.62488325
2017-06-12 21:24:39.504162 UTC - adsb_thread - INFO - 6891ae74a16a04 d53192 3.079469195e-07 15 0.63076025
2017-06-12 21:24:39.597882 UTC - adsb_thread - INFO - aa93b6ad4d69ca452880bacb7721 28a59c 3.133799851e-07 15 0.7074495
2017-06-12 21:24:39.598894 UTC - adsb_thread - INFO - 911a2b015819e9 c62cec 1.737216166e-07 15 0.7213725
2017-06-12 21:24:39.698879 UTC - adsb_thread - INFO - a5180533901c0a4a943bb1f4ef6a f795ad 2.431773964e-07 15 0.73051875
2017-06-12 21:24:39.699888 UTC - adsb_thread - INFO - 31afdf9b91b7c4 a26078 2.300507305e-07 15 0.7374855
2017-06-12 21:24:39.700804 UTC - adsb_thread - INFO - 319a0b4e31f080 064531 2.35716584e-07 15 0.77660575
2017-06-12 21:24:39.799320 UTC - adsb_thread - INFO - c6f484c99b93a1 6893b8 3.042991636e-07 15 0.80741975
2017-06-12 21:24:39.800309 UTC - adsb_thread - INFO - 0b175ff4f61741 15e79e 2.385203857e-07 15 0.89996425
2017-06-12 21:24:40.000462 UTC - adsb_thread - INFO - 90dcadf66b7d4f b5f9a8 2.029630792e-07 15 0.935033
2017-06-12 21:24:40.301649 UTC - adsb_thread - INFO - 0be7214c903d07 7b0bc1 2.087550541e-07 16 0.4053445
2017-06-12 21:24:40.302621 UTC - adsb_thread - INFO - a42e9dc77f506a14cd630e03d149 750123 2.515112101e-07 16 0.4400395
2017-06-12 21:24:40.402432 UTC - adsb_thread - INFO - b8ee940a9d1b35 4566bc 2.069408254e-07 16 0.4424175
2017-06-12 21:24:40.503083 UTC - adsb_thread - INFO - 78a57494e97f66 81f7c0 2.380936053e-07 16 0.4715625
2017-06-12 21:24:40.504058 UTC - adsb_thread - INFO - ab880dd2c9f45cfd535a18024ed5 aee1bc 2.093178182e-07 16 0.505344
2017-06-12 21:24:40.504860 UTC - adsb_thread - INFO - 2864f0072143a4 5d3a0e 3.247020572e-07 16 0.52671275
2017-06-12 21:24:40.604053 UTC - adsb_thread - INFO - ca363b55dd5486 2085d0 2.342613499e-07 16 0.60775175
2017-06-12 21:24:40.605022 UTC - adsb_thread - INFO - bd4657066a91b9 60f84f 2.334464142e-07 16 0.6900605
2017-06-12 21:24:40.704832 UTC - adsb_thread - INFO - 9723596a7659a6 a8f88c 2.329904021e-07 16 0.7054
2017-06-12 21:24:40.705787 UTC - adsb_thread - INFO - 2bdfb9e6f25cd7 00995c 2.259565122e-07 16 0.756255
2017-06-12 21:24:40.706518 UTC - adsb_thread - INFO - 4dc4ff6dbc9ab9 ccaf47 2.718463747e-07 16 0.81197975
2017-06-12 21:24:40.806210 UTC - adsb_thread - INFO - e9d5e5cb3564e9 319b6f 2.219593398e-07 16 0.82547125
2017-06-12 21:24:40.807152 UTC - adsb_thread - INFO - 476a6209ee5954 d94ed5 2.97663064e-07 16 0.8870795
2017-06-12 21:24:40.807921 UTC - adsb_thread - INFO - a25250279598e8b2cf7f85bf7435 293f64 1.884201026e-07 16 0.9383465
2017-06-12 21:24:41.007040 UTC - adsb_thread - INFO - 33fca771c32de7 319000 2.069408538e-07 17 0.022915
2017-06-12 21:24:41.007999 UTC - adsb_thread - INFO - e8c4b226eac8fa 59d2af 2.493767681e-07 17 0.044031
2017-06-12 21:24:41.308520 UTC - adsb_thread - INFO - 0ad647765b0711 698cf8 2.3711371e-07 17 0.2001065
2017-06-12 21:24:41.309467 UTC - adsb_thread - INFO - 9b324f2280b783 466b29 2.606115288e-07 17 0.2394935
2017-06-12 21:24:41.310332 UTC - adsb_thread - INFO - 28ea1dd9545435 79c83a 3.350345708e-07 17 0.3846545
2017-06-12 21:24:41.409482 UTC - adsb_thread - INFO - eb2ce0273c1db5 c79dd0 3.817879417e-07 17 0.5070625
2017-06-12 21:24:41.410474 UTC - adsb_thread - INFO - d270987bbb3c3a 2bec5e 1.826375922e-07 17 0.515883
2017-06-12 21:24:41.510343 UTC - adsb_thread - INFO - a5d371dbb5868b9b38ffe577099e 8dcee1 2.131403392e-07 17 0.54504
2017-06-12 21:24:41.511341 UTC - adsb_thread - INFO - 81dc2cc02146c8239e3bd2af640a e3adb4 1.53726063e-07 17 0.55224825
2017-06-12 21:24:41.512080 UTC - adsb_thread - INFO - 6006a961eaea24 fdce3e 3.08111936e-07 17 0.59024575
2017-06-12 21:24:41.512769 UTC - adsb_thread - INFO - 4a1311665479d6 7b2ef8 2.319522281e-07 17 0.64027725
2017-06-12 21:24:41.611729 UTC - adsb_thread - INFO - b960211cd47215 9edeb4 2.129462899e-07 17 0.65364425
2017-06-12 21:24:41.612641 UTC - adsb_thread - INFO - 0a005a7df2ac6f 087111 1.668816765e-07 17 0.717112
2017-06-12 21:24:41.712325 UTC - adsb_thread - INFO - 33f24bc4043a5c beb19d 2.22871364e-07 17 0.761375
2017-06-12 21:24:41.812943 UTC - adsb_thread - INFO - 6a608cdcb4de1d 4687bf 2.643177481e-07 17 0.80592025
2017-06-12 21:24:41.913878 UTC - adsb_thread - INFO - 7dccc822bd9bae 943c8d 3.18987702e-07 17 0.9980225
2017-06-12 21:24:41.914841 UTC - adsb_thread - INFO - df178c170f24d8 8faf04 2.11617234e-07 18 0.001507
2017-06-12 21:24:42.014534 UTC - adsb_thread - INFO - 4eda89b2843355 6ae2eb 3.145734127e-07 18 0.10715575
2017-06-12 21:24:42.015504 UTC - adsb_thread - INFO - 6256ffca13f9b3 45b951 3.868620411e-07 18 0.15071425
2017-06-12 21:24:42.115058 UTC - adsb_thread - INFO - 69861470a1fc53 49f05a 1.390374678e-07 18 0.15684475
2017-06-12 21:24:42.115975 UTC - adsb_thread - INFO - ff96930c385f23 9a8e6a 2.300021293e-07 18 0.15923
2017-06-12 21:24:42.215839 UTC - adsb_thread - INFO - fec4ae87778159 d2ecb4 1.778352043e-07 18 0.2167705
2017-06-12 21:24:42.416746 UTC - adsb_thread - INFO - e9d221678cde42 122d1f 3.127689183e-07 18 0.41697525
2017-06-12 21:24:42.417688 UTC - adsb_thread - INFO - d9d9683ecb619d eced30 3.203946051e-07 18 0.48287975
2017-06-12 21:24:42.418466 UTC - adsb_thread - INFO - 44ed01b992fe86 443aab 3.246536266e-07 18 0.518832
2017-06-12 21:24:42.419185 UTC - adsb_thread - INFO - 8334f0f6a84a7f4aec3fb5e390ca 70427b 1.528141382e-07 18 0.52212875
2017-06-12 21:24:42.618231 UTC - adsb_thread - INFO - 252c4607b5c19e 0a55cd 1.719753442e-07 18 0.657083
2017-06-12 21:24:42.619213 UTC - adsb_thread - INFO - 3403c06e7db8ba 7c10e6 2.376859953e-07 18 0.67954475
2017-06-12 21:24:42.619975 UTC - adsb_thread - INFO - af13dd1995e55310af8979ff7de9 e58cd6 2.631825851e-07 18 0.74766825
2017-06-12 21:24:42.620803 UTC - adsb_thread - INFO - 2596af4246476a c717c7 2.574487894e-07 18 0.74865575
2017-06-12 21:24:42.719459 UTC - adsb_thread - INFO - fc194281036654 ebccaf 3.561168569e-07 18 0.77753325
2017-06-12 21:24:42.820283 UTC - adsb_thread - INFO - 1d828e260f0544 c9c277 2.457580308e-07 18 0.81176075
2017-06-12 21:24:42.821249 UTC - adsb_thread - INFO - 1378faa0eaffa2 64e750 2.204845657e-07 18 0.864872
2017-06-12 21:24:42.921053 UTC - adsb_thread - INFO - b0febdd138514c 26aecb 1.911558343e-07 18 0.9741115
2017-06-12 21:24:42.921986 UTC - adsb_thread - INFO - c40af5f8822fc7 ce86ca 2.242295096e-07 18 0.99241825
2017-06-12 21:24:43.122168 UTC - adsb_thread - INFO - da4dbcceea0eb2 e946ad 2.187189807e-07 19 0.1432795
2017-06-12 21:24:43.123101 UTC - adsb_thread - INFO - 3fec1d369416b8 03acfb 2.429541155e-07 19 0.24966
2017-06-12 21:24:43.222670 UTC - adsb_thread - INFO - a8a5df980e40e9aebd8225c31da6 507586 1.578105753e-07 19 0.255179
2017-06-12 21:24:43.323508 UTC - adsb_thread - INFO - 400625a24efd24 9398f7 2.659670315e-07 19 0.30915625
2017-06-12 21:24:43.324447 UTC - adsb_thread - INFO - 902f248181d360 cbec0a 3.279425016e-07 19 0.35015625
2017-06-12 21:24:43.424060 UTC - adsb_thread - INFO - 81927ddf51b32b4b332904d6a69b b45cd1 3.428834816e-07 19 0.46485875
2017-06-12 21:24:43.425053 UTC - adsb_thread - INFO - f74ed2dbeaeb82 b20e73 2.650454007e-07 19 0.512552
2017-06-12 21:24:43.425891 UTC - adsb_thread - INFO - 4666966bdd3bd8 f94ef2 2.109185573e-07 19 0.542047
2017-06-12 21:24:43.626014 UTC - adsb_thread - INFO - e5715782cd9f21 9932d2 2.428184303e-07 19 0.58371275
2017-06-12 21:24:43.628638 UTC - adsb_thread - INFO - e9ae35c82dd1c2 d998c0 3.023684769e-07 19 0.6602425
2017-06-12 21:24:43.629477 UTC - adsb_thread - INFO - 645651aebbcae6 84ea25 2.487171287e-07 19 0.73091575
2017-06-12 21:24:43.630226 UTC - adsb_thread - INFO - 701e34b9c98e51 890fc8 2.420810574e-07 19 0.7348835
2017-06-12 21:24:43.726838 UTC - adsb_thread - INFO - 682e6b6a858c35 7f73d7 3.294560429e-07 19 0.74582275
2017-06-12 21:24:43.727855 UTC - adsb_thread - INFO - e13576c06ca168 198673 2.682470495e-07 19 0.8493695
2017-06-12 21:24:43.827489 UTC - adsb_thread - INFO - 69422e367b1db7 75f001 2.760667428e-07 19 0.8855645
2017-06-12 21:24:43.928465 UTC - adsb_thread - INFO - 4aa5d756d91242 081420 2.104723364e-07 19 0.95878075
2017-06-12 21:24:43.929449 UTC - adsb_thread - INFO - 9437b36adbb82a 44a0de 3.157958872e-07 20 0.00439575
2017-06-12 21:24:43.930232 UTC - adsb_thread - INFO - 381d9a9371e5ca ea865c 2.286536329e-07 20 0.026446
2017-06-12 21:24:44.029102 UTC - adsb_thread - INFO - d6f5abb48c0ba2 540003 2.13305313e-07 20 0.06413525
2017-06-12 21:24:44.129569 UTC - adsb_thread - INFO - cd2cb0fdd22151 c9919c 2.7079858e-07 20 0.2399275
2017-06-12 21:24:44.130552 UTC - adsb_thread - INFO - eeb8133076ed2c bf56ac 2.497163507e-07 20 0.2506725
2017-06-12 21:24:44.131373 UTC - adsb_thread - INFO - 85c412602047177ae68000a86ac6 7078cf 3.978056498e-07 20 0.26716175
2017-06-12 21:24:44.230538 UTC - adsb_thread - INFO - 815662d95d9e84026456c4b00420 a42a2b 1.696663077e-07 20 0.282056
2017-06-12 21:24:44.231488 UTC - adsb_thread - INFO - 2dabdefc13b71b 548c21 3.352867566e-07 20 0.30103475
2017-06-12 21:24:44.331387 UTC - adsb_thread - INFO - 02680234814cd5 6a925e 1.766708664e-07 20 0.395437
2017-06-12 21:24:44.332323 UTC - adsb_thread - INFO - 0a00164e050a17 35cc01 2.566532658e-07 20 0.40396975
2017-06-12 21:24:44.333110 UTC - adsb_thread - INFO - ce52757f59fc0b da69bb 2.20096581e-07 20 0.4454755
2017-06-12 21:24:44.532718 UTC - adsb_thread - INFO - a5882505d20533acc1d10750fc35 762af1 2.31205135e-07 20 0.60073925
2017-06-12 21:24:44.733939 UTC - adsb_thread - INFO - e92f91558e1e94 9abf1c 3.206855581e-07 20 0.66266925
2017-06-12 21:24:44.734987 UTC - adsb_thread - INFO - ad117ab173fee6e8d72aebda6567 80b2fd 1.631757698e-07 20 0.7504815
2017-06-12 21:24:44.934765 UTC - adsb_thread - INFO - 191bf98ee6be1f 553913 2.320201844e-07 20 0.83985425
2017-06-12 21:24:44.935753 UTC - adsb_thread - INFO - 8566b4399cc61c89ee1261fbe936 60305c 3.492576184e-07 20 0.90328675
2017-06-12 21:24:44.936591 UTC - adsb_thread - INFO - 8517091732ff5fe71b8fc062458f 2c53ea 1.923492619e-07 21 0.02549225
2017-06-12 21:24:44.937321 UTC - adsb_thread - INFO - a0252e5b5fc4832455cc21720fa1 d293c8 2.17350987e-07 21 0.0257785
2017-06-12 21:24:45.036052 UTC - adsb_thread - INFO - 20dcbf9e888632 96d97a 2.590205384e-07 21 0.0381015
2017-06-12 21:24:45.136553 UTC - adsb_thread - INFO - c2ccbc4fa1e0b1 a25d31 2.673834842e-07 21 0.1732525
2017-06-12 21:24:45.137916 UTC - adsb_thread - INFO - afaac725cc71c6a0e4662ed56e2d e5cc8f 2.563524788e-07 21 0.2127235
2017-06-12 21:24:45.138704 UTC - adsb_thread - INFO - 2d4f2d7263f659 785c8f 1.940373835e-07 21 0.220708
2017-06-12 21:24:45.237531 UTC - adsb_thread - INFO - 93c8c0ee3cfc25 70610c 2.90182868e-07 21 0.242518
2017-06-12 21:24:45.238479 UTC - adsb_thread - INFO - e46ff60c3ac42f 14803d 2.633765916e-07 21 0.347227
2017-06-12 21:24:45.239284 UTC - adsb_thread - INFO - dd7379f0052b62 bd24ec 3.075881523e-07 21 0.34875375
2017-06-12 21:24:45.240011 UTC - adsb_thread - INFO - 81a224bbfa706ea6e7f6de9f384a ea8c43 2.642594836e-07 21 0.356327
2017-06-12 21:24:45.439079 UTC - adsb_thread - INFO - 2d1f66b211ccac 47ad0a 2.340769356e-07 21 0.3974315
2017-06-12 21:24:45.539674 UTC - adsb_thread - INFO - 11013bbc97d2cf b4bb8d 2.263057581e-07 21 0.5608095
2017-06-12 21:24:45.540669 UTC - adsb_thread - INFO - 334d4bc2e09a50 6786e7 3.752196562e-07 21 0.60239425
2017-06-12 21:24:45.541490 UTC - adsb_thread - INFO - a2b95bf7d5989ff97f55c6e2a854 554289 2.015951708e-07 21 0.618096
2017-06-12 21:24:45.640711 UTC - adsb_thread - INFO - 808883b394be8979b8e8a701e565 33459c 2.850020167e-07 21 0.68093275
2017-06-12 21:24:45.641653 UTC - adsb_thread - INFO - b6f452d2eb260e 66a444 2.626781281e-07 21 0.694804
2017-06-12 21:24:45.642502 UTC - adsb_thread - INFO - 688fb7b3129df4 9c35f8 2.698186847e-07 21 0.70978525
2017-06-12 21:24:45.643212 UTC - adsb_thread - INFO - eb509e712ae55b 6f44d7 2.69120136e-07 21 0.749903
2017-06-12 21:24:45.643880 UTC - adsb_thread - INFO - 11add652264fe6 0b36c2 2.018668397e-07 21 0.7865495
2017-06-12 21:24:45.842542 UTC - adsb_thread - INFO - 156a496ab7cbec 36431c 1.71645496e-07 21 0.874765
2017-06-12 21:24:45.843481 UTC - adsb_thread - INFO - 0826136476af06 4f805e 2.133635491e-07 21 0.899246
2017-06-12 21:24:45.844295 UTC - adsb_thread - INFO - 9695ac8cc68822 054ecb 2.64734922e-07 21 0.90039425
2017-06-12 21:24:46.043879 UTC - adsb_thread - INFO - a990864456d1407ff8ec1069bb3a 60a9ee 3.242267326e-07 22 0.12145725
2017-06-12 21:24:46.044840 UTC - adsb_thread - INFO - b4f02d53aa9ac5 47197f 2.455445269e-07 22 0.1219045
2017-06-12 21:24:46.144704 UTC - adsb_thread - INFO - f7d688549d37a0 94b17e 2.710798981e-07 22 0.23704475
2017-06-12 21:24:46.245312 UTC - adsb_thread - INFO - a76b7bff436882d518611e818241 c6a072 1.667556973e-07 22 0.27496975
2017-06-12 21:24:46.246249 UTC - adsb_thread - INFO - b559bee02c0288 d463b2 3.393810744e-07 22 0.28713525
2017-06-12 21:24:46.247040 UTC - adsb_thread - INFO - 384496d5107479 f420a9 1.910977403e-07 22 0.31845975
2017-06-12 21:24:46.247760 UTC - adsb_thread - INFO - a6dba83c0d648881633b86bebfe9 461d4e 1.907484659e-07 22 0.32703375
2017-06-12 21:24:46.248423 UTC - adsb_thread - INFO - e8fadcda457d7e 3f6515 2.558770404e-07 22 0.33778875
2017-06-12 21:24:46.547274 UTC - adsb_thread - INFO - 04d77b75c76b33 c90bfb 3.216364064e-07 22 0.5658115
2017-06-12 21:24:46.647871 UTC - adsb_thread - INFO - 52186047f1e113 eb936e 2.18136762e-07 22 0.64767625
2017-06-12 21:24:46.748470 UTC - adsb_thread - INFO - a124885536d41e91e4731f9452c6 f5ddd7 2.151873559e-07 22 0.75168175
2017-06-12 21:24:46.749411 UTC - adsb_thread - INFO - 13b5e12879c609 46d165 2.521806834e-07 22 0.78689675
2017-06-12 21:24:46.949708 UTC - adsb_thread - INFO - 2b192963aef4bc f13695 3.021743851e-07 22 0.83195575
2017-06-12 21:24:47.050238 UTC - adsb_thread - INFO - 25848d1d85b36d 1c93ab 4.425702684e-07 23 0.0649385
2017-06-12 21:24:47.051160 UTC - adsb_thread - INFO - 05e5fa3105b48c 571f5e 2.60446626e-07 23 0.09523375
2017-06-12 21:24:47.051936 UTC - adsb_thread - INFO - f9ec2443e6b3d5 2a2812 2.750674071e-07 23 0.101761
2017-06-12 21:24:47.052645 UTC - adsb_thread - INFO - bdb09c692bac2f eff8b7 1.644370258e-07 23 0.1296395
2017-06-12 21:24:47.053347 UTC - adsb_thread - INFO - 83bc8311f1c4df2970ce72cf8cab 783f49 2.33145542e-07 23 0.144776
2017-06-12 21:24:47.054021 UTC - adsb_thread - INFO - 56d4244e5b31ea 6c835f 2.919097994e-07 23 0.1488665
2017-06-12 21:24:47.352702 UTC - adsb_thread - INFO - 66f2242537080b ab4acb 2.661804785e-07 23 0.30947625
2017-06-12 21:24:47.353663 UTC - adsb_thread - INFO - 3e8a2b1ee21259 462861 3.079858288e-07 23 0.322694
2017-06-12 21:24:47.453258 UTC - adsb_thread - INFO - 7731cf051da1e5 bb306e 2.455639958e-07 23 0.42650675
2017-06-12 21:24:47.654193 UTC - adsb_thread - INFO - 0f6da51eb75ae9 aecec3 3.038528575e-07 23 0.5853325
2017-06-12 21:24:47.655180 UTC - adsb_thread - INFO - b3350c163d97d1 9599be 2.293618735e-07 23 0.646822
2017-06-12 21:24:47.656022 UTC - adsb_thread - INFO - d34ac1703f92cc 7424a4 3.401572712e-07 23 0.6513905
2017-06-12 21:24:47.656765 UTC - adsb_thread - INFO - 74239cd87b237a 12c62f 2.587973142e-07 23 0.7740915
2017-06-12 21:24:47.755311 UTC - adsb_thread - INFO - 43d8067f26d3bf afd95a 2.856230594e-07 23 0.800462
2017-06-12 21:24:47.756307 UTC - adsb_thread - INFO - 40170abfe9b2ae 7f132e 2.43788719e-07 23 0.80551975
2017-06-12 21:24:47.757179 UTC - adsb_thread - INFO - d55d6a7346eac9 53fc23 2.637161742e-07 23 0.8233665
2017-06-12 21:24:47.857265 UTC - adsb_thread - INFO - 9f6d9cfc52500c 502de8 2.897753291e-07 23 0.83388375
2017-06-12 21:24:47.858184 UTC - adsb_thread - INFO - 716ea1fd326d47 679914 1.560837006e-07 23 0.88886525
2017-06-12 21:24:47.858891 UTC - adsb_thread - INFO - fde78d35861fbe 261c76 2.059319399e-07 23 0.90669825
2017-06-12 21:24:47.859604 UTC - adsb_thread - INFO - 6d85131679b9b6 007a4d 1.897006143e-07 23 0.96176475
2017-06-12 21:24:47.860371 UTC - adsb_thread - INFO - d04d4705fc2c2a cae363 2.308560312e-07 23 0.98216275
2017-06-12 21:24:48.058058 UTC - adsb_thread - INFO - 4b1c188faf65d4 60e193 2.730494941e-07 24 0.00766825
2017-06-12 21:24:48.159723 UTC - adsb_thread - INFO - 1d5a4a30638b91 cb3c86 2.661125222e-07 24 0.23881575
2017-06-12 21:24:48.260692 UTC - adsb_thread - INFO - 84a9b8ca09e7a43362ebe0762cd6 99babf 1.953762023e-07 24 0.2684595
2017-06-12 21:24:48.261622 UTC - adsb_thread - INFO - 6e5712278554ed d6586f 4.043643003e-07 24 0.277677
2017-06-12 21:24:48.262383 UTC - adsb_thread - INFO - a5a858786e432fb1df9a46805d8a d1bc0d 2.636870988e-07 24 0.37127675
2017-06-12 21:24:48.361179 UTC - adsb_thread - INFO - 7fbe6b228d3d58 2f4a99 2.540338073e-07 24 0.381719
2017-06-12 21:24:48.362676 UTC - adsb_thread - INFO - de0b82208e2828 0b59f7 2.029145634e-07 24 0.40587525
2017-06-12 21:24:48.363450 UTC - adsb_thread - INFO - 738965f91d5359 a666bd 1.939887966e-07 24 0.4272715
2017-06-12 21:24:48.463652 UTC - adsb_thread - INFO - 84e9e871c8d2bdd3568351f5a3ed 801c91 2.083379513e-07 24 0.47552025
2017-06-12 21:24:48.464590 UTC - adsb_thread - INFO - eff35b795dc35a bd4007 2.054662218e-07 24 0.5289605
2017-06-12 21:24:48.465388 UTC - adsb_thread - INFO - a28f31355cbd3c19b22953fe5433 1bbcc0 3.121674013e-07 24 0.57648125
2017-06-12 21:24:48.564713 UTC - adsb_thread - INFO - 15ef36f507d91f 56cecc 2.314866094e-07 24 0.59934375
2017-06-12 21:24:48.565660 UTC - adsb_thread - INFO - cc3819e6d56814 497d95 2.882813135e-07 24 0.607693
2017-06-12 21:24:48.566398 UTC - adsb_thread - INFO - 20a81cd3b55481 a7e738 4.640015732e-07 24 0.628235
2017-06-12 21:24:48.567067 UTC - adsb_thread - INFO - 3285de581d94af 975277 3.00379412e-07 24 0.633547
2017-06-12 21:24:48.665659 UTC - adsb_thread - INFO - 7651b63a5dd1a4 3dcdbc 2.239968069e-07 24 0.66291075
2017-06-12 21:24:48.666595 UTC - adsb_thread - INFO - c92b688078df5e 058575 1.644757504e-07 24 0.70785025
2017-06-12 21:24:48.667327 UTC - adsb_thread - INFO - 42552522f42566 387c52 2.187383075e-07 24 0.71987525
