2017-06-12 21:25:18.728944 UTC - MainThread - INFO - Logger Initialized
2017-06-12 21:25:24.031416 UTC - adsb_thread - INFO - a929e093ec28f0069e96acde6154 001d8d 2.13043e-07 0 0.0852910625
2017-06-12 21:25:24.032455 UTC - adsb_thread - INFO - 2492663671aaf4 153586 2.818102303e-07 0 0.0944628125
2017-06-12 21:25:24.033248 UTC - adsb_thread - INFO - 123c8bc5f46ff6 bdb475 2.984293985e-07 0 0.1315103125
2017-06-12 21:25:24.132592 UTC - adsb_thread - INFO - ab28d67889270fc6d5908cd45adb d5423a 1.900790636e-07 0 0.1655713125
2017-06-12 21:25:24.133561 UTC - adsb_thread - INFO - cc4120aa61cb6e 2f5e7e 4.123682515e-07 0 0.1759903125
2017-06-12 21:25:24.134300 UTC - adsb_thread - INFO - 6adfd92d41e743 de36e9 3.160383812e-07 0 0.2130098125
2017-06-12 21:25:24.233177 UTC - adsb_thread - INFO - b313e530201728 25c4ca 3.5718395e-07 0 0.2593093125
2017-06-12 21:25:24.433993 UTC - adsb_thread - INFO - dee83d008aa5b3 402964 1.8862373e-07 0 0.3516660625
2017-06-12 21:25:24.535019 UTC - adsb_thread - INFO - 65eb7952b585c6 cc8714 1.938530119e-07 0 0.4855098125
2017-06-12 21:25:24.535978 UTC - adsb_thread - INFO - e3cd44b46596be 1130fa 1.321005385e-07 0 0.5416925625
2017-06-12 21:25:24.536723 UTC - adsb_thread - INFO - 2d16217b3cdb76 a465ce 2.543538642e-07 0 0.5690298125
2017-06-12 21:25:24.836246 UTC - adsb_thread - INFO - aea93a3e2cffbaa5590d0c4590a9 21060f 2.065528406e-07 0 0.7879180625
2017-06-12 21:25:24.936745 UTC - adsb_thread - INFO - 51eca18bf41f5e d2a758 3.039498324e-07 1 0.0243465625
2017-06-12 21:25:24.937736 UTC - adsb_thread - INFO - a1ba6770e21bc9342abf5f25ec4b 60bfde 3.249737688e-07 1 0.0421440625
2017-06-12 21:25:24.938521 UTC - adsb_thread - INFO - 87c168447331f443c835c0c467b2 7092ef 2.535584258e-07 1 0.0504565625
2017-06-12 21:25:25.038508 UTC - adsb_thread - INFO - ec71ad697a9dcc 687cac 2.367548007e-07 1 0.0664393125
2017-06-12 21:25:25.039438 UTC - adsb_thread - INFO - 1846c60f78b3e5 9f70f5 2.361046825e-07 1 0.0758948125
2017-06-12 21:25:25.040204 UTC - adsb_thread - INFO - 0e64865a58ed16 261bf9 3.434072653e-07 1 0.0928670625
2017-06-12 21:25:25.041039 UTC - adsb_thread - INFO - 209897986aeba4 87119e 2.865446618e-07 1 0.1331220625
2017-06-12 21:25:25.041887 UTC - adsb_thread - INFO - ff7f57f2f3fb68 af8201 1.462071708e-07 1 0.1524875625
2017-06-12 21:25:25.139787 UTC - adsb_thread - INFO - 7166281420ba04 665d8e 2.974786071e-07 1 0.1604250625
2017-06-12 21:25:25.140806 UTC - adsb_thread - INFO - b25038c1838edd e8638a 2.43109497e-07 1 0.2078238125
2017-06-12 21:25:25.141609 UTC - adsb_thread - INFO - 06136f6762fca5 b4d9f3 1.808039087e-07 1 0.2135885625
2017-06-12 21:25:25.142339 UTC - adsb_thread - INFO - 956e02b4fc6f19 51f021 2.374046062e-07 1 0.2159208125
2017-06-12 21:25:25.340901 UTC - adsb_thread - INFO - 9c4bf59f32ad66 e45581 2.952666023e-07 1 0.3505930625
2017-06-12 21:25:25.341892 UTC - adsb_thread - INFO - afe7d00f5c13d280050e4ffaa1c9 c2b528 2.071251828e-07 1 0.4111808125
2017-06-12 21:25:25.441242 UTC - adsb_thread - INFO - ecdc0cfe0c3fb9 d4ee81 2.089878848e-07 1 0.4193883125
2017-06-12 21:25:25.541819 UTC - adsb_thread - INFO - 292d70bba11cbd e06989 5.035657864e-07 1 0.5221728125
2017-06-12 21:25:25.642513 UTC - adsb_thread - INFO - f436fd1391cda4 a9b086 2.50366412e-07 1 0.6221278125
2017-06-12 21:25:25.743263 UTC - adsb_thread - INFO - 4eb0e500724a56 2ab8b1 3.067827947e-07 1 0.7718983125
2017-06-12 21:25:25.744221 UTC - adsb_thread - INFO - 48b06910c527fa d4700b 2.227451574e-07 1 0.8376430625
2017-06-12 21:25:25.843829 UTC - adsb_thread - INFO - 85b6b0b4e6f449c618c022b02f25 a79a03 2.833237147e-07 1 0.8607968125
2017-06-12 21:25:25.844804 UTC - adsb_thread - INFO - a92100bfe3c9d9123ca68ca89dec e41d58 2.116948252e-07 1 0.8805763125
2017-06-12 21:25:25.845696 UTC - adsb_thread - INFO - 11220acf979647 ca247c 2.783077662e-07 1 0.9159998125
2017-06-12 21:25:25.846470 UTC - adsb_thread - INFO - c9e59c76c36447 fa2bc7 2.415474967e-07 1 0.9311505625
2017-06-12 21:25:25.847164 UTC - adsb_thread - INFO - 412cdc2f8e451d 957412 2.03341429e-07 1 0.9365755625
2017-06-12 21:25:25.847855 UTC - adsb_thread - INFO - ab8c37ec277cb408ca70af40fa29 b28f2d 2.398884931e-07 1 0.9510180625
2017-06-12 21:25:25.945763 UTC - adsb_thread - INFO - b12ad4de1223f8 6ec514 2.385010589e-07 1 0.9835020625
2017-06-12 21:25:25.946719 UTC - adsb_thread - INFO - 1f91b5946089fc 805180 3.182406658e-07 2 0.0431783125
2017-06-12 21:25:26.046236 UTC - adsb_thread - INFO - 30acb9d9505819 3b7055 2.879126555e-07 2 0.0861213125
2017-06-12 21:25:26.047202 UTC - adsb_thread - INFO - 6ab78c378b5180 1f4164 2.525785874e-07 2 0.1179335625
2017-06-12 21:25:26.247750 UTC - adsb_thread - INFO - e03337a4cd9fe8 cf4352 2.579143938e-07 2 0.2246490625
2017-06-12 21:25:26.248684 UTC - adsb_thread - INFO - 4d8f37934b81a9 399671 1.969091272e-07 2 0.3502825625
2017-06-12 21:25:26.348336 UTC - adsb_thread - INFO - 44449616c294fc 12d180 2.41304889e-07 2 0.3899228125
2017-06-12 21:25:26.448825 UTC - adsb_thread - INFO - 041881afa527e4 b74e2c 1.993733605e-07 2 0.4457610625
2017-06-12 21:25:26.549451 UTC - adsb_thread - INFO - af7f19737c2a718f5c7068059413 d2710a 2.13916536e-07 2 0.5047763125
2017-06-12 21:25:26.650021 UTC - adsb_thread - INFO - 46c09e0f62a6d7 b74419 2.40218327e-07 2 0.5924365625
2017-06-12 21:25:26.651039 UTC - adsb_thread - INFO - 6647e9c3456e08 573a92 1.504662492e-07 2 0.7337578125
2017-06-12 21:25:26.651780 UTC - adsb_thread - INFO - 934be65fa27951 f126be 2.116366034e-07 2 0.7638388125
2017-06-12 21:25:26.751436 UTC - adsb_thread - INFO - 27c20ece00af3d 78ff47 2.724963224e-07 2 0.8013513125
2017-06-12 21:25:26.752385 UTC - adsb_thread - INFO - a3b332c59286d063c94583777c90 a90f2b 2.509969761e-07 2 0.8717288125
2017-06-12 21:25:26.753159 UTC - adsb_thread - INFO - 82726e1e857e00a987799313fc2b 5b2e1a 2.887470032e-07 2 0.8741980625
2017-06-12 21:25:26.851934 UTC - adsb_thread - INFO - 468f3c662a075c 1c1b97 1.615749312e-07 2 0.9073275625
2017-06-12 21:25:26.852965 UTC - adsb_thread - INFO - be88999f3f0b1e 427927 4.145221055e-07 2 0.9177568125
2017-06-12 21:25:26.952798 UTC - adsb_thread - INFO - 27ca0ada4cac4f 62b0d3 1.918156016e-07 2 0.9238703125
2017-06-12 21:25:27.053315 UTC - adsb_thread - INFO - bc430c544b0cd7 ad4806 2.987689811e-07 3 0.0256855625
2017-06-12 21:25:27.153932 UTC - adsb_thread - INFO - 829cddb28a5e812c872f0ef6ce70 d19620 1.851601183e-07 3 0.0996030625
2017-06-12 21:25:27.156548 UTC - adsb_thread - INFO - 118bb8ec55ba9c 01b8e5 2.02274208e-07 3 0.1157055625
2017-06-12 21:25:27.157434 UTC - adsb_thread - INFO - a7abccc688dd644543c13e2d668d 8170f0 2.890865289e-07 3 0.1382740625
2017-06-12 21:25:27.158189 UTC - adsb_thread - INFO - a3fbc7ecc69876b14500ba37b487 326b36 3.159802304e-07 3 0.2510055625
2017-06-12 21:25:27.255055 UTC - adsb_thread - INFO - a0e8dbd453804f97d79d61cbff5d 50dabd 1.860333327e-07 3 0.2763655625
2017-06-12 21:25:27.256031 UTC - adsb_thread - INFO - d3a26000d52ae6 1e45f5 1.912335534e-07 3 0.2842903125
2017-06-12 21:25:27.556862 UTC - adsb_thread - INFO - 6d888068547447 70b81c 2.515499489e-07 3 0.4046635625
2017-06-12 21:25:27.557803 UTC - adsb_thread - INFO - 24a1cd0fc8b2de 79e2f6 2.527627316e-07 3 0.5447323125
2017-06-12 21:25:27.558548 UTC - adsb_thread - INFO - 07b725dd5f5330 2c1678 3.362376049e-07 3 0.6324765625
2017-06-12 21:25:27.657358 UTC - adsb_thread - INFO - 32f28bbc257f26 3343e6 2.30700806e-07 3 0.6512390625
2017-06-12 21:25:27.658328 UTC - adsb_thread - INFO - a72a3fc1931e4321efa225190125 f40d69 1.948909869e-07 3 0.7733135625
2017-06-12 21:25:27.758212 UTC - adsb_thread - INFO - 97bc193684f053 5d3dfb 1.97966628e-07 3 0.8112038125
2017-06-12 21:25:27.858987 UTC - adsb_thread - INFO - 2120b5924fedf4 b7477f 2.393452121e-07 3 0.8712290625
2017-06-12 21:25:27.859946 UTC - adsb_thread - INFO - a6986206ca0684726cb0df689a89 52285d 2.628430025e-07 3 0.8805883125
2017-06-12 21:25:28.060055 UTC - adsb_thread - INFO - 55c0d08238ab3f fef4ae 3.027467983e-07 4 0.0087275625
2017-06-12 21:25:28.061074 UTC - adsb_thread - INFO - 8054673e2f801ad20e4011fe7db9 662d9e 4.132317031e-07 4 0.0589815625
2017-06-12 21:25:28.260920 UTC - adsb_thread - INFO - a113b36f54319bd7de993d4e99fc 28a5e3 2.670632853e-07 4 0.2478320625
2017-06-12 21:25:28.362079 UTC - adsb_thread - INFO - 09c036f1012d11 ead3e4 2.584772005e-07 4 0.4212760625
2017-06-12 21:25:28.363064 UTC - adsb_thread - INFO - bfe10cd35e4d92 880854 2.00324223e-07 4 0.4767720625
2017-06-12 21:25:28.363813 UTC - adsb_thread - INFO - a8a17eb63a0944b150cf543613ae 3e4234 2.710410456e-07 4 0.4835840625
2017-06-12 21:25:28.364506 UTC - adsb_thread - INFO - 8233bc892188392e458fd72c4268 8bac48 2.666170644e-07 4 0.4869398125
2017-06-12 21:25:28.462696 UTC - adsb_thread - INFO - 9fc39246f9fa7c 44ae4d 3.869494094e-07 4 0.5059903125
2017-06-12 21:25:28.563437 UTC - adsb_thread - INFO - 679ee5b2401a75 12711b 3.688262495e-07 4 0.6430315625
2017-06-12 21:25:28.564374 UTC - adsb_thread - INFO - 63209780b1995b c3520b 2.129464463e-07 4 0.6491443125
2017-06-12 21:25:28.663963 UTC - adsb_thread - INFO - 1bbc9bfca50ec4 934f25 3.237805117e-07 4 0.6621660625
2017-06-12 21:25:28.666211 UTC - adsb_thread - INFO - 3aef09db061e7e 21c6a2 2.656178424e-07 4 0.7072928125
2017-06-12 21:25:28.764824 UTC - adsb_thread - INFO - 6b71faab6297c3 10e854 2.148187264e-07 4 0.7473268125
2017-06-12 21:25:28.865363 UTC - adsb_thread - INFO - f9e0861792babc dfc6d4 3.270013167e-07 4 0.8500610625
2017-06-12 21:25:28.965958 UTC - adsb_thread - INFO - 75da4bbc39ebb7 ad5b6e 1.202352564e-07 4 0.9462138125
2017-06-12 21:25:28.966931 UTC - adsb_thread - INFO - 43f5c97566a693 214fd3 2.578562714e-07 4 0.9920993125
2017-06-12 21:25:28.967665 UTC - adsb_thread - INFO - cd7c046e9fdff8 346750 1.887787704e-07 5 0.0677363125
2017-06-12 21:25:29.067068 UTC - adsb_thread - INFO - 1404975ca30f93 b4a1b6 3.548069571e-07 5 0.1192185625
2017-06-12 21:25:29.167564 UTC - adsb_thread - INFO - ed819ae4b3899d 7e5772 2.438467277e-07 5 0.1828820625
2017-06-12 21:25:29.268157 UTC - adsb_thread - INFO - 6c79b01a6fdb85 49d810 1.809979153e-07 5 0.2299548125
2017-06-12 21:25:29.469087 UTC - adsb_thread - INFO - ac1c5207eb285f6ca7481db21b64 a56302 2.080275578e-07 5 0.3078820625
2017-06-12 21:25:29.470069 UTC - adsb_thread - INFO - 60ad431fe5d324 f00c07 2.009062854e-07 5 0.4952575625
2017-06-12 21:25:29.569919 UTC - adsb_thread - INFO - 854e50971ff58b54740b812d7495 ef92d3 2.380450184e-07 5 0.5466958125
2017-06-12 21:25:29.570920 UTC - adsb_thread - INFO - 571d2cdb1ab3c5 8d30b2 2.270431452e-07 5 0.5943288125
2017-06-12 21:25:29.670765 UTC - adsb_thread - INFO - b366a9140bedc2 13509a 2.639295644e-07 5 0.7448380625
2017-06-12 21:25:29.671718 UTC - adsb_thread - INFO - 169c5c60200141 df3cf3 2.14217323e-07 5 0.7558575625
2017-06-12 21:25:29.672546 UTC - adsb_thread - INFO - a06700d1da52d3e5818ff6dca4e3 f4a053 1.870811559e-07 5 0.7582465625
2017-06-12 21:25:29.771736 UTC - adsb_thread - INFO - a7f60a39181f922cec0bac6603e3 0b01f1 2.798795151e-07 5 0.7608605625
2017-06-12 21:25:29.772658 UTC - adsb_thread - INFO - c9bf3716d8d7c0 6442f5 2.029340465e-07 5 0.8105350625
2017-06-12 21:25:29.773450 UTC - adsb_thread - INFO - 7610826174fabd 899b79 1.814054542e-07 5 0.8329520625
2017-06-12 21:25:29.774142 UTC - adsb_thread - INFO - 250a62f4bf9001 95bf2e 2.040497264e-07 5 0.8659833125
2017-06-12 21:25:29.872914 UTC - adsb_thread - INFO - 85f3bbe4c998e2d2e732a9a4a637 36583f 2.681402123e-07 5 0.9301538125
2017-06-12 21:25:29.874559 UTC - adsb_thread - INFO - a0352807bb22cc378fd9eee3af7a 55bb0c 2.5023067e-07 5 0.9407070625
2017-06-12 21:25:29.875318 UTC - adsb_thread - INFO - ed394d10e4a69a 7f1aa1 3.563690143e-07 5 0.9643798125
2017-06-12 21:25:29.973903 UTC - adsb_thread - INFO - 73e3dc0fb99125 e44778 2.95130917e-07 6 0.0147935625
2017-06-12 21:25:30.175150 UTC - adsb_thread - INFO - ea50a75238ffa5 087751 2.688679217e-07 6 0.1893898125
2017-06-12 21:25:30.176118 UTC - adsb_thread - INFO - ad45b65f93bc3fbfdd844cedba67 ff421d 1.922812913e-07 6 0.2410483125
2017-06-12 21:25:30.276009 UTC - adsb_thread - INFO - 2722af9e01b803 9652ba 2.637937655e-07 6 0.2429163125
2017-06-12 21:25:30.277345 UTC - adsb_thread - INFO - 60dd7eea45ac53 201065 1.717327933e-07 6 0.3856228125
2017-06-12 21:25:30.477508 UTC - adsb_thread - INFO - a82a4068af56dc3ab006d0edf94b fb76ae 2.542569177e-07 6 0.4345678125
2017-06-12 21:25:30.478445 UTC - adsb_thread - INFO - 497b33f5fcabbf d48c14 3.202005132e-07 6 0.4378338125
2017-06-12 21:25:30.479239 UTC - adsb_thread - INFO - c9aaaac232b378 3225f2 2.301573119e-07 6 0.5127463125
2017-06-12 21:25:30.479949 UTC - adsb_thread - INFO - aecec0a88dca02c2c161a49a6582 67c694 1.848400473e-07 6 0.5467758125
2017-06-12 21:25:30.578578 UTC - adsb_thread - INFO - b28f9425d1188b c2b0f7 2.358233644e-07 6 0.5653878125
2017-06-12 21:25:30.579510 UTC - adsb_thread - INFO - c14371fc30c4d0 d0f5cb 2.963145107e-07 6 0.5957893125
2017-06-12 21:25:30.580297 UTC - adsb_thread - INFO - 9c069cac0cd439 c69720 2.687901883e-07 6 0.6470498125
2017-06-12 21:25:30.581154 UTC - adsb_thread - INFO - 46c0523d8eb1f6 97ac7d 3.149420138e-07 6 0.6948560625
2017-06-12 21:25:30.679074 UTC - adsb_thread - INFO - 9f9b8ef37e5a69 ab7985 2.581764704e-07 6 0.6955303125
2017-06-12 21:25:30.680075 UTC - adsb_thread - INFO - d2d56956c4f5b8 6aac41 3.015243806e-07 6 0.7064625625
2017-06-12 21:25:30.680981 UTC - adsb_thread - INFO - 75d075a2000011 6bd3d2 2.578853184e-07 6 0.7810873125
2017-06-12 21:25:30.681708 UTC - adsb_thread - INFO - 3d034106660895 196c13 2.902314122e-07 6 0.7861440625
2017-06-12 21:25:30.780534 UTC - adsb_thread - INFO - 83030a2fd2e9935f0981a15d32c2 b149ff 1.711894413e-07 6 0.8633100625
2017-06-12 21:25:30.781479 UTC - adsb_thread - INFO - ecc691cb1c84c2 cd6993 2.456416155e-07 6 0.8673838125
2017-06-12 21:25:30.881351 UTC - adsb_thread - INFO - de7adbc3f83bfc 7ac399 1.762829811e-07 6 0.8728060625
2017-06-12 21:25:30.882291 UTC - adsb_thread - INFO - db58e6cf5cdca6 9c7ba4 2.330000939e-07 6 0.9541978125
2017-06-12 21:25:30.981950 UTC - adsb_thread - INFO - ff469272265d86 35cfe9 2.113454514e-07 7 0.0969445625
2017-06-12 21:25:31.082527 UTC - adsb_thread - INFO - 06016a66e6b335 3fb578 2.17195776e-07 7 0.1252413125
2017-06-12 21:25:31.183135 UTC - adsb_thread - INFO - 11b33a40187434 596872 1.840832482e-07 7 0.2057560625
2017-06-12 21:25:31.283913 UTC - adsb_thread - INFO - e50b78d532e4c4 9938c3 1.739448408e-07 7 0.2478655625
2017-06-12 21:25:31.284875 UTC - adsb_thread - INFO - 8578c9fe490dacec79e0842f7fa0 0fb5c6 2.627847948e-07 7 0.2504188125
2017-06-12 21:25:31.385030 UTC - adsb_thread - INFO - cf29884435d4e7 14480d 1.670564416e-07 7 0.3543968125
2017-06-12 21:25:31.385965 UTC - adsb_thread - INFO - 7b5511941daa55 85165b 2.022451611e-07 7 0.3621243125
2017-06-12 21:25:31.386698 UTC - adsb_thread - INFO - 4fcbaa8d05a818 c2c70d 2.492604381e-07 7 0.4404380625
2017-06-12 21:25:31.387377 UTC - adsb_thread - INFO - b088805d4f90fe f0d387 2.935300643e-07 7 0.4477768125
2017-06-12 21:25:31.485666 UTC - adsb_thread - INFO - aacbf04891ecaec404a52eb0e72a 0c5c78 2.71041074e-07 7 0.4867710625
2017-06-12 21:25:31.586425 UTC - adsb_thread - INFO - b3307b37b2166d 569c65 2.738837566e-07 7 0.5336460625
2017-06-12 21:25:31.587385 UTC - adsb_thread - INFO - a27079d80216b7f2ac1ebd8e7d85 b61613 2.277318742e-07 7 0.6232288125
2017-06-12 21:25:31.687245 UTC - adsb_thread - INFO - e69e85bf28344d ed575f 1.594599155e-07 7 0.6705448125
2017-06-12 21:25:31.688184 UTC - adsb_thread - INFO - 0acd79af061d0a e0302c 2.92074759e-07 7 0.7127025625
2017-06-12 21:25:31.888263 UTC - adsb_thread - INFO - 47a7f001501abd 5675c6 3.220437748e-07 7 0.9983460625
2017-06-12 21:25:31.988794 UTC - adsb_thread - INFO - 6713782949c191 0268dd 2.328933277e-07 8 0.0106820625
2017-06-12 21:25:31.989780 UTC - adsb_thread - INFO - a82788c4e6a2aa46179e1945ad1c 0e649a 1.230197313e-07 8 0.0113268125
2017-06-12 21:25:31.990669 UTC - adsb_thread - INFO - a9e16469d2a55a62c3d784c23eba 964ed0 2.561779411e-07 8 0.0266620625
2017-06-12 21:25:32.090097 UTC - adsb_thread - INFO - 81e6e173ca39610ca69139db5c17 e38291 1.856064529e-07 8 0.1265845625
2017-06-12 21:25:32.091133 UTC - adsb_thread - INFO - 6d6ac66f27d3cd 9a42f4 1.93697872e-07 8 0.1397480625
2017-06-12 21:25:32.491674 UTC - adsb_thread - INFO - 4777d8ecdbfc5c d4fb82 1.762732182e-07 8 0.4102465625
2017-06-12 21:25:32.492635 UTC - adsb_thread - INFO - 54cc88b98bf1d3 2d2519 2.155851888e-07 8 0.4911920625
2017-06-12 21:25:32.692850 UTC - adsb_thread - INFO - 807703033edc3e224e23d13423f2 d13d0b 3.536719078e-07 8 0.6261103125
2017-06-12 21:25:32.693895 UTC - adsb_thread - INFO - 873c1b4514bb585e7fc3b0b5f2d8 806382 2.679850013e-07 8 0.7707853125
2017-06-12 21:25:32.793678 UTC - adsb_thread - INFO - cbd815d4938347 b083da 1.980830291e-07 8 0.8225030625
2017-06-12 21:25:32.794624 UTC - adsb_thread - INFO - bbe96026195911 feb57f 3.545256959e-07 8 0.8258158125
2017-06-12 21:25:32.894542 UTC - adsb_thread - INFO - 9eb9a2896ecbd3 ba11b1 2.096283254e-07 8 0.9245040625
2017-06-12 21:25:32.895531 UTC - adsb_thread - INFO - 6aadaf14cc353d 221068 2.057572885e-07 8 0.9809208125
2017-06-12 21:25:32.995381 UTC - adsb_thread - INFO - b74d8f177d8253 12e9be 1.93212685e-07 8 0.9878248125
2017-06-12 21:25:33.096030 UTC - adsb_thread - INFO - d815ffc2cb6490 c81eab 2.330680786e-07 9 0.1321595625
2017-06-12 21:25:33.196544 UTC - adsb_thread - INFO - 0a75835b154b7d dd1706 2.988660981e-07 9 0.2375318125
2017-06-12 21:25:33.197501 UTC - adsb_thread - INFO - 1db746fde1eef2 8b9d8d 4.007551979e-07 9 0.2798050625
2017-06-12 21:25:33.398228 UTC - adsb_thread - INFO - 914fba87b74ff8 54a4b3 1.617592318e-07 9 0.4792405625
2017-06-12 21:25:33.399163 UTC - adsb_thread - INFO - 6ff2a85324cc69 80a16a 2.225511793e-07 9 0.4796795625
2017-06-12 21:25:33.399899 UTC - adsb_thread - INFO - bee7d9a2e1c931 9ea595 2.265190489e-07 9 0.4814968125
2017-06-12 21:25:33.400730 UTC - adsb_thread - INFO - 95adb2d847bb28 b9228b 2.31205135e-07 9 0.4952098125
2017-06-12 21:25:33.599190 UTC - adsb_thread - INFO - ad4bde2b1fed799d9f253e656831 80e7e6 3.664687256e-07 9 0.6614178125
2017-06-12 21:25:33.699935 UTC - adsb_thread - INFO - 9a4b1ad43c91d6 0fed7a 3.110224327e-07 9 0.6899313125
2017-06-12 21:25:33.700937 UTC - adsb_thread - INFO - a3301cff044a6379707515d8f12b ad51aa 1.835884973e-07 9 0.7877478125
2017-06-12 21:25:33.800810 UTC - adsb_thread - INFO - d24cd296c0e6b7 7bfab7 3.559422055e-07 9 0.8153100625
2017-06-12 21:25:33.801748 UTC - adsb_thread - INFO - 7fd4445daed561 2f2698 2.42061617e-07 9 0.8328110625
2017-06-12 21:25:33.901329 UTC - adsb_thread - INFO - 283e7592ae5d31 c793d0 2.440602884e-07 9 0.8682033125
2017-06-12 21:25:33.902297 UTC - adsb_thread - INFO - 4e428532bf3842 475789 2.776479846e-07 9 0.8731483125
2017-06-12 21:25:33.903135 UTC - adsb_thread - INFO - a1f0c4b059f23b4dc676ade62067 a1d0af 2.291192658e-07 9 0.8747285625
2017-06-12 21:25:34.002771 UTC - adsb_thread - INFO - d8d8669906539a aaa071 2.527434333e-07 10 0.0354640625
2017-06-12 21:25:34.003725 UTC - adsb_thread - INFO - 9a7dd4e4d29d2f 85d862 2.354061621e-07 10 0.0595210625
2017-06-12 21:25:34.103096 UTC - adsb_thread - INFO - e6d032bdf56034 f5104c 2.096864193e-07 10 0.0753738125
2017-06-12 21:25:34.203703 UTC - adsb_thread - INFO - cd5f6fdf2e2007 0ffd7f 2.056310677e-07 10 0.2572153125
2017-06-12 21:25:34.304333 UTC - adsb_thread - INFO - 8149c9d39a5a5989a1d04e700605 01fb82 1.780972383e-07 10 0.2968623125
2017-06-12 21:25:34.305444 UTC - adsb_thread - INFO - dc90b211761513 cb4974 2.29245444e-07 10 0.3180770625
2017-06-12 21:25:34.308959 UTC - adsb_thread - INFO - e3b393274a7e44 d92d59 2.417122573e-07 10 0.3617568125
2017-06-12 21:25:34.309818 UTC - adsb_thread - INFO - 048e1c9d978e90 c0fcb4 2.46359491e-07 10 0.3756293125
2017-06-12 21:25:34.310911 UTC - adsb_thread - INFO - 943dc5e4a73a1a cc43fe 2.553919103e-07 10 0.3779648125
2017-06-12 21:25:34.506186 UTC - adsb_thread - INFO - 2218f13906926f c9443c 1.742842954e-07 10 0.4095810625
2017-06-12 21:25:34.507134 UTC - adsb_thread - INFO - eb29eae4e152a8 b74d3a 2.877477527e-07 10 0.4463078125
2017-06-12 21:25:34.707434 UTC - adsb_thread - INFO - 96f016cee51ad1 9bb950 2.44574494e-07 10 0.6530298125
2017-06-12 21:25:34.708377 UTC - adsb_thread - INFO - 7cf4df081b8484 241182 2.308947273e-07 10 0.7066463125
2017-06-12 21:25:34.709133 UTC - adsb_thread - INFO - f7bfc69572469b 048acc 1.88749766e-07 10 0.7732443125
2017-06-12 21:25:34.908391 UTC - adsb_thread - INFO - 0a8d09ebf851f3 352bca 3.467933141e-07 10 0.8927428125
2017-06-12 21:25:35.109290 UTC - adsb_thread - INFO - a905b859bac8d11963da20e4dc29 01b250 2.738837281e-07 11 0.0056993125
2017-06-12 21:25:35.110298 UTC - adsb_thread - INFO - 97f27dad5ea665 cd4c6c 2.524522529e-07 11 0.0605535625
2017-06-12 21:25:35.111145 UTC - adsb_thread - INFO - fcd0d83d45682a dd98b1 2.848274221e-07 11 0.1336688125
2017-06-12 21:25:35.310615 UTC - adsb_thread - INFO - cc0ee84b7cf666 f850c4 2.651424893e-07 11 0.2762505625
2017-06-12 21:25:35.311563 UTC - adsb_thread - INFO - daa61b8c68af1e d852ca 2.437884916e-07 11 0.3610723125
2017-06-12 21:25:35.312390 UTC - adsb_thread - INFO - 868b68c6d5338a6b727bc98f4720 24af13 3.926055854e-07 11 0.3615108125
2017-06-12 21:25:35.411665 UTC - adsb_thread - INFO - 7b8fa6a346b7a3 e5e429 2.54703167e-07 11 0.4642273125
2017-06-12 21:25:35.412583 UTC - adsb_thread - INFO - 36c835976508c6 bc671a 2.971390529e-07 11 0.4766678125
2017-06-12 21:25:35.413396 UTC - adsb_thread - INFO - 1e14e91eb7b4be 7f70dc 2.275282469e-07 11 0.4774198125
2017-06-12 21:25:35.415782 UTC - adsb_thread - INFO - 654dc465f7a9ef 9200de 3.234310384e-07 11 0.4848778125
2017-06-12 21:25:35.416595 UTC - adsb_thread - INFO - f1c14e1d864fac d61d7c 2.044378249e-07 11 0.4904930625
2017-06-12 21:25:35.417297 UTC - adsb_thread - INFO - 7073e35b42552f d34f3d 2.275282611e-07 11 0.5007698125
2017-06-12 21:25:35.513266 UTC - adsb_thread - INFO - 8548d42b07a43010ace25a0b4664 cbe60b 1.94493353e-07 11 0.5276235625
2017-06-12 21:25:35.514218 UTC - adsb_thread - INFO - e454118d28c6ff 8f6a69 3.185899686e-07 11 0.5360253125
2017-06-12 21:25:35.515022 UTC - adsb_thread - INFO - df88bd29b1095c 98a952 2.520835665e-07 11 0.5580830625
2017-06-12 21:25:35.614717 UTC - adsb_thread - INFO - 71325f3e72ad7c dd3eec 2.344262526e-07 11 0.5977585625
2017-06-12 21:25:35.615672 UTC - adsb_thread - INFO - 3bcf4ca6daf73f 240350 2.841578919e-07 11 0.6905048125
2017-06-12 21:25:35.715171 UTC - adsb_thread - INFO - f610042f806291 a26c37 2.548972304e-07 11 0.7508710625
2017-06-12 21:25:35.815682 UTC - adsb_thread - INFO - a1953e34240d490c887824e0c690 8e642a 2.542084587e-07 11 0.7918515625
2017-06-12 21:25:35.816847 UTC - adsb_thread - INFO - 64fd9beb8836f2 751017 2.163128556e-07 11 0.8625103125
2017-06-12 21:25:35.817684 UTC - adsb_thread - INFO - a8f287c217ca1d0f0d7e2424f9aa 4155be 2.659379561e-07 11 0.9012403125
2017-06-12 21:25:36.016976 UTC - adsb_thread - INFO - e423da5c69ab45 e199b8 2.498909453e-07 12 0.0707200625
2017-06-12 21:25:36.017940 UTC - adsb_thread - INFO - 144903f1be1151 afe56c 3.116337837e-07 12 0.0828158125
2017-06-12 21:25:36.018776 UTC - adsb_thread - INFO - ab4cdb87177e6538d360e79f07d9 e76757 2.337180263e-07 12 0.1157625625
2017-06-12 21:25:36.117967 UTC - adsb_thread - INFO - ff458c890b107a 405b60 2.675969313e-07 12 0.1419980625
2017-06-12 21:25:36.118939 UTC - adsb_thread - INFO - 3b0adca9219a82 637f3b 2.475432552e-07 12 0.1498753125
2017-06-12 21:25:36.119750 UTC - adsb_thread - INFO - 015bb52c61814c 7520d1 2.676455324e-07 12 0.1573528125
2017-06-12 21:25:36.218987 UTC - adsb_thread - INFO - 816a0d59c8634ef674418ca197bd d844f4 1.720044622e-07 12 0.2350010625
2017-06-12 21:25:36.320209 UTC - adsb_thread - INFO - af9940b6868c72161a8e5d6057ed c06918 1.849950877e-07 12 0.2850228125
2017-06-12 21:25:36.321177 UTC - adsb_thread - INFO - ada1114a8655f5dd8ae695b389fe d77dcd 2.367062137e-07 12 0.3319475625
2017-06-12 21:25:36.321899 UTC - adsb_thread - INFO - 3206a980bb69bc 41f685 2.274407791e-07 12 0.3843465625
2017-06-12 21:25:36.322571 UTC - adsb_thread - INFO - da9524e32ac09c 6d4ba3 3.277873475e-07 12 0.4382258125
2017-06-12 21:25:36.421354 UTC - adsb_thread - INFO - f307f517e4ed48 eada9d 3.561167432e-07 12 0.4397525625
2017-06-12 21:25:36.422310 UTC - adsb_thread - INFO - 2c040ed5dbd727 cce3e6 2.593601209e-07 12 0.4597715625
2017-06-12 21:25:36.423126 UTC - adsb_thread - INFO - a54df007f6ef9ba8254dbbc720c2 f49eb8 2.862827273e-07 12 0.4617118125
2017-06-12 21:25:36.522240 UTC - adsb_thread - INFO - ddcd3943bbe2e8 b6cdd4 2.909008856e-07 12 0.5503860625
2017-06-12 21:25:36.523180 UTC - adsb_thread - INFO - cdd19e208ec0ce a84faa 2.319621046e-07 12 0.5591605625
2017-06-12 21:25:36.523911 UTC - adsb_thread - INFO - b5bdcf2e44e93f 0691ad 2.310015077e-07 12 0.5735123125
2017-06-12 21:25:36.524638 UTC - adsb_thread - INFO - 34c635a6df88d6 ed9343 2.148478018e-07 12 0.5852690625
2017-06-12 21:25:36.622779 UTC - adsb_thread - INFO - 64bb62b539d9dc 44acab 1.971418442e-07 12 0.6307135625
2017-06-12 21:25:36.623765 UTC - adsb_thread - INFO - 67a93c6fa39573 a8137e 2.971295032e-07 12 0.6327645625
2017-06-12 21:25:36.624512 UTC - adsb_thread - INFO - 4679ec35ff4175 84ab62 2.919389317e-07 12 0.6479448125
2017-06-12 21:25:36.625207 UTC - adsb_thread - INFO - eddd71f521a8bb c48b74 2.1083126e-07 12 0.6691025625
2017-06-12 21:25:36.724382 UTC - adsb_thread - INFO - 3e342c5186129e c44c14 3.191624103e-07 12 0.7042713125
2017-06-12 21:25:36.725337 UTC - adsb_thread - INFO - f0e197287bde2a a0c161 2.340575378e-07 12 0.7253100625
2017-06-12 21:25:36.824726 UTC - adsb_thread - INFO - f0ddc88f40652f 65ba97 1.77321084e-07 12 0.7513763125
2017-06-12 21:25:36.825695 UTC - adsb_thread - INFO - 63d2c6f9d83682 26ea69 2.590301449e-07 12 0.8245808125
2017-06-12 21:25:36.826430 UTC - adsb_thread - INFO - 22e05a4f9a0ca4 6414b1 1.653489505e-07 12 0.8556570625
2017-06-12 21:25:36.925987 UTC - adsb_thread - INFO - 17c36c64e1849e f3d3cd 2.076490802e-07 12 0.9778608125
2017-06-12 21:25:36.926957 UTC - adsb_thread - INFO - a89b212a5edb8800834139f3518c 13cbe9 2.734277018e-07 13 0.0330048125
2017-06-12 21:25:37.026499 UTC - adsb_thread - INFO - 381aaca5de3c48 9fc655 1.335753552e-07 13 0.0436110625
2017-06-12 21:25:37.027471 UTC - adsb_thread - INFO - d22b820e63a804 addbde 2.138486082e-07 13 0.0537730625
2017-06-12 21:25:37.028277 UTC - adsb_thread - INFO - 2632ea5283c0ac aced3e 2.600294522e-07 13 0.1035363125
2017-06-12 21:25:37.127521 UTC - adsb_thread - INFO - 3f07a2fd868b22 cab20f 3.479865711e-07 13 0.1052945625
2017-06-12 21:25:37.228374 UTC - adsb_thread - INFO - 7defedba8f4b08 fa053c 2.871558706e-07 13 0.2700815625
2017-06-12 21:25:37.229316 UTC - adsb_thread - INFO - 97bea9b2ac38fd 4eef0c 1.903992768e-07 13 0.3270223125
2017-06-12 21:25:37.328923 UTC - adsb_thread - INFO - ff590ed0dc9012 0a80ed 2.938987222e-07 13 0.3452940625
2017-06-12 21:25:37.630216 UTC - adsb_thread - INFO - 1d880065c061d8 229637 3.945071398e-07 13 0.6931708125
2017-06-12 21:25:37.731590 UTC - adsb_thread - INFO - 0a2d8264b30403 b2ca92 2.48193146e-07 13 0.7198985625
2017-06-12 21:25:37.732551 UTC - adsb_thread - INFO - 1019b58bbc2964 54fb05 2.795302123e-07 13 0.7334228125
2017-06-12 21:25:37.733341 UTC - adsb_thread - INFO - 6ed6ff0ed32e18 643c1c 2.510844865e-07 13 0.7890920625
2017-06-12 21:25:37.734061 UTC - adsb_thread - INFO - 067f047108e2d9 68c296 2.413630398e-07 13 0.8078515625
2017-06-12 21:25:37.832446 UTC - adsb_thread - INFO - 1f3b9cf3ce66d2 497bdd 2.206108292e-07 13 0.8293630625
2017-06-12 21:25:37.833410 UTC - adsb_thread - INFO - 81ee827a022c81136533146dc238 eefed2 3.760832499e-07 13 0.8821178125
2017-06-12 21:25:37.834158 UTC - adsb_thread - INFO - 05124a9c7c9afa 292f27 2.466893818e-07 13 0.9053968125
2017-06-12 21:25:38.033415 UTC - adsb_thread - INFO - a6265ac9bf32bb49c56b0c99817b 532b34 1.605174305e-07 14 0.0095080625
2017-06-12 21:25:38.134446 UTC - adsb_thread - INFO - a3fc44ecc330414af0ebf70365bd d0565f 2.833140229e-07 14 0.0493828125
2017-06-12 21:25:38.135392 UTC - adsb_thread - INFO - 6106adecf6f4ff 0aa125 2.50541035e-07 14 0.1411263125
2017-06-12 21:25:38.136147 UTC - adsb_thread - INFO - 9aa247b63b7b98 96a8f2 2.529471317e-07 14 0.2099038125
2017-06-12 21:25:38.335763 UTC - adsb_thread - INFO - 61e064b6c7de17 ca04e4 2.973914093e-07 14 0.2862083125
2017-06-12 21:25:38.336733 UTC - adsb_thread - INFO - ca648c1a5ed131 1e9b22 3.567182887e-07 14 0.4103920625
2017-06-12 21:25:38.436103 UTC - adsb_thread - INFO - d43b386e0f2e39 adafe4 2.650646138e-07 14 0.4608425625
2017-06-12 21:25:38.536713 UTC - adsb_thread - INFO - 7371415810fb03 c2e959 2.104528818e-07 14 0.5152703125
2017-06-12 21:25:38.537658 UTC - adsb_thread - INFO - d367565808da5b 606e2f 2.884171693e-07 14 0.5174680625
2017-06-12 21:25:38.737841 UTC - adsb_thread - INFO - cefe516d376c55 44fca7 3.341031913e-07 14 0.8277460625
2017-06-12 21:25:38.738792 UTC - adsb_thread - INFO - 1f02d10049a505 f56532 2.684603828e-07 14 0.8384415625
2017-06-12 21:25:38.838657 UTC - adsb_thread - INFO - 797162a4bcc667 b08e11 3.059871574e-07 14 0.8609290625
2017-06-12 21:25:38.939244 UTC - adsb_thread - INFO - 0e18639f043563 475ecb 3.839901979e-07 14 0.9925008125
2017-06-12 21:25:39.140217 UTC - adsb_thread - INFO - c1f9f334950a95 93f378 1.888856787e-07 15 0.0039958125
2017-06-12 21:25:39.241416 UTC - adsb_thread - INFO - 6dda1fd62d8714 00a8c2 4.444329988e-07 15 0.0599383125
2017-06-12 21:25:39.242388 UTC - adsb_thread - INFO - 8159d8ed080e7e06705a428a390f 2382b3 1.68395303e-07 15 0.2992633125
2017-06-12 21:25:39.243210 UTC - adsb_thread - INFO - 839ebe8bb9f492f539455a686b96 0911ac 2.916867174e-07 15 0.3002600625
2017-06-12 21:25:39.341869 UTC - adsb_thread - INFO - 629ba048f344f8 50d9e1 2.535098247e-07 15 0.3847400625
2017-06-12 21:25:39.442484 UTC - adsb_thread - INFO - 1e676f0275092a 64e446 1.726350263e-07 15 0.4744123125
2017-06-12 21:25:39.543017 UTC - adsb_thread - INFO - f4015a0d264499 4aec71 2.164486972e-07 15 0.4803583125
2017-06-12 21:25:39.544017 UTC - adsb_thread - INFO - a3eae1a41ac50d9a7cd8fc807794 ff7563 1.832584644e-07 15 0.5371135625
2017-06-12 21:25:39.544785 UTC - adsb_thread - INFO - 6c81491d7a3540 10e580 1.735082122e-07 15 0.5943030625
2017-06-12 21:25:39.545514 UTC - adsb_thread - INFO - 18f1c4f76a9867 c78580 2.874372171e-07 15 0.6294360625
2017-06-12 21:25:39.644414 UTC - adsb_thread - INFO - 0c7cc5b7c2d880 cc5400 2.685282823e-07 15 0.6666993125
2017-06-12 21:25:39.745017 UTC - adsb_thread - INFO - 4762fd2a827216 666a99 2.421198815e-07 15 0.7212845625
2017-06-12 21:25:39.845406 UTC - adsb_thread - INFO - a9140e3c2dc2f1e4e1785566061c 916f91 1.774471627e-07 15 0.8874210625
2017-06-12 21:25:39.946086 UTC - adsb_thread - INFO - ac5012e84fe952765ed55a1ef1ec 123d79 1.408613599e-07 15 0.9578345625
2017-06-12 21:25:40.046672 UTC - adsb_thread - INFO - c34a70e6ac795a 764581 1.985779363e-07 15 0.9909150625
2017-06-12 21:25:40.048868 UTC - adsb_thread - INFO - 4566f11348b946 7af566 2.78812422e-07 15 0.9934450625
2017-06-12 21:25:40.247877 UTC - adsb_thread - INFO - eceb9c7d61b9ca e15bfa 2.677618056e-07 16 0.1719688125
2017-06-12 21:25:40.248843 UTC - adsb_thread - INFO - 104caa49374a73 0cac2e 3.841260536e-07 16 0.2954748125
2017-06-12 21:25:40.348674 UTC - adsb_thread - INFO - a0a1cd730137e2b5d6257c23901f de232b 2.284109542e-07 16 0.3596055625
2017-06-12 21:25:40.349628 UTC - adsb_thread - INFO - f4ad4924a3986e 35305b 1.965210998e-07 16 0.3689073125
2017-06-12 21:25:40.449496 UTC - adsb_thread - INFO - 6b94cbe5cebfd2 70837e 1.989466369e-07 16 0.4427528125
2017-06-12 21:25:40.450513 UTC - adsb_thread - INFO - a350a05cf539a60484fdf29f67f4 9c748c 2.516277391e-07 16 0.4453623125
2017-06-12 21:25:40.451345 UTC - adsb_thread - INFO - a8a5b48d11670f76dba7b15d5acf 581f75 1.851601326e-07 16 0.5063398125
2017-06-12 21:25:40.550544 UTC - adsb_thread - INFO - 810781d13b079fc1a882af12845f ecba8a 2.190680988e-07 16 0.5604598125
2017-06-12 21:25:40.651641 UTC - adsb_thread - INFO - 17bc97068c40e4 f87867 2.132180441e-07 16 0.6433495625
2017-06-12 21:25:40.652669 UTC - adsb_thread - INFO - a0c38331b3fc5121363c70aa016d a5ac3b 1.4746837e-07 16 0.6768423125
2017-06-12 21:25:40.653431 UTC - adsb_thread - INFO - 5409fabc9a3af6 2754a2 1.915536529e-07 16 0.6852133125
2017-06-12 21:25:40.752415 UTC - adsb_thread - INFO - ad2b824a7986a06389a2415b18e1 858698 3.364801273e-07 16 0.7222798125
2017-06-12 21:25:40.853472 UTC - adsb_thread - INFO - 7e2136c3d8f5b5 0907de 3.047939003e-07 16 0.8007795625
2017-06-12 21:25:40.854447 UTC - adsb_thread - INFO - af40e5aaf1a8e32eb2e8982c7712 701c85 2.061161268e-07 16 0.8652568125
2017-06-12 21:25:40.855186 UTC - adsb_thread - INFO - 5791d81b8680c1 c54388 1.967442245e-07 16 0.8947335625
2017-06-12 21:25:40.954412 UTC - adsb_thread - INFO - e245fe4a211ebd b4e8ab 2.664036174e-07 16 0.8979285625
2017-06-12 21:25:40.955375 UTC - adsb_thread - INFO - f6b2321be43e15 8948e2 2.315351537e-07 16 0.9622235625
2017-06-12 21:25:40.956181 UTC - adsb_thread - INFO - a0da157c46a5b5270836be7dfd66 cbda16 2.414891753e-07 17 6.85625e-05
2017-06-12 21:25:41.255473 UTC - adsb_thread - INFO - e89780f3b8e820 731cba 2.202614127e-07 17 0.1360070625
2017-06-12 21:25:41.256448 UTC - adsb_thread - INFO - eb16a38dcb0293 b585d0 1.507088569e-07 17 0.3168528125
2017-06-12 21:25:41.257190 UTC - adsb_thread - INFO - 17e69255b339ad 2f07cc 2.931128904e-07 17 0.3198643125
2017-06-12 21:25:41.356447 UTC - adsb_thread - INFO - 7c2c1c001c6250 67136b 2.301283644e-07 17 0.3429100625
2017-06-12 21:25:41.557429 UTC - adsb_thread - INFO - e55e9c4e10d1b2 ada0eb 2.245205906e-07 17 0.5202793125
2017-06-12 21:25:41.558368 UTC - adsb_thread - INFO - 391702dd7871bd d796f7 2.16380684e-07 17 0.5454890625
2017-06-12 21:25:41.559187 UTC - adsb_thread - INFO - 80773bd463cd54361f24a4385178 d29974 2.314380367e-07 17 0.5888213125
2017-06-12 21:25:41.561777 UTC - adsb_thread - INFO - 21def79720cffe fda510 2.156822489e-07 17 0.6317543125
2017-06-12 21:25:41.562737 UTC - adsb_thread - INFO - a0c8e4db05622a9ae559ec0f6f73 82250d 2.467864419e-07 17 0.6653075625
2017-06-12 21:25:41.658774 UTC - adsb_thread - INFO - f3e7497aaef79f 176832 2.961204473e-07 17 0.7146048125
2017-06-12 21:25:41.659749 UTC - adsb_thread - INFO - a8bc87d52d0f89b16da259a6ac37 086c44 2.908232659e-07 17 0.7172138125
2017-06-12 21:25:41.759612 UTC - adsb_thread - INFO - dbe52ccca18f80 51347f 3.111970841e-07 17 0.7578608125
2017-06-12 21:25:41.860267 UTC - adsb_thread - INFO - da57406aa0faa7 1e5d5b 2.935202588e-07 17 0.7786448125
2017-06-12 21:25:41.861241 UTC - adsb_thread - INFO - e0dc939c112dec 87cd66 2.176323335e-07 17 0.8690838125
2017-06-12 21:25:41.961057 UTC - adsb_thread - INFO - 1dddee21a14763 c2afe2 2.64191641e-07 17 0.9774975625
2017-06-12 21:25:41.962020 UTC - adsb_thread - INFO - f3ef4289e2336b ad3894 2.405869282e-07 17 0.9918768125
2017-06-12 21:25:42.061869 UTC - adsb_thread - INFO - d3748ca34d6c8b 1debac 3.156114587e-07 18 0.0463288125
2017-06-12 21:25:42.062848 UTC - adsb_thread - INFO - a379939dda0554b2b4d021a60d65 99426a 1.368254061e-07 18 0.1219698125
2017-06-12 21:25:42.162697 UTC - adsb_thread - INFO - 1046659c887d04 e2ec22 2.63706454e-07 18 0.1629545625
2017-06-12 21:25:42.263318 UTC - adsb_thread - INFO - 4b60eab9c757f9 05faa3 2.17370399e-07 18 0.1662618125
2017-06-12 21:25:42.264293 UTC - adsb_thread - INFO - a2f1b5aafb95bfa506cae315a7e6 83e692 2.376763177e-07 18 0.2022658125
2017-06-12 21:25:42.364121 UTC - adsb_thread - INFO - d949be5e9400a5 c7e353 2.684992069e-07 18 0.3366033125
2017-06-12 21:25:42.464721 UTC - adsb_thread - INFO - 0bda08ccd94151 b94baa 1.712864304e-07 18 0.4361108125
2017-06-12 21:25:42.565309 UTC - adsb_thread - INFO - f369696c858fcb aacfb9 2.686156222e-07 18 0.5274925625
2017-06-12 21:25:42.566255 UTC - adsb_thread - INFO - de84c7d360e364 f0e691 1.772434075e-07 18 0.5728575625
2017-06-12 21:25:42.567061 UTC - adsb_thread - INFO - 7779a2b3e5feca a5ad05 2.015854363e-07 18 0.5953155625
2017-06-12 21:25:42.666287 UTC - adsb_thread - INFO - 3b66a8c940d881 0c2a84 2.103365091e-07 18 0.5997183125
2017-06-12 21:25:42.667261 UTC - adsb_thread - INFO - d8e4403a19e13b 979f8e 2.929964182e-07 18 0.6160455625
2017-06-12 21:25:42.668089 UTC - adsb_thread - INFO - a992f60861488f07cf0316b01589 52df08 2.249960289e-07 18 0.7142425625
2017-06-12 21:25:42.767238 UTC - adsb_thread - INFO - 033d331b49e1b3 ca0b1d 3.844560581e-07 18 0.7499063125
2017-06-12 21:25:42.768208 UTC - adsb_thread - INFO - 84e5347a780d356ea277b7c46591 c358f4 1.628653337e-07 18 0.7887765625
2017-06-12 21:25:42.769022 UTC - adsb_thread - INFO - ce4cda70fd20d4 83121f 2.891351301e-07 18 0.8044773125
2017-06-12 21:25:42.868297 UTC - adsb_thread - INFO - d90b9833850510 a021bc 3.029602169e-07 18 0.8676218125
2017-06-12 21:25:42.969240 UTC - adsb_thread - INFO - 141185b2074764 0efb45 2.402375969e-07 18 0.9589615625
2017-06-12 21:25:42.970839 UTC - adsb_thread - INFO - 0495a709a658bf 1698c3 2.491342741e-07 18 0.9679848125
2017-06-12 21:25:42.971777 UTC - adsb_thread - INFO - 34121977021ff2 3762f4 2.390831355e-07 19 0.0004395625
2017-06-12 21:25:43.070233 UTC - adsb_thread - INFO - db4009d6f2c515 9f700d 2.513656909e-07 19 0.0419883125
2017-06-12 21:25:43.071263 UTC - adsb_thread - INFO - a4de06455dc9775765da6d1ac78c ea22f5 1.948329782e-07 19 0.0642585625
2017-06-12 21:25:43.072014 UTC - adsb_thread - INFO - 46175f5017f57b 29d4db 2.514044866e-07 19 0.1367738125
2017-06-12 21:25:43.171419 UTC - adsb_thread - INFO - 916b9c5e24a688 54e8fa 2.766099669e-07 19 0.1784748125
2017-06-12 21:25:43.172366 UTC - adsb_thread - INFO - 848d52a51cc7d08f1a97ed0facfb 8e79cb 1.7969802e-07 19 0.1854623125
2017-06-12 21:25:43.173127 UTC - adsb_thread - INFO - a0e5f2c3c4d820b291ae3fdd0cda 456e9d 2.783757509e-07 19 0.1927398125
2017-06-12 21:25:43.173825 UTC - adsb_thread - INFO - aade519230965907d8b06bd132df 52e796 1.346909642e-07 19 0.1957120625
2017-06-12 21:25:43.372697 UTC - adsb_thread - INFO - 41b97d3da01fe9 7f4e70 2.286537324e-07 19 0.2289140625
2017-06-12 21:25:43.373642 UTC - adsb_thread - INFO - 40ea1f4b98e9c3 71d4b6 2.464275326e-07 19 0.2674925625
2017-06-12 21:25:43.374403 UTC - adsb_thread - INFO - 4a8e9237d2a503 8904c8 3.788581182e-07 19 0.4251895625
2017-06-12 21:25:43.473466 UTC - adsb_thread - INFO - 56c3578ef29388 8dcfd1 3.924794214e-07 19 0.4283568125
2017-06-12 21:25:43.674499 UTC - adsb_thread - INFO - caea799abaad4e 388101 2.098416729e-07 19 0.5850718125
2017-06-12 21:25:43.675441 UTC - adsb_thread - INFO - 2c04d91eb08756 13ceff 2.388503617e-07 19 0.7063625625
2017-06-12 21:25:43.775021 UTC - adsb_thread - INFO - 655bd75791255f f6c20b 2.921136115e-07 19 0.7329915625
2017-06-12 21:25:43.875626 UTC - adsb_thread - INFO - 70396838bfa75d b78ff1 1.838892132e-07 19 0.8379108125
2017-06-12 21:25:43.876604 UTC - adsb_thread - INFO - 9b2b3e9ef2e59e 207d04 3.539338422e-07 19 0.9524988125
2017-06-12 21:25:43.877406 UTC - adsb_thread - INFO - 4810c8366f9380 1900c5 2.828386414e-07 19 0.9780850625
2017-06-12 21:25:43.977756 UTC - adsb_thread - INFO - 477781e9f6413e e4bb4d 2.135284802e-07 19 0.9954240625
2017-06-12 21:25:43.978716 UTC - adsb_thread - INFO - 0d55359692123e 34580b 3.011653007e-07 20 0.0038475625
2017-06-12 21:25:43.979512 UTC - adsb_thread - INFO - 49c90c3c6ce7f7 528506 2.514336188e-07 20 0.0156143125
2017-06-12 21:25:43.980276 UTC - adsb_thread - INFO - 712c54f6c444bb 9247f9 3.054342699e-07 20 0.0171418125
2017-06-12 21:25:43.981114 UTC - adsb_thread - INFO - 9ca8d5ddf60c37 2ed3b7 3.209862598e-07 20 0.0434580625
2017-06-12 21:25:43.981924 UTC - adsb_thread - INFO - 6db5fdcca9a96f a3c69d 3.238678232e-07 20 0.0444583125
2017-06-12 21:25:44.078068 UTC - adsb_thread - INFO - a5ae0cab18b74b89581f4f8a080b 05bb94 2.599809363e-07 20 0.0847368125
2017-06-12 21:25:44.279044 UTC - adsb_thread - INFO - 4e295677f1d16e 35fdfc 2.705657494e-07 20 0.2188950625
2017-06-12 21:25:44.280002 UTC - adsb_thread - INFO - 986fa828e55bc9 cd8b51 1.790964461e-07 20 0.2276940625
2017-06-12 21:25:44.280863 UTC - adsb_thread - INFO - 28b6afdc906cd0 77e483 2.677134603e-07 20 0.3194208125
2017-06-12 21:25:44.380074 UTC - adsb_thread - INFO - aaea5f9300eb399cada94ef65b03 a7bf04 1.812309165e-07 20 0.3406393125
2017-06-12 21:25:44.480742 UTC - adsb_thread - INFO - 7945170adb3928 eaa4c9 2.130336156e-07 20 0.4713775625
2017-06-12 21:25:44.481732 UTC - adsb_thread - INFO - a2d5b3027678bb4d92cd834162aa 7079a7 2.416639404e-07 20 0.4968643125
2017-06-12 21:25:44.482532 UTC - adsb_thread - INFO - 31b2c92a8a6a50 0df810 3.561265203e-07 20 0.5216313125
2017-06-12 21:25:44.581733 UTC - adsb_thread - INFO - d90de049dbb3fd 02d8b3 3.43601414e-07 20 0.5529635625
2017-06-12 21:25:44.682394 UTC - adsb_thread - INFO - ee77633018cf4e 5c13e5 1.817547712e-07 20 0.6766175625
2017-06-12 21:25:44.683345 UTC - adsb_thread - INFO - 20e35720722129 760a41 2.54295685e-07 20 0.7274095625
2017-06-12 21:25:44.783243 UTC - adsb_thread - INFO - ebfe5f02555d92 8b00b8 2.012459248e-07 20 0.7431028125
2017-06-12 21:25:44.784218 UTC - adsb_thread - INFO - a7a7f42114ac73863553de625380 7e52ca 1.942604797e-07 20 0.7703515625
2017-06-12 21:25:44.785031 UTC - adsb_thread - INFO - 1e73ed624236ad 5e8721 2.993221528e-07 20 0.7965618125
2017-06-12 21:25:44.884244 UTC - adsb_thread - INFO - cedbab59345108 0e52f7 2.744658616e-07 20 0.8332078125
2017-06-12 21:25:44.984831 UTC - adsb_thread - INFO - b61e9d63e47015 1f7f14 2.25034853e-07 20 0.9176630625
2017-06-12 21:25:44.985789 UTC - adsb_thread - INFO - c79dab4ffaee82 edcb9e 2.920360203e-07 20 0.9581705625
2017-06-12 21:25:44.986609 UTC - adsb_thread - INFO - aac1ddd0b1ea831fc970d73b3ee3 8de1e6 2.675678274e-07 21 0.0587445625
2017-06-12 21:25:44.987317 UTC - adsb_thread - INFO - 466d5263c0a18d 21d436 2.97517488e-07 21 0.0604368125
2017-06-12 21:25:45.086036 UTC - adsb_thread - INFO - 805e59f65a546e6c739af5265d22 da1bf6 2.883491561e-07 21 0.0942073125
2017-06-12 21:25:45.086992 UTC - adsb_thread - INFO - 3accff13e41ae8 eb1e2d 1.698796979e-07 21 0.1401165625
2017-06-12 21:25:45.087819 UTC - adsb_thread - INFO - ac6e2519602af75dc53b2c4c081b 77777d 1.617979706e-07 21 0.1440185625
2017-06-12 21:25:45.187027 UTC - adsb_thread - INFO - aa65a0c70d8a6f17ac5ecb75a826 15dd23 3.412923775e-07 21 0.1577568125
2017-06-12 21:25:45.187985 UTC - adsb_thread - INFO - 2cea8a3652784e 191df1 2.347366461e-07 21 0.2091050625
2017-06-12 21:25:45.188790 UTC - adsb_thread - INFO - b10d29a55d79c2 a5a709 2.827318042e-07 21 0.2369345625
2017-06-12 21:25:45.189509 UTC - adsb_thread - INFO - b876201e50eeda ce1325 2.495320359e-07 21 0.2709603125
2017-06-12 21:25:45.190225 UTC - adsb_thread - INFO - 7baa3d9d945cd3 3231b8 3.498009278e-07 21 0.2731233125
2017-06-12 21:25:45.388662 UTC - adsb_thread - INFO - 175bb15508d047 9ea776 2.268005517e-07 21 0.2948705625
2017-06-12 21:25:45.389631 UTC - adsb_thread - INFO - dcd4c6e0ce9565 ae128e 2.171084219e-07 21 0.4126990625
2017-06-12 21:25:45.489913 UTC - adsb_thread - INFO - 9c858738d590c0 66d719 3.538076498e-07 21 0.4262905625
2017-06-12 21:25:45.490967 UTC - adsb_thread - INFO - a68df524d4a3df1a936acdb6c101 a6ee47 2.574486189e-07 21 0.4797670625
2017-06-12 21:25:45.590292 UTC - adsb_thread - INFO - e41f180a78f2d5 abcfbe 2.018375653e-07 21 0.5029478125
2017-06-12 21:25:45.591248 UTC - adsb_thread - INFO - bb341540d560eb 4d5a41 2.007608089e-07 21 0.5517873125
2017-06-12 21:25:45.591992 UTC - adsb_thread - INFO - c29d98cde85749 b0ea18 3.245663152e-07 21 0.5673733125
2017-06-12 21:25:45.691549 UTC - adsb_thread - INFO - 721a333fa3fbfd aed3ab 3.134868507e-07 21 0.7063343125
2017-06-12 21:25:45.692491 UTC - adsb_thread - INFO - 7014ed9c21fdfa f15ad0 2.344650625e-07 21 0.7215320625
2017-06-12 21:25:45.792162 UTC - adsb_thread - INFO - 928a811daa71c4 d48826 1.964142768e-07 21 0.8225495625
2017-06-12 21:25:45.993043 UTC - adsb_thread - INFO - 91dca02cbb1786 0c30bd 2.008286799e-07 21 0.8968265625
2017-06-12 21:25:45.994016 UTC - adsb_thread - INFO - 8089387f20aeb5adb9a981270b96 3c0473 1.979472302e-07 21 0.9654050625
2017-06-12 21:25:45.994827 UTC - adsb_thread - INFO - 2e29c6aba20993 049eef 2.373658816e-07 22 0.0096518125
2017-06-12 21:25:46.094039 UTC - adsb_thread - INFO - c256d3954b6c33 161210 2.584868923e-07 22 0.0099658125
2017-06-12 21:25:46.094993 UTC - adsb_thread - INFO - 54dca2d110f54f 3b6420 2.487753079e-07 22 0.0270583125
2017-06-12 21:25:46.095795 UTC - adsb_thread - INFO - b0098eb6fe5045 085ebe 3.323665965e-07 22 0.1301735625
2017-06-12 21:25:46.096502 UTC - adsb_thread - INFO - 7d0966be0eae46 e9cbb0 2.361241656e-07 22 0.1424785625
2017-06-12 21:25:46.195235 UTC - adsb_thread - INFO - 09e138df81f1ee 777382 1.908552036e-07 22 0.1824425625
2017-06-12 21:25:46.196228 UTC - adsb_thread - INFO - cbb5a18ff90996 a2ebd6 2.620474788e-07 22 0.2192803125
2017-06-12 21:25:46.197006 UTC - adsb_thread - INFO - 82090d684a49bab3399eb3ae0f8e fbdf23 1.738574156e-07 22 0.2521010625
2017-06-12 21:25:46.197713 UTC - adsb_thread - INFO - 7bda2b5db9c55d cd18fd 3.225774492e-07 22 0.2524355625
2017-06-12 21:25:46.296400 UTC - adsb_thread - INFO - b529dace53a05e c26ee5 4.247669949e-07 22 0.2642050625
2017-06-12 21:25:46.297337 UTC - adsb_thread - INFO - 9fcf07c737b567 041337 2.225317957e-07 22 0.3164520625
2017-06-12 21:25:46.397216 UTC - adsb_thread - INFO - 209bc88e57b089 6aee17 1.958613609e-07 22 0.3749975625
2017-06-12 21:25:46.497806 UTC - adsb_thread - INFO - b002e0ca91a1a3 0b16da 1.555791869e-07 22 0.4091615625
2017-06-12 21:25:46.498797 UTC - adsb_thread - INFO - 17c968e506b7fd a12eed 2.018376648e-07 22 0.5107025625
2017-06-12 21:25:46.598850 UTC - adsb_thread - INFO - fa0d4277fb9063 04a083 2.649190378e-07 22 0.5837703125
2017-06-12 21:25:46.599773 UTC - adsb_thread - INFO - 09da975881b998 f2134f 4.040148553e-07 22 0.5995328125
2017-06-12 21:25:46.699647 UTC - adsb_thread - INFO - 45d8b1b4c89464 4f2018 3.106441397e-07 22 0.6301460625
2017-06-12 21:25:46.700660 UTC - adsb_thread - INFO - a9097be34229d1f0eb68900a0262 074d6c 1.741872779e-07 22 0.6639700625
2017-06-12 21:25:46.800617 UTC - adsb_thread - INFO - afe59c8218b560479574668dcec5 063dee 2.156918129e-07 22 0.7630418125
2017-06-12 21:25:46.801526 UTC - adsb_thread - INFO - b3a50e47298ffb 564d98 3.305039513e-07 22 0.7745720625
2017-06-12 21:25:46.802270 UTC - adsb_thread - INFO - ad8558371ce0305f15fa1dbfd99e 9b30f2 2.733598876e-07 22 0.8351333125
2017-06-12 21:25:46.901178 UTC - adsb_thread - INFO - 1c607decc9b1a2 5758fe 2.398302001e-07 22 0.8466343125
2017-06-12 21:25:47.002261 UTC - adsb_thread - INFO - 6f6fb608f2c611 7dae24 2.108798896e-07 22 0.9911943125
2017-06-12 21:25:47.003216 UTC - adsb_thread - INFO - 23565440ff4bcb df8ad7 2.808012027e-07 23 0.0182010625
2017-06-12 21:25:47.102592 UTC - adsb_thread - INFO - d2dab4d58ddb8d b7f4df 2.612713388e-07 23 0.0403328125
2017-06-12 21:25:47.103527 UTC - adsb_thread - INFO - 2511c0a51895b7 b0f8df 3.622484144e-07 23 0.0543073125
2017-06-12 21:25:47.303741 UTC - adsb_thread - INFO - 2ad2db9ab04eca 616c16 1.815608073e-07 23 0.2094860625
2017-06-12 21:25:47.304704 UTC - adsb_thread - INFO - b44bec9b88987d e099e2 3.462015457e-07 23 0.2981055625
2017-06-12 21:25:47.404561 UTC - adsb_thread - INFO - 4d6219a3fb026a 939648 2.064362832e-07 23 0.3755558125
2017-06-12 21:25:47.405553 UTC - adsb_thread - INFO - f52d597ffa484d b13a40 2.196502606e-07 23 0.3977890625
2017-06-12 21:25:47.406315 UTC - adsb_thread - INFO - 3fa638e52e385d b58225 2.471745688e-07 23 0.4292055625
2017-06-12 21:25:47.505993 UTC - adsb_thread - INFO - 78328b850e3941 8e80f3 2.383652742e-07 23 0.4806553125
2017-06-12 21:25:47.506952 UTC - adsb_thread - INFO - e70203f2b9e735 18c8d2 2.78453399e-07 23 0.5352950625
2017-06-12 21:25:47.606367 UTC - adsb_thread - INFO - bfde1f8c71c691 7e39d1 3.39546034e-07 23 0.5628100625
2017-06-12 21:25:47.607379 UTC - adsb_thread - INFO - 9f85551cc00e8c 77ec10 2.880290992e-07 23 0.5991480625
2017-06-12 21:25:47.807917 UTC - adsb_thread - INFO - b9535ec5fd656b 3a34b6 2.501529366e-07 23 0.8026228125
2017-06-12 21:25:47.808875 UTC - adsb_thread - INFO - ed85c3adfa1b1c 1ea260 1.686281337e-07 23 0.8243250625
2017-06-12 21:25:47.908813 UTC - adsb_thread - INFO - 2f56ecbac30e29 be0c7a 2.538979516e-07 23 0.8985775625
2017-06-12 21:25:47.909774 UTC - adsb_thread - INFO - 205783e668686f 70f92c 2.302739119e-07 23 0.9064390625
2017-06-12 21:25:48.009324 UTC - adsb_thread - INFO - d673d93a084d4a afe65a 1.984226969e-07 23 0.9477805625
2017-06-12 21:25:48.010354 UTC - adsb_thread - INFO - a9a4b2b4e20caf0817888b00d44e 68540c 2.179427412e-07 24 0.0123323125
2017-06-12 21:25:48.110078 UTC - adsb_thread - INFO - 3a5a3423a996a5 5be885 3.28902928e-07 24 0.0237568125
2017-06-12 21:25:48.111106 UTC - adsb_thread - INFO - acc86f3c22954e280245f180b1b5 058844 1.558023541e-07 24 0.0857798125
2017-06-12 21:25:48.111860 UTC - adsb_thread - INFO - ecea32fd8e60cf 974553 2.30642371e-07 24 0.1327340625
2017-06-12 21:25:48.112557 UTC - adsb_thread - INFO - d40671e0f476e7 9f535d 1.499423092e-07 24 0.1379503125
2017-06-12 21:25:48.113275 UTC - adsb_thread - INFO - 84522e6b7ba4dea982e376ed372a ebc315 4.098651516e-07 24 0.1750318125
2017-06-12 21:25:48.212031 UTC - adsb_thread - INFO - 1011268748ccaf c52a38 2.17952433e-07 24 0.1860165625
2017-06-12 21:25:48.212971 UTC - adsb_thread - INFO - 03548a4d132503 6697a7 2.296238222e-07 24 0.2146720625
2017-06-12 21:25:48.213708 UTC - adsb_thread - INFO - 6deadbd81b7740 139ad8 1.870714073e-07 24 0.2267015625
2017-06-12 21:25:48.214378 UTC - adsb_thread - INFO - 6da57c7e31f228 17ffdd 2.349307664e-07 24 0.2288713125
2017-06-12 21:25:48.312681 UTC - adsb_thread - INFO - 81446c1638c0e448c2e1ebb17b8f 2b0ddf 1.9497854e-07 24 0.3482128125
2017-06-12 21:25:48.513498 UTC - adsb_thread - INFO - 2f6d8ff549c6fe 78dbec 3.400698461e-07 24 0.3901303125
2017-06-12 21:25:48.514484 UTC - adsb_thread - INFO - 9943c0c2387384 105916 2.731561324e-07 24 0.5312565625
2017-06-12 21:25:48.515231 UTC - adsb_thread - INFO - ee614e5f02d1b3 32419f 2.908329577e-07 24 0.5699300625
2017-06-12 21:25:48.515923 UTC - adsb_thread - INFO - 4140905e6f705d 2bb236 2.42643722e-07 24 0.5896710625
2017-06-12 21:25:48.614652 UTC - adsb_thread - INFO - a144e7e5facf1a2535bfc4118730 6784a2 2.69741065e-07 24 0.5910015625
2017-06-12 21:25:48.715243 UTC - adsb_thread - INFO - aef4fe6b7acaccef3bb53c873cd4 d7422d 2.040787876e-07 24 0.6204290625
